<?xml version="1.0" encoding="UTF-8"?>
<coverage generated="1461667357039" clover="3.2.0">
	<project timestamp="1461667357039"  name="All Files" >
		<metrics statements="7206"  coveredstatements="2848"  conditionals="5013"  coveredconditionals="1249"  methods="1575"  coveredmethods="630"  elements="13794"  coveredelements="4727"  complexity="0"  packages="7"  files="9"  classes="9"  loc="30867"  ncloc="30867" />
		<package name="app" >
			<metrics statements="2"  coveredstatements="2"  conditionals="0"  coveredconditionals="0"  methods="1"  coveredmethods="1" />
			<file name="app.js"  path="c:\Users\mbiel\Desktop\WORKSPACE\FIXED_ISTANBUL\app\app.js" >
				<metrics statements="2"  coveredstatements="2"  conditionals="0"  coveredconditionals="0"  methods="1"  coveredmethods="1" />
				<line num="4"  count="1"  type="stmt" />
				<line num="11"  count="1"  type="stmt" />
			</file>
		</package>
		<package name="app.bower_components.angular-route" >
			<metrics statements="178"  coveredstatements="122"  conditionals="136"  coveredconditionals="53"  methods="34"  coveredmethods="24" />
			<file name="angular-route.js"  path="c:\Users\mbiel\Desktop\WORKSPACE\FIXED_ISTANBUL\app\bower_components\angular-route\angular-route.js" >
				<metrics statements="178"  coveredstatements="122"  conditionals="136"  coveredconditionals="53"  methods="34"  coveredmethods="24" />
				<line num="6"  count="1"  type="stmt" />
				<line num="24"  count="1"  type="stmt" />
				<line num="42"  count="1"  type="stmt" />
				<line num="43"  count="1"  type="stmt" />
				<line num="44"  count="1"  type="stmt" />
				<line num="47"  count="1"  type="stmt" />
				<line num="148"  count="1"  type="stmt" />
				<line num="150"  count="3"  type="stmt" />
				<line num="151"  count="3"  type="cond"  truecount="1"  falsecount="1" />
				<line num="152"  count="3"  type="stmt" />
				<line num="154"  count="3"  type="cond"  truecount="1"  falsecount="1" />
				<line num="155"  count="3"  type="stmt" />
				<line num="157"  count="3"  type="stmt" />
				<line num="163"  count="3"  type="cond"  truecount="2"  falsecount="0" />
				<line num="164"  count="2"  type="cond"  truecount="1"  falsecount="1" />
				<line num="168"  count="2"  type="stmt" />
				<line num="174"  count="3"  type="stmt" />
				<line num="186"  count="1"  type="stmt" />
				<line num="199"  count="1"  type="stmt" />
				<line num="200"  count="4"  type="stmt" />
				<line num="207"  count="4"  type="stmt" />
				<line num="210"  count="0"  type="cond"  truecount="0"  falsecount="4" />
				<line num="211"  count="0"  type="cond"  truecount="0"  falsecount="4" />
				<line num="212"  count="0"  type="stmt" />
				<line num="213"  count="0"  type="cond"  truecount="0"  falsecount="2" />
				<line num="214"  count="0"  type="stmt" />
				<line num="225"  count="4"  type="cond"  truecount="1"  falsecount="1" />
				<line num="226"  count="4"  type="stmt" />
				<line num="241"  count="1"  type="stmt" />
				<line num="242"  count="1"  type="cond"  truecount="1"  falsecount="1" />
				<line num="243"  count="0"  type="stmt" />
				<line num="245"  count="1"  type="stmt" />
				<line num="246"  count="1"  type="stmt" />
				<line num="250"  count="1"  type="stmt" />
				<line num="452"  count="1"  type="stmt" />
				<line num="470"  count="0"  type="stmt" />
				<line num="472"  count="0"  type="stmt" />
				<line num="475"  count="0"  type="stmt" />
				<line num="476"  count="0"  type="stmt" />
				<line num="480"  count="0"  type="stmt" />
				<line num="481"  count="0"  type="stmt" />
				<line num="482"  count="0"  type="cond"  truecount="0"  falsecount="2" />
				<line num="500"  count="0"  type="cond"  truecount="0"  falsecount="4" />
				<line num="501"  count="0"  type="stmt" />
				<line num="502"  count="0"  type="stmt" />
				<line num="504"  count="0"  type="stmt" />
				<line num="506"  count="0"  type="stmt" />
				<line num="511"  count="1"  type="stmt" />
				<line num="512"  count="1"  type="stmt" />
				<line num="514"  count="1"  type="stmt" />
				<line num="529"  count="1"  type="stmt" />
				<line num="530"  count="1"  type="stmt" />
				<line num="533"  count="1"  type="cond"  truecount="1"  falsecount="1" />
				<line num="535"  count="1"  type="stmt" />
				<line num="536"  count="1"  type="cond"  truecount="1"  falsecount="1" />
				<line num="538"  count="1"  type="stmt" />
				<line num="539"  count="0"  type="stmt" />
				<line num="541"  count="0"  type="stmt" />
				<line num="543"  count="0"  type="cond"  truecount="0"  falsecount="4" />
				<line num="544"  count="0"  type="stmt" />
				<line num="547"  count="1"  type="stmt" />
				<line num="550"  count="1"  type="stmt" />
				<line num="551"  count="1"  type="stmt" />
				<line num="553"  count="1"  type="stmt" />
				<line num="554"  count="1"  type="cond"  truecount="2"  falsecount="4" />
				<line num="558"  count="1"  type="cond"  truecount="4"  falsecount="1" />
				<line num="559"  count="1"  type="cond"  truecount="1"  falsecount="1" />
				<line num="560"  count="0"  type="cond"  truecount="0"  falsecount="2" />
				<line num="561"  count="0"  type="stmt" />
				<line num="567"  count="1"  type="stmt" />
				<line num="568"  count="1"  type="stmt" />
				<line num="569"  count="1"  type="stmt" />
				<line num="571"  count="1"  type="cond"  truecount="1"  falsecount="1" />
				<line num="572"  count="0"  type="stmt" />
				<line num="573"  count="0"  type="stmt" />
				<line num="574"  count="0"  type="stmt" />
				<line num="575"  count="1"  type="cond"  truecount="2"  falsecount="2" />
				<line num="576"  count="1"  type="stmt" />
				<line num="577"  count="1"  type="stmt" />
				<line num="578"  count="1"  type="cond"  truecount="1"  falsecount="1" />
				<line num="579"  count="1"  type="cond"  truecount="1"  falsecount="1" />
				<line num="580"  count="0"  type="cond"  truecount="0"  falsecount="2" />
				<line num="581"  count="0"  type="stmt" />
				<line num="584"  count="0"  type="stmt" />
				<line num="590"  count="1"  type="stmt" />
				<line num="592"  count="1"  type="cond"  truecount="1"  falsecount="1" />
				<line num="593"  count="1"  type="stmt" />
				<line num="596"  count="1"  type="stmt" />
				<line num="597"  count="0"  type="cond"  truecount="0"  falsecount="2" />
				<line num="601"  count="1"  type="cond"  truecount="1"  falsecount="1" />
				<line num="602"  count="0"  type="cond"  truecount="0"  falsecount="2" />
				<line num="603"  count="0"  type="stmt" />
				<line num="605"  count="1"  type="cond"  truecount="1"  falsecount="1" />
				<line num="606"  count="1"  type="cond"  truecount="1"  falsecount="1" />
				<line num="607"  count="0"  type="stmt" />
				<line num="609"  count="1"  type="cond"  truecount="1"  falsecount="1" />
				<line num="610"  count="1"  type="stmt" />
				<line num="611"  count="1"  type="stmt" />
				<line num="614"  count="1"  type="cond"  truecount="1"  falsecount="1" />
				<line num="615"  count="1"  type="stmt" />
				<line num="617"  count="1"  type="stmt" />
				<line num="622"  count="1"  type="cond"  truecount="1"  falsecount="1" />
				<line num="623"  count="1"  type="cond"  truecount="1"  falsecount="1" />
				<line num="624"  count="1"  type="stmt" />
				<line num="625"  count="1"  type="stmt" />
				<line num="627"  count="1"  type="stmt" />
				<line num="630"  count="0"  type="cond"  truecount="0"  falsecount="2" />
				<line num="631"  count="0"  type="stmt" />
				<line num="641"  count="1"  type="stmt" />
				<line num="643"  count="1"  type="stmt" />
				<line num="644"  count="1"  type="stmt" />
				<line num="645"  count="5"  type="cond"  truecount="4"  falsecount="0" />
				<line num="646"  count="1"  type="stmt" />
				<line num="649"  count="1"  type="stmt" />
				<line num="653"  count="1"  type="cond"  truecount="1"  falsecount="2" />
				<line num="659"  count="1"  type="stmt" />
				<line num="660"  count="0"  type="stmt" />
				<line num="661"  count="0"  type="cond"  truecount="0"  falsecount="2" />
				<line num="662"  count="0"  type="cond"  truecount="0"  falsecount="2" />
				<line num="663"  count="0"  type="stmt" />
				<line num="665"  count="0"  type="stmt" />
				<line num="666"  count="0"  type="stmt" />
				<line num="667"  count="0"  type="stmt" />
				<line num="668"  count="0"  type="cond"  truecount="0"  falsecount="2" />
				<line num="669"  count="0"  type="stmt" />
				<line num="672"  count="0"  type="stmt" />
				<line num="677"  count="1"  type="stmt" />
				<line num="713"  count="1"  type="stmt" />
				<line num="714"  count="1"  type="stmt" />
				<line num="717"  count="1"  type="stmt" />
				<line num="718"  count="1"  type="stmt" />
				<line num="893"  count="1"  type="stmt" />
				<line num="894"  count="1"  type="stmt" />
				<line num="895"  count="1"  type="stmt" />
				<line num="901"  count="1"  type="stmt" />
				<line num="907"  count="1"  type="stmt" />
				<line num="908"  count="1"  type="stmt" />
				<line num="910"  count="1"  type="stmt" />
				<line num="911"  count="2"  type="cond"  truecount="1"  falsecount="1" />
				<line num="912"  count="0"  type="stmt" />
				<line num="913"  count="0"  type="stmt" />
				<line num="916"  count="2"  type="cond"  truecount="1"  falsecount="1" />
				<line num="917"  count="0"  type="stmt" />
				<line num="918"  count="0"  type="stmt" />
				<line num="920"  count="2"  type="cond"  truecount="1"  falsecount="1" />
				<line num="921"  count="0"  type="stmt" />
				<line num="922"  count="0"  type="stmt" />
				<line num="923"  count="0"  type="stmt" />
				<line num="925"  count="0"  type="stmt" />
				<line num="929"  count="1"  type="stmt" />
				<line num="930"  count="2"  type="cond"  truecount="2"  falsecount="0" />
				<line num="933"  count="2"  type="cond"  truecount="2"  falsecount="0" />
				<line num="934"  count="1"  type="stmt" />
				<line num="935"  count="1"  type="stmt" />
				<line num="943"  count="1"  type="stmt" />
				<line num="944"  count="1"  type="cond"  truecount="2"  falsecount="0" />
				<line num="945"  count="1"  type="cond"  truecount="2"  falsecount="3" />
				<line num="947"  count="0"  type="stmt" />
				<line num="950"  count="1"  type="stmt" />
				<line num="953"  count="1"  type="stmt" />
				<line num="954"  count="1"  type="stmt" />
				<line num="955"  count="1"  type="stmt" />
				<line num="956"  count="1"  type="stmt" />
				<line num="958"  count="1"  type="stmt" />
				<line num="970"  count="1"  type="stmt" />
				<line num="971"  count="1"  type="stmt" />
				<line num="972"  count="1"  type="stmt" />
				<line num="976"  count="1"  type="stmt" />
				<line num="979"  count="1"  type="stmt" />
				<line num="981"  count="1"  type="stmt" />
				<line num="983"  count="1"  type="cond"  truecount="1"  falsecount="1" />
				<line num="984"  count="1"  type="stmt" />
				<line num="985"  count="1"  type="stmt" />
				<line num="986"  count="1"  type="cond"  truecount="1"  falsecount="1" />
				<line num="987"  count="0"  type="stmt" />
				<line num="989"  count="1"  type="stmt" />
				<line num="990"  count="1"  type="stmt" />
				<line num="993"  count="1"  type="stmt" />
			</file>
		</package>
		<package name="app.bower_components.angular" >
			<metrics statements="7008"  coveredstatements="2708"  conditionals="4514"  coveredconditionals="1086"  methods="1415"  coveredmethods="532" />
			<file name="angular.js"  path="c:\Users\mbiel\Desktop\WORKSPACE\FIXED_ISTANBUL\app\bower_components\angular\angular.js" >
				<metrics statements="7008"  coveredstatements="2708"  conditionals="4514"  coveredconditionals="1086"  methods="1415"  coveredmethods="532" />
				<line num="6"  count="1"  type="stmt" />
				<line num="38"  count="1"  type="stmt" />
				<line num="39"  count="20"  type="cond"  truecount="2"  falsecount="0" />
				<line num="40"  count="20"  type="stmt" />
				<line num="41"  count="0"  type="stmt" />
				<line num="43"  count="0"  type="stmt" />
				<line num="49"  count="0"  type="stmt" />
				<line num="50"  count="0"  type="stmt" />
				<line num="53"  count="0"  type="cond"  truecount="0"  falsecount="2" />
				<line num="54"  count="0"  type="stmt" />
				<line num="57"  count="0"  type="stmt" />
				<line num="60"  count="0"  type="stmt" />
				<line num="63"  count="0"  type="stmt" />
				<line num="64"  count="0"  type="stmt" />
				<line num="68"  count="0"  type="stmt" />
				<line num="185"  count="1"  type="stmt" />
				<line num="189"  count="1"  type="stmt" />
				<line num="201"  count="177"  type="cond"  truecount="1"  falsecount="1" />
				<line num="202"  count="1"  type="stmt" />
				<line num="214"  count="1"  type="cond"  truecount="1"  falsecount="1" />
				<line num="217"  count="1"  type="stmt" />
				<line num="219"  count="0"  type="cond"  truecount="0"  falsecount="2" />
				<line num="220"  count="0"  type="stmt" />
				<line num="223"  count="1"  type="stmt" />
				<line num="225"  count="0"  type="cond"  truecount="0"  falsecount="2" />
				<line num="226"  count="0"  type="stmt" />
				<line num="234"  count="1"  type="cond"  truecount="1"  falsecount="1" />
				<line num="235"  count="0"  type="stmt" />
				<line num="236"  count="0"  type="stmt" />
				<line num="240"  count="1"  type="stmt" />
				<line num="260"  count="1"  type="stmt" />
				<line num="269"  count="1"  type="stmt" />
				<line num="272"  count="27"  type="cond"  truecount="3"  falsecount="1" />
				<line num="278"  count="27"  type="cond"  truecount="6"  falsecount="0" />
				<line num="282"  count="26"  type="cond"  truecount="2"  falsecount="0" />
				<line num="286"  count="26"  type="cond"  truecount="3"  falsecount="2" />
				<line num="326"  count="1"  type="stmt" />
				<line num="327"  count="86"  type="stmt" />
				<line num="328"  count="86"  type="cond"  truecount="2"  falsecount="0" />
				<line num="329"  count="82"  type="cond"  truecount="1"  falsecount="1" />
				<line num="330"  count="0"  type="stmt" />
				<line num="333"  count="0"  type="cond"  truecount="0"  falsecount="7" />
				<line num="334"  count="0"  type="stmt" />
				<line num="337"  count="82"  type="cond"  truecount="4"  falsecount="0" />
				<line num="338"  count="59"  type="stmt" />
				<line num="339"  count="59"  type="stmt" />
				<line num="340"  count="130"  type="cond"  truecount="3"  falsecount="1" />
				<line num="341"  count="130"  type="stmt" />
				<line num="344"  count="23"  type="cond"  truecount="2"  falsecount="2" />
				<line num="345"  count="0"  type="stmt" />
				<line num="346"  count="23"  type="cond"  truecount="1"  falsecount="1" />
				<line num="348"  count="0"  type="stmt" />
				<line num="349"  count="0"  type="stmt" />
				<line num="351"  count="23"  type="cond"  truecount="1"  falsecount="1" />
				<line num="353"  count="23"  type="stmt" />
				<line num="354"  count="182"  type="cond"  truecount="1"  falsecount="1" />
				<line num="355"  count="182"  type="stmt" />
				<line num="360"  count="0"  type="stmt" />
				<line num="361"  count="0"  type="cond"  truecount="0"  falsecount="2" />
				<line num="362"  count="0"  type="stmt" />
				<line num="367"  count="86"  type="stmt" />
				<line num="370"  count="1"  type="stmt" />
				<line num="371"  count="0"  type="stmt" />
				<line num="372"  count="0"  type="stmt" />
				<line num="373"  count="0"  type="stmt" />
				<line num="375"  count="0"  type="stmt" />
				<line num="384"  count="1"  type="stmt" />
				<line num="385"  count="117"  type="stmt" />
				<line num="398"  count="1"  type="stmt" />
				<line num="399"  count="2"  type="stmt" />
				<line num="408"  count="1"  type="stmt" />
				<line num="409"  count="25"  type="cond"  truecount="1"  falsecount="1" />
				<line num="410"  count="0"  type="stmt" />
				<line num="412"  count="25"  type="stmt" />
				<line num="417"  count="1"  type="stmt" />
				<line num="418"  count="21"  type="stmt" />
				<line num="420"  count="21"  type="stmt" />
				<line num="421"  count="26"  type="stmt" />
				<line num="422"  count="26"  type="cond"  truecount="4"  falsecount="0" />
				<line num="423"  count="20"  type="stmt" />
				<line num="424"  count="20"  type="stmt" />
				<line num="425"  count="77"  type="stmt" />
				<line num="426"  count="77"  type="stmt" />
				<line num="428"  count="77"  type="cond"  truecount="2"  falsecount="2" />
				<line num="429"  count="0"  type="cond"  truecount="0"  falsecount="2" />
				<line num="430"  count="0"  type="stmt" />
				<line num="431"  count="0"  type="cond"  truecount="0"  falsecount="2" />
				<line num="432"  count="0"  type="stmt" />
				<line num="433"  count="0"  type="cond"  truecount="0"  falsecount="2" />
				<line num="434"  count="0"  type="stmt" />
				<line num="435"  count="0"  type="cond"  truecount="0"  falsecount="2" />
				<line num="436"  count="0"  type="stmt" />
				<line num="438"  count="0"  type="cond"  truecount="0"  falsecount="4" />
				<line num="439"  count="0"  type="stmt" />
				<line num="442"  count="77"  type="stmt" />
				<line num="447"  count="21"  type="stmt" />
				<line num="448"  count="21"  type="stmt" />
				<line num="469"  count="1"  type="stmt" />
				<line num="470"  count="21"  type="stmt" />
				<line num="492"  count="1"  type="stmt" />
				<line num="493"  count="0"  type="stmt" />
				<line num="498"  count="1"  type="stmt" />
				<line num="499"  count="2"  type="stmt" />
				<line num="503"  count="1"  type="stmt" />
				<line num="504"  count="0"  type="stmt" />
				<line num="523"  count="1"  type="stmt" />
				<line num="524"  count="1"  type="stmt" />
				<line num="545"  count="1"  type="stmt" />
				<line num="546"  count="1"  type="stmt" />
				<line num="549"  count="19"  type="stmt" />
				<line num="551"  count="1"  type="stmt" />
				<line num="552"  count="0"  type="cond"  truecount="0"  falsecount="2" />
				<line num="568"  count="150"  type="stmt" />
				<line num="583"  count="101"  type="stmt" />
				<line num="599"  count="1"  type="stmt" />
				<line num="601"  count="293"  type="cond"  truecount="2"  falsecount="0" />
				<line num="610"  count="1"  type="stmt" />
				<line num="611"  count="27"  type="cond"  truecount="3"  falsecount="0" />
				<line num="627"  count="489"  type="stmt" />
				<line num="648"  count="30"  type="stmt" />
				<line num="663"  count="1"  type="stmt" />
				<line num="664"  count="3"  type="stmt" />
				<line num="680"  count="1"  type="stmt" />
				<line num="694"  count="420"  type="stmt" />
				<line num="704"  count="1"  type="stmt" />
				<line num="705"  count="3"  type="stmt" />
				<line num="716"  count="1"  type="stmt" />
				<line num="717"  count="30"  type="cond"  truecount="2"  falsecount="0" />
				<line num="721"  count="1"  type="stmt" />
				<line num="722"  count="4"  type="cond"  truecount="3"  falsecount="0" />
				<line num="726"  count="1"  type="stmt" />
				<line num="727"  count="0"  type="stmt" />
				<line num="731"  count="1"  type="stmt" />
				<line num="732"  count="0"  type="stmt" />
				<line num="736"  count="1"  type="stmt" />
				<line num="737"  count="3"  type="stmt" />
				<line num="741"  count="1"  type="stmt" />
				<line num="742"  count="0"  type="stmt" />
				<line num="746"  count="1"  type="stmt" />
				<line num="747"  count="2"  type="cond"  truecount="1"  falsecount="1" />
				<line num="751"  count="1"  type="stmt" />
				<line num="752"  count="1"  type="stmt" />
				<line num="753"  count="4"  type="cond"  truecount="2"  falsecount="1" />
				<line num="757"  count="1"  type="stmt" />
				<line num="758"  count="63"  type="cond"  truecount="1"  falsecount="1" />
				<line num="764"  count="1"  type="stmt" />
				<line num="765"  count="0"  type="stmt" />
				<line num="782"  count="1"  type="stmt" />
				<line num="783"  count="0"  type="cond"  truecount="0"  falsecount="5" />
				<line num="792"  count="1"  type="stmt" />
				<line num="793"  count="1"  type="stmt" />
				<line num="794"  count="1"  type="stmt" />
				<line num="795"  count="4"  type="stmt" />
				<line num="797"  count="1"  type="stmt" />
				<line num="801"  count="1"  type="stmt" />
				<line num="802"  count="72"  type="cond"  truecount="1"  falsecount="2" />
				<line num="805"  count="1"  type="stmt" />
				<line num="806"  count="0"  type="stmt" />
				<line num="809"  count="1"  type="stmt" />
				<line num="810"  count="0"  type="stmt" />
				<line num="811"  count="0"  type="cond"  truecount="0"  falsecount="2" />
				<line num="812"  count="0"  type="stmt" />
				<line num="814"  count="0"  type="stmt" />
				<line num="875"  count="1"  type="stmt" />
				<line num="876"  count="4"  type="stmt" />
				<line num="877"  count="4"  type="stmt" />
				<line num="879"  count="4"  type="cond"  truecount="2"  falsecount="0" />
				<line num="880"  count="1"  type="cond"  truecount="1"  falsecount="1" />
				<line num="881"  count="0"  type="stmt" />
				<line num="883"  count="1"  type="cond"  truecount="1"  falsecount="1" />
				<line num="884"  count="0"  type="stmt" />
				<line num="888"  count="1"  type="cond"  truecount="1"  falsecount="1" />
				<line num="889"  count="0"  type="stmt" />
				<line num="891"  count="1"  type="stmt" />
				<line num="892"  count="0"  type="cond"  truecount="0"  falsecount="2" />
				<line num="893"  count="0"  type="stmt" />
				<line num="898"  count="1"  type="stmt" />
				<line num="899"  count="1"  type="stmt" />
				<line num="900"  count="1"  type="stmt" />
				<line num="903"  count="3"  type="stmt" />
				<line num="905"  count="1"  type="stmt" />
				<line num="906"  count="4"  type="stmt" />
				<line num="907"  count="4"  type="stmt" />
				<line num="908"  count="4"  type="cond"  truecount="1"  falsecount="1" />
				<line num="909"  count="0"  type="stmt" />
				<line num="910"  count="0"  type="stmt" />
				<line num="912"  count="4"  type="cond"  truecount="1"  falsecount="1" />
				<line num="914"  count="0"  type="stmt" />
				<line num="915"  count="0"  type="stmt" />
				<line num="917"  count="4"  type="cond"  truecount="3"  falsecount="1" />
				<line num="919"  count="4"  type="stmt" />
				<line num="920"  count="5"  type="cond"  truecount="1"  falsecount="1" />
				<line num="921"  count="5"  type="stmt" />
				<line num="926"  count="0"  type="stmt" />
				<line num="927"  count="0"  type="cond"  truecount="0"  falsecount="2" />
				<line num="928"  count="0"  type="stmt" />
				<line num="932"  count="4"  type="stmt" />
				<line num="933"  count="4"  type="stmt" />
				<line num="936"  count="1"  type="stmt" />
				<line num="938"  count="8"  type="cond"  truecount="2"  falsecount="0" />
				<line num="939"  count="5"  type="stmt" />
				<line num="943"  count="3"  type="stmt" />
				<line num="944"  count="3"  type="cond"  truecount="1"  falsecount="1" />
				<line num="945"  count="0"  type="stmt" />
				<line num="948"  count="3"  type="cond"  truecount="3"  falsecount="1" />
				<line num="949"  count="0"  type="stmt" />
				<line num="953"  count="3"  type="stmt" />
				<line num="954"  count="3"  type="stmt" />
				<line num="956"  count="3"  type="cond"  truecount="1"  falsecount="1" />
				<line num="957"  count="0"  type="stmt" />
				<line num="958"  count="0"  type="stmt" />
				<line num="959"  count="3"  type="cond"  truecount="1"  falsecount="1" />
				<line num="960"  count="0"  type="stmt" />
				<line num="961"  count="3"  type="cond"  truecount="1"  falsecount="1" />
				<line num="962"  count="0"  type="stmt" />
				<line num="963"  count="3"  type="cond"  truecount="1"  falsecount="1" />
				<line num="964"  count="0"  type="stmt" />
				<line num="965"  count="0"  type="stmt" />
				<line num="966"  count="3"  type="cond"  truecount="1"  falsecount="1" />
				<line num="967"  count="0"  type="stmt" />
				<line num="968"  count="3"  type="cond"  truecount="1"  falsecount="1" />
				<line num="969"  count="0"  type="stmt" />
				<line num="971"  count="3"  type="stmt" />
				<line num="972"  count="3"  type="stmt" />
				<line num="975"  count="3"  type="stmt" />
				<line num="976"  count="3"  type="stmt" />
				<line num="978"  count="3"  type="cond"  truecount="1"  falsecount="1" />
				<line num="989"  count="1"  type="stmt" />
				<line num="990"  count="5"  type="cond"  truecount="1"  falsecount="1" />
				<line num="991"  count="0"  type="cond"  truecount="0"  falsecount="2" />
				<line num="993"  count="0"  type="stmt" />
				<line num="994"  count="0"  type="stmt" />
				<line num="996"  count="5"  type="cond"  truecount="1"  falsecount="1" />
				<line num="997"  count="5"  type="cond"  truecount="2"  falsecount="0" />
				<line num="999"  count="5"  type="stmt" />
				<line num="1000"  count="12"  type="cond"  truecount="2"  falsecount="2" />
				<line num="1001"  count="12"  type="stmt" />
				<line num="1006"  count="5"  type="cond"  truecount="1"  falsecount="1" />
				<line num="1039"  count="1"  type="stmt" />
				<line num="1040"  count="1"  type="cond"  truecount="1"  falsecount="1" />
				<line num="1041"  count="1"  type="cond"  truecount="2"  falsecount="2" />
				<line num="1042"  count="0"  type="cond"  truecount="0"  falsecount="4" />
				<line num="1043"  count="0"  type="stmt" />
				<line num="1044"  count="0"  type="cond"  truecount="0"  falsecount="2" />
				<line num="1045"  count="0"  type="cond"  truecount="0"  falsecount="2" />
				<line num="1046"  count="0"  type="cond"  truecount="0"  falsecount="2" />
				<line num="1047"  count="0"  type="cond"  truecount="0"  falsecount="2" />
				<line num="1048"  count="0"  type="cond"  truecount="0"  falsecount="2" />
				<line num="1049"  count="0"  type="stmt" />
				<line num="1050"  count="0"  type="cond"  truecount="0"  falsecount="2" />
				<line num="1052"  count="0"  type="stmt" />
				<line num="1054"  count="0"  type="cond"  truecount="0"  falsecount="2" />
				<line num="1055"  count="0"  type="cond"  truecount="0"  falsecount="2" />
				<line num="1056"  count="0"  type="stmt" />
				<line num="1057"  count="0"  type="cond"  truecount="0"  falsecount="2" />
				<line num="1058"  count="0"  type="cond"  truecount="0"  falsecount="2" />
				<line num="1060"  count="0"  type="cond"  truecount="0"  falsecount="9" />
				<line num="1061"  count="0"  type="stmt" />
				<line num="1062"  count="0"  type="stmt" />
				<line num="1063"  count="0"  type="stmt" />
				<line num="1064"  count="0"  type="cond"  truecount="0"  falsecount="4" />
				<line num="1065"  count="0"  type="cond"  truecount="0"  falsecount="2" />
				<line num="1066"  count="0"  type="stmt" />
				<line num="1068"  count="0"  type="stmt" />
				<line num="1069"  count="0"  type="cond"  truecount="0"  falsecount="6" />
				<line num="1072"  count="0"  type="stmt" />
				<line num="1074"  count="0"  type="stmt" />
				<line num="1078"  count="0"  type="stmt" />
				<line num="1081"  count="1"  type="stmt" />
				<line num="1082"  count="3"  type="cond"  truecount="2"  falsecount="0" />
				<line num="1085"  count="1"  type="cond"  truecount="2"  falsecount="0" />
				<line num="1088"  count="1"  type="cond"  truecount="1"  falsecount="1" />
				<line num="1089"  count="0"  type="cond"  truecount="0"  falsecount="2" />
				<line num="1091"  count="0"  type="stmt" />
				<line num="1096"  count="1"  type="stmt" />
				<line num="1103"  count="3"  type="stmt" />
				<line num="1105"  count="1"  type="stmt" />
				<line num="1106"  count="1"  type="stmt" />
				<line num="1108"  count="1"  type="stmt" />
				<line num="1110"  count="1"  type="stmt" />
				<line num="1112"  count="0"  type="stmt" />
				<line num="1155"  count="1"  type="stmt" />
				<line num="1156"  count="1"  type="cond"  truecount="1"  falsecount="1" />
				<line num="1157"  count="1"  type="stmt" />
				<line num="1158"  count="1"  type="stmt" />
				<line num="1159"  count="1"  type="stmt" />
				<line num="1160"  count="4"  type="stmt" />
				<line num="1161"  count="4"  type="cond"  truecount="1"  falsecount="1" />
				<line num="1162"  count="0"  type="stmt" />
				<line num="1163"  count="0"  type="stmt" />
				<line num="1167"  count="1"  type="stmt" />
				<line num="1170"  count="1"  type="stmt" />
				<line num="1171"  count="5"  type="stmt" />
				<line num="1174"  count="1"  type="stmt" />
				<line num="1175"  count="4"  type="cond"  truecount="2"  falsecount="0" />
				<line num="1198"  count="1"  type="stmt" />
				<line num="1199"  count="0"  type="cond"  truecount="0"  falsecount="2" />
				<line num="1200"  count="0"  type="cond"  truecount="0"  falsecount="4" />
				<line num="1201"  count="0"  type="cond"  truecount="0"  falsecount="2" />
				<line num="1203"  count="0"  type="cond"  truecount="0"  falsecount="2" />
				<line num="1208"  count="0"  type="cond"  truecount="0"  falsecount="2" />
				<line num="1214"  count="0"  type="stmt" />
				<line num="1219"  count="1"  type="stmt" />
				<line num="1220"  count="0"  type="stmt" />
				<line num="1222"  count="0"  type="cond"  truecount="0"  falsecount="5" />
				<line num="1223"  count="0"  type="stmt" />
				<line num="1224"  count="0"  type="cond"  truecount="0"  falsecount="2" />
				<line num="1225"  count="0"  type="stmt" />
				<line num="1226"  count="0"  type="cond"  truecount="0"  falsecount="4" />
				<line num="1227"  count="0"  type="stmt" />
				<line num="1228"  count="0"  type="cond"  truecount="0"  falsecount="2" />
				<line num="1229"  count="0"  type="stmt" />
				<line num="1232"  count="0"  type="stmt" />
				<line num="1251"  count="1"  type="stmt" />
				<line num="1252"  count="0"  type="cond"  truecount="0"  falsecount="2" />
				<line num="1253"  count="0"  type="cond"  truecount="0"  falsecount="2" />
				<line num="1254"  count="0"  type="cond"  truecount="0"  falsecount="2" />
				<line num="1256"  count="0"  type="stmt" />
				<line num="1272"  count="1"  type="stmt" />
				<line num="1273"  count="0"  type="cond"  truecount="0"  falsecount="2" />
				<line num="1279"  count="1"  type="stmt" />
				<line num="1280"  count="1"  type="stmt" />
				<line num="1282"  count="0"  type="stmt" />
				<line num="1283"  count="0"  type="stmt" />
				<line num="1284"  count="0"  type="cond"  truecount="0"  falsecount="2" />
				<line num="1288"  count="1"  type="stmt" />
				<line num="1289"  count="0"  type="stmt" />
				<line num="1290"  count="0"  type="stmt" />
				<line num="1291"  count="0"  type="stmt" />
				<line num="1295"  count="1"  type="stmt" />
				<line num="1296"  count="0"  type="cond"  truecount="0"  falsecount="2" />
				<line num="1297"  count="0"  type="stmt" />
				<line num="1298"  count="0"  type="stmt" />
				<line num="1299"  count="0"  type="stmt" />
				<line num="1306"  count="1"  type="stmt" />
				<line num="1307"  count="0"  type="stmt" />
				<line num="1308"  count="0"  type="stmt" />
				<line num="1311"  count="0"  type="stmt" />
				<line num="1313"  count="0"  type="stmt" />
				<line num="1314"  count="0"  type="stmt" />
				<line num="1315"  count="0"  type="cond"  truecount="0"  falsecount="2" />
				<line num="1318"  count="0"  type="stmt" />
				<line num="1320"  count="0"  type="stmt" />
				<line num="1336"  count="1"  type="stmt" />
				<line num="1337"  count="0"  type="stmt" />
				<line num="1338"  count="0"  type="stmt" />
				<line num="1349"  count="1"  type="stmt" />
				<line num="1350"  count="1"  type="stmt" />
				<line num="1351"  count="1"  type="cond"  truecount="2"  falsecount="0" />
				<line num="1352"  count="1"  type="stmt" />
				<line num="1353"  count="1"  type="cond"  truecount="1"  falsecount="1" />
				<line num="1354"  count="0"  type="stmt" />
				<line num="1355"  count="0"  type="stmt" />
				<line num="1356"  count="0"  type="cond"  truecount="0"  falsecount="2" />
				<line num="1357"  count="0"  type="stmt" />
				<line num="1358"  count="0"  type="stmt" />
				<line num="1360"  count="0"  type="stmt" />
				<line num="1361"  count="0"  type="cond"  truecount="0"  falsecount="2" />
				<line num="1362"  count="0"  type="cond"  truecount="0"  falsecount="2" />
				<line num="1363"  count="0"  type="cond"  truecount="0"  falsecount="2" />
				<line num="1364"  count="0"  type="stmt" />
				<line num="1365"  count="0"  type="cond"  truecount="0"  falsecount="2" />
				<line num="1366"  count="0"  type="stmt" />
				<line num="1368"  count="0"  type="stmt" />
				<line num="1373"  count="1"  type="stmt" />
				<line num="1376"  count="1"  type="stmt" />
				<line num="1377"  count="1"  type="stmt" />
				<line num="1378"  count="1"  type="stmt" />
				<line num="1379"  count="0"  type="cond"  truecount="0"  falsecount="2" />
				<line num="1380"  count="0"  type="stmt" />
				<line num="1381"  count="0"  type="stmt" />
				<line num="1385"  count="0"  type="stmt" />
				<line num="1389"  count="1"  type="cond"  truecount="1"  falsecount="1" />
				<line num="1404"  count="1"  type="stmt" />
				<line num="1405"  count="2"  type="stmt" />
				<line num="1423"  count="1"  type="stmt" />
				<line num="1424"  count="2"  type="stmt" />
				<line num="1433"  count="1"  type="stmt" />
				<line num="1435"  count="1"  type="stmt" />
				<line num="1436"  count="1"  type="stmt" />
				<line num="1437"  count="1"  type="stmt" />
				<line num="1438"  count="4"  type="stmt" />
				<line num="1439"  count="4"  type="cond"  truecount="1"  falsecount="1" />
				<line num="1440"  count="0"  type="stmt" />
				<line num="1443"  count="1"  type="stmt" />
				<line num="1573"  count="1"  type="stmt" />
				<line num="1574"  count="1"  type="stmt" />
				<line num="1579"  count="1"  type="stmt" />
				<line num="1580"  count="4"  type="stmt" />
				<line num="1582"  count="4"  type="cond"  truecount="3"  falsecount="2" />
				<line num="1583"  count="0"  type="stmt" />
				<line num="1584"  count="0"  type="stmt" />
				<line num="1587"  count="1"  type="stmt" />
				<line num="1588"  count="4"  type="stmt" />
				<line num="1589"  count="4"  type="stmt" />
				<line num="1591"  count="4"  type="cond"  truecount="4"  falsecount="0" />
				<line num="1592"  count="1"  type="stmt" />
				<line num="1593"  count="1"  type="stmt" />
				<line num="1596"  count="1"  type="cond"  truecount="1"  falsecount="1" />
				<line num="1597"  count="1"  type="stmt" />
				<line num="1598"  count="1"  type="cond"  truecount="1"  falsecount="1" />
				<line num="1652"  count="1"  type="stmt" />
				<line num="1653"  count="1"  type="cond"  truecount="1"  falsecount="1" />
				<line num="1654"  count="1"  type="stmt" />
				<line num="1657"  count="1"  type="stmt" />
				<line num="1658"  count="1"  type="stmt" />
				<line num="1659"  count="1"  type="stmt" />
				<line num="1661"  count="1"  type="cond"  truecount="1"  falsecount="1" />
				<line num="1662"  count="0"  type="cond"  truecount="0"  falsecount="2" />
				<line num="1664"  count="0"  type="stmt" />
				<line num="1670"  count="1"  type="cond"  truecount="1"  falsecount="1" />
				<line num="1671"  count="1"  type="stmt" />
				<line num="1672"  count="1"  type="stmt" />
				<line num="1675"  count="1"  type="cond"  truecount="1"  falsecount="1" />
				<line num="1677"  count="1"  type="stmt" />
				<line num="1678"  count="1"  type="stmt" />
				<line num="1682"  count="1"  type="stmt" />
				<line num="1683"  count="1"  type="stmt" />
				<line num="1684"  count="1"  type="stmt" />
				<line num="1686"  count="1"  type="stmt" />
				<line num="1687"  count="1"  type="stmt" />
				<line num="1688"  count="1"  type="stmt" />
				<line num="1692"  count="1"  type="stmt" />
				<line num="1695"  count="1"  type="stmt" />
				<line num="1696"  count="1"  type="stmt" />
				<line num="1698"  count="1"  type="cond"  truecount="3"  falsecount="1" />
				<line num="1699"  count="1"  type="stmt" />
				<line num="1700"  count="1"  type="stmt" />
				<line num="1703"  count="1"  type="cond"  truecount="3"  falsecount="1" />
				<line num="1704"  count="0"  type="stmt" />
				<line num="1707"  count="1"  type="stmt" />
				<line num="1708"  count="1"  type="stmt" />
				<line num="1709"  count="1"  type="stmt" />
				<line num="1710"  count="1"  type="stmt" />
				<line num="1712"  count="1"  type="stmt" />
				<line num="1715"  count="1"  type="cond"  truecount="1"  falsecount="1" />
				<line num="1716"  count="0"  type="stmt" />
				<line num="1730"  count="1"  type="stmt" />
				<line num="1731"  count="0"  type="stmt" />
				<line num="1732"  count="0"  type="stmt" />
				<line num="1743"  count="1"  type="stmt" />
				<line num="1744"  count="2"  type="stmt" />
				<line num="1745"  count="2"  type="cond"  truecount="1"  falsecount="1" />
				<line num="1746"  count="0"  type="stmt" />
				<line num="1749"  count="2"  type="stmt" />
				<line num="1752"  count="1"  type="stmt" />
				<line num="1753"  count="1"  type="stmt" />
				<line num="1754"  count="0"  type="cond"  truecount="0"  falsecount="2" />
				<line num="1755"  count="0"  type="stmt" />
				<line num="1756"  count="0"  type="cond"  truecount="0"  falsecount="2" />
				<line num="1760"  count="1"  type="stmt" />
				<line num="1761"  count="1"  type="stmt" />
				<line num="1762"  count="1"  type="stmt" />
				<line num="1763"  count="1"  type="stmt" />
				<line num="1765"  count="1"  type="cond"  truecount="1"  falsecount="1" />
				<line num="1766"  count="0"  type="stmt" />
				<line num="1770"  count="1"  type="stmt" />
				<line num="1771"  count="1"  type="cond"  truecount="1"  falsecount="1" />
				<line num="1779"  count="1"  type="cond"  truecount="2"  falsecount="2" />
				<line num="1780"  count="0"  type="stmt" />
				<line num="1781"  count="0"  type="stmt" />
				<line num="1792"  count="0"  type="stmt" />
				<line num="1793"  count="0"  type="stmt" />
				<line num="1794"  count="0"  type="stmt" />
				<line num="1795"  count="0"  type="cond"  truecount="0"  falsecount="2" />
				<line num="1796"  count="0"  type="stmt" />
				<line num="1797"  count="0"  type="stmt" />
				<line num="1798"  count="0"  type="cond"  truecount="0"  falsecount="4" />
				<line num="1799"  count="0"  type="stmt" />
				<line num="1803"  count="0"  type="stmt" />
				<line num="1805"  count="0"  type="stmt" />
				<line num="1808"  count="1"  type="stmt" />
				<line num="1811"  count="1"  type="stmt" />
				<line num="1814"  count="1"  type="stmt" />
				<line num="1820"  count="1"  type="stmt" />
				<line num="1821"  count="149"  type="cond"  truecount="1"  falsecount="1" />
				<line num="1822"  count="0"  type="cond"  truecount="0"  falsecount="4" />
				<line num="1824"  count="149"  type="stmt" />
				<line num="1827"  count="1"  type="stmt" />
				<line num="1828"  count="55"  type="cond"  truecount="4"  falsecount="0" />
				<line num="1829"  count="1"  type="stmt" />
				<line num="1832"  count="55"  type="stmt" />
				<line num="1834"  count="55"  type="stmt" />
				<line num="1842"  count="1"  type="stmt" />
				<line num="1843"  count="216"  type="cond"  truecount="1"  falsecount="1" />
				<line num="1844"  count="0"  type="stmt" />
				<line num="1856"  count="1"  type="stmt" />
				<line num="1857"  count="0"  type="cond"  truecount="0"  falsecount="2" />
				<line num="1858"  count="0"  type="stmt" />
				<line num="1859"  count="0"  type="stmt" />
				<line num="1860"  count="0"  type="stmt" />
				<line num="1861"  count="0"  type="stmt" />
				<line num="1863"  count="0"  type="stmt" />
				<line num="1864"  count="0"  type="stmt" />
				<line num="1865"  count="0"  type="cond"  truecount="0"  falsecount="2" />
				<line num="1866"  count="0"  type="stmt" />
				<line num="1869"  count="0"  type="cond"  truecount="0"  falsecount="4" />
				<line num="1870"  count="0"  type="stmt" />
				<line num="1872"  count="0"  type="stmt" />
				<line num="1880"  count="1"  type="stmt" />
				<line num="1882"  count="0"  type="stmt" />
				<line num="1883"  count="0"  type="stmt" />
				<line num="1884"  count="0"  type="stmt" />
				<line num="1886"  count="0"  type="cond"  truecount="0"  falsecount="2" />
				<line num="1887"  count="0"  type="cond"  truecount="0"  falsecount="4" />
				<line num="1888"  count="0"  type="cond"  truecount="0"  falsecount="2" />
				<line num="1889"  count="0"  type="stmt" />
				<line num="1891"  count="0"  type="stmt" />
				<line num="1895"  count="0"  type="cond"  truecount="0"  falsecount="2" />
				<line num="1910"  count="1"  type="stmt" />
				<line num="1911"  count="10"  type="stmt" />
				<line num="1914"  count="1"  type="stmt" />
				<line num="1915"  count="1"  type="stmt" />
				<line num="1916"  count="1"  type="stmt" />
				<line num="1917"  count="1"  type="stmt" />
				<line num="1918"  count="1"  type="stmt" />
				<line num="1919"  count="1"  type="stmt" />
				<line num="1930"  count="1"  type="stmt" />
				<line num="1932"  count="1"  type="stmt" />
				<line num="1933"  count="1"  type="stmt" />
				<line num="1935"  count="1"  type="stmt" />
				<line num="1936"  count="22"  type="cond"  truecount="2"  falsecount="0" />
				<line num="1939"  count="1"  type="stmt" />
				<line num="1942"  count="1"  type="cond"  truecount="1"  falsecount="1" />
				<line num="1944"  count="1"  type="stmt" />
				<line num="1946"  count="1"  type="stmt" />
				<line num="1999"  count="1"  type="stmt" />
				<line num="2000"  count="20"  type="stmt" />
				<line num="2001"  count="20"  type="cond"  truecount="1"  falsecount="1" />
				<line num="2002"  count="0"  type="stmt" />
				<line num="2006"  count="20"  type="stmt" />
				<line num="2007"  count="20"  type="cond"  truecount="3"  falsecount="1" />
				<line num="2008"  count="0"  type="stmt" />
				<line num="2010"  count="20"  type="stmt" />
				<line num="2011"  count="10"  type="cond"  truecount="1"  falsecount="1" />
				<line num="2012"  count="0"  type="stmt" />
				<line num="2018"  count="10"  type="stmt" />
				<line num="2021"  count="10"  type="stmt" />
				<line num="2024"  count="10"  type="stmt" />
				<line num="2026"  count="10"  type="stmt" />
				<line num="2029"  count="10"  type="stmt" />
				<line num="2227"  count="0"  type="stmt" />
				<line num="2228"  count="0"  type="stmt" />
				<line num="2232"  count="10"  type="cond"  truecount="2"  falsecount="0" />
				<line num="2233"  count="2"  type="stmt" />
				<line num="2236"  count="10"  type="stmt" />
				<line num="2244"  count="1"  type="stmt" />
				<line num="2245"  count="30"  type="cond"  truecount="2"  falsecount="0" />
				<line num="2246"  count="30"  type="stmt" />
				<line num="2247"  count="8"  type="cond"  truecount="2"  falsecount="0" />
				<line num="2248"  count="8"  type="stmt" />
				<line num="2257"  count="1"  type="stmt" />
				<line num="2258"  count="80"  type="stmt" />
				<line num="2259"  count="8"  type="cond"  truecount="4"  falsecount="0" />
				<line num="2260"  count="8"  type="stmt" />
				<line num="2261"  count="8"  type="stmt" />
				<line num="2272"  count="1"  type="stmt" />
				<line num="2273"  count="0"  type="stmt" />
				<line num="2275"  count="0"  type="stmt" />
				<line num="2276"  count="0"  type="stmt" />
				<line num="2277"  count="0"  type="cond"  truecount="0"  falsecount="2" />
				<line num="2279"  count="0"  type="cond"  truecount="0"  falsecount="2" />
				<line num="2281"  count="0"  type="stmt" />
				<line num="2283"  count="0"  type="stmt" />
				<line num="2287"  count="1"  type="stmt" />
				<line num="2288"  count="0"  type="cond"  truecount="0"  falsecount="2" />
				<line num="2289"  count="0"  type="stmt" />
				<line num="2290"  count="0"  type="cond"  truecount="0"  falsecount="2" />
				<line num="2291"  count="0"  type="stmt" />
				<line num="2292"  count="0"  type="cond"  truecount="0"  falsecount="2" />
				<line num="2293"  count="0"  type="stmt" />
				<line num="2295"  count="0"  type="stmt" />
				<line num="2409"  count="1"  type="stmt" />
				<line num="2418"  count="1"  type="stmt" />
				<line num="2419"  count="1"  type="stmt" />
				<line num="2452"  count="1"  type="stmt" />
				<line num="2454"  count="1"  type="stmt" />
				<line num="2457"  count="1"  type="stmt" />
				<line num="2460"  count="1"  type="stmt" />
				<line num="2512"  count="1"  type="stmt" />
				<line num="2675"  count="1"  type="stmt" />
				<line num="2677"  count="1"  type="stmt" />
				<line num="2680"  count="6"  type="stmt" />
				<line num="2683"  count="0"  type="stmt" />
				<line num="2689"  count="1"  type="stmt" />
				<line num="2691"  count="0"  type="cond"  truecount="0"  falsecount="2" />
				<line num="2694"  count="7"  type="stmt" />
				<line num="2697"  count="1"  type="stmt" />
				<line num="2698"  count="1"  type="stmt" />
				<line num="2699"  count="1"  type="stmt" />
				<line num="2700"  count="1"  type="stmt" />
				<line num="2707"  count="1"  type="stmt" />
				<line num="2708"  count="186"  type="stmt" />
				<line num="2710"  count="75"  type="cond"  truecount="1"  falsecount="1" />
				<line num="2715"  count="1"  type="stmt" />
				<line num="2716"  count="1"  type="stmt" />
				<line num="2717"  count="1"  type="stmt" />
				<line num="2718"  count="1"  type="stmt" />
				<line num="2720"  count="1"  type="stmt" />
				<line num="2730"  count="1"  type="stmt" />
				<line num="2731"  count="1"  type="stmt" />
				<line num="2732"  count="1"  type="stmt" />
				<line num="2735"  count="1"  type="stmt" />
				<line num="2736"  count="1"  type="stmt" />
				<line num="2739"  count="1"  type="stmt" />
				<line num="2742"  count="26"  type="stmt" />
				<line num="2743"  count="26"  type="cond"  truecount="3"  falsecount="0" />
				<line num="2746"  count="1"  type="stmt" />
				<line num="2747"  count="1"  type="stmt" />
				<line num="2748"  count="0"  type="stmt" />
				<line num="2750"  count="1"  type="stmt" />
				<line num="2753"  count="1"  type="stmt" />
				<line num="2754"  count="1"  type="stmt" />
				<line num="2758"  count="1"  type="cond"  truecount="1"  falsecount="1" />
				<line num="2760"  count="0"  type="stmt" />
				<line num="2763"  count="1"  type="cond"  truecount="2"  falsecount="0" />
				<line num="2764"  count="1"  type="cond"  truecount="1"  falsecount="1" />
				<line num="2765"  count="1"  type="cond"  truecount="2"  falsecount="0" />
				<line num="2766"  count="1"  type="stmt" />
				<line num="2769"  count="1"  type="stmt" />
				<line num="2770"  count="1"  type="stmt" />
				<line num="2771"  count="0"  type="stmt" />
				<line num="2774"  count="1"  type="stmt" />
				<line num="2776"  count="1"  type="stmt" />
				<line num="2777"  count="1"  type="stmt" />
				<line num="2781"  count="1"  type="stmt" />
				<line num="2782"  count="1"  type="stmt" />
				<line num="2783"  count="1"  type="stmt" />
				<line num="2784"  count="1"  type="stmt" />
				<line num="2787"  count="1"  type="stmt" />
				<line num="2790"  count="1"  type="stmt" />
				<line num="2791"  count="1"  type="cond"  truecount="2"  falsecount="0" />
				<line num="2792"  count="1"  type="stmt" />
				<line num="2794"  count="1"  type="cond"  truecount="1"  falsecount="1" />
				<line num="2795"  count="0"  type="stmt" />
				<line num="2798"  count="1"  type="cond"  truecount="1"  falsecount="1" />
				<line num="2799"  count="1"  type="stmt" />
				<line num="2802"  count="0"  type="stmt" />
				<line num="2805"  count="1"  type="stmt" />
				<line num="2806"  count="0"  type="stmt" />
				<line num="2808"  count="0"  type="cond"  truecount="0"  falsecount="2" />
				<line num="2809"  count="0"  type="stmt" />
				<line num="2812"  count="0"  type="stmt" />
				<line num="2817"  count="1"  type="cond"  truecount="1"  falsecount="1" />
				<line num="2819"  count="0"  type="stmt" />
				<line num="2824"  count="1"  type="stmt" />
				<line num="2825"  count="79"  type="cond"  truecount="2"  falsecount="0" />
				<line num="2826"  count="2"  type="stmt" />
				<line num="2829"  count="77"  type="stmt" />
				<line num="2831"  count="77"  type="cond"  truecount="2"  falsecount="0" />
				<line num="2832"  count="1"  type="stmt" />
				<line num="2833"  count="1"  type="stmt" />
				<line num="2835"  count="77"  type="cond"  truecount="2"  falsecount="0" />
				<line num="2836"  count="38"  type="cond"  truecount="2"  falsecount="2" />
				<line num="2837"  count="0"  type="stmt" />
				<line num="2839"  count="38"  type="stmt" />
				<line num="2842"  count="39"  type="cond"  truecount="2"  falsecount="0" />
				<line num="2843"  count="1"  type="stmt" />
				<line num="2845"  count="38"  type="stmt" />
				<line num="2849"  count="1"  type="stmt" />
				<line num="2850"  count="1"  type="stmt" />
				<line num="2853"  count="1"  type="stmt" />
				<line num="2854"  count="1"  type="cond"  truecount="1"  falsecount="1" />
				<line num="2856"  count="1"  type="cond"  truecount="1"  falsecount="1" />
				<line num="2857"  count="1"  type="stmt" />
				<line num="2858"  count="1"  type="stmt" />
				<line num="2859"  count="0"  type="stmt" />
				<line num="2864"  count="1"  type="stmt" />
				<line num="2865"  count="0"  type="cond"  truecount="0"  falsecount="2" />
				<line num="2867"  count="0"  type="stmt" />
				<line num="2868"  count="0"  type="cond"  truecount="0"  falsecount="2" />
				<line num="2869"  count="0"  type="cond"  truecount="0"  falsecount="2" />
				<line num="2871"  count="0"  type="cond"  truecount="0"  falsecount="2" />
				<line num="2873"  count="0"  type="cond"  truecount="0"  falsecount="2" />
				<line num="2874"  count="0"  type="stmt" />
				<line num="2875"  count="0"  type="cond"  truecount="0"  falsecount="2" />
				<line num="2876"  count="0"  type="stmt" />
				<line num="2878"  count="0"  type="stmt" />
				<line num="2882"  count="0"  type="stmt" />
				<line num="2883"  count="0"  type="stmt" />
				<line num="2884"  count="0"  type="cond"  truecount="0"  falsecount="2" />
				<line num="2885"  count="0"  type="cond"  truecount="0"  falsecount="2" />
				<line num="2887"  count="0"  type="cond"  truecount="0"  falsecount="5" />
				<line num="2888"  count="0"  type="stmt" />
				<line num="2889"  count="0"  type="stmt" />
				<line num="2893"  count="0"  type="stmt" />
				<line num="2894"  count="0"  type="stmt" />
				<line num="2895"  count="0"  type="cond"  truecount="0"  falsecount="2" />
				<line num="2896"  count="0"  type="stmt" />
				<line num="2902"  count="1"  type="stmt" />
				<line num="2903"  count="0"  type="stmt" />
				<line num="2904"  count="0"  type="cond"  truecount="0"  falsecount="2" />
				<line num="2906"  count="0"  type="cond"  truecount="0"  falsecount="2" />
				<line num="2907"  count="0"  type="cond"  truecount="0"  falsecount="2" />
				<line num="2908"  count="0"  type="stmt" />
				<line num="2909"  count="0"  type="stmt" />
				<line num="2912"  count="0"  type="cond"  truecount="0"  falsecount="2" />
				<line num="2913"  count="0"  type="cond"  truecount="0"  falsecount="2" />
				<line num="2914"  count="0"  type="stmt" />
				<line num="2916"  count="0"  type="stmt" />
				<line num="2918"  count="0"  type="stmt" />
				<line num="2919"  count="0"  type="stmt" />
				<line num="2924"  count="1"  type="stmt" />
				<line num="2925"  count="24"  type="stmt" />
				<line num="2928"  count="24"  type="cond"  truecount="4"  falsecount="0" />
				<line num="2929"  count="7"  type="stmt" />
				<line num="2930"  count="7"  type="stmt" />
				<line num="2933"  count="24"  type="stmt" />
				<line num="2937"  count="1"  type="stmt" />
				<line num="2938"  count="20"  type="cond"  truecount="2"  falsecount="0" />
				<line num="2940"  count="18"  type="stmt" />
				<line num="2941"  count="18"  type="cond"  truecount="3"  falsecount="0" />
				<line num="2942"  count="18"  type="stmt" />
				<line num="2943"  count="18"  type="stmt" />
				<line num="2944"  count="18"  type="cond"  truecount="2"  falsecount="0" />
				<line num="2946"  count="18"  type="cond"  truecount="2"  falsecount="0" />
				<line num="2947"  count="11"  type="stmt" />
				<line num="2949"  count="7"  type="cond"  truecount="1"  falsecount="1" />
				<line num="2950"  count="0"  type="stmt" />
				<line num="2952"  count="7"  type="cond"  truecount="1"  falsecount="1" />
				<line num="2954"  count="7"  type="cond"  truecount="2"  falsecount="0" />
				<line num="2956"  count="0"  type="stmt" />
				<line num="2963"  count="1"  type="stmt" />
				<line num="2964"  count="0"  type="cond"  truecount="0"  falsecount="2" />
				<line num="2965"  count="0"  type="cond"  truecount="0"  falsecount="2" />
				<line num="2969"  count="1"  type="stmt" />
				<line num="2970"  count="0"  type="cond"  truecount="0"  falsecount="4" />
				<line num="2971"  count="0"  type="stmt" />
				<line num="2972"  count="0"  type="stmt" />
				<line num="2981"  count="1"  type="stmt" />
				<line num="2982"  count="8"  type="cond"  truecount="4"  falsecount="0" />
				<line num="2983"  count="6"  type="cond"  truecount="2"  falsecount="0" />
				<line num="2986"  count="6"  type="stmt" />
				<line num="2987"  count="6"  type="stmt" />
				<line num="2988"  count="6"  type="cond"  truecount="1"  falsecount="1" />
				<line num="2989"  count="6"  type="stmt" />
				<line num="2993"  count="6"  type="stmt" />
				<line num="2998"  count="1"  type="stmt" />
				<line num="3001"  count="39"  type="cond"  truecount="1"  falsecount="1" />
				<line num="3004"  count="39"  type="cond"  truecount="2"  falsecount="0" />
				<line num="3005"  count="32"  type="stmt" />
				<line num="3007"  count="7"  type="stmt" />
				<line num="3010"  count="7"  type="cond"  truecount="4"  falsecount="0" />
				<line num="3011"  count="4"  type="cond"  truecount="2"  falsecount="0" />
				<line num="3012"  count="3"  type="stmt" />
				<line num="3013"  count="9"  type="stmt" />
				<line num="3017"  count="3"  type="stmt" />
				<line num="3024"  count="1"  type="stmt" />
				<line num="3025"  count="0"  type="cond"  truecount="0"  falsecount="2" />
				<line num="3028"  count="1"  type="stmt" />
				<line num="3031"  count="3"  type="cond"  truecount="1"  falsecount="1" />
				<line num="3032"  count="0"  type="stmt" />
				<line num="3034"  count="3"  type="cond"  truecount="1"  falsecount="1" />
				<line num="3036"  count="3"  type="stmt" />
				<line num="3037"  count="6"  type="stmt" />
				<line num="3038"  count="6"  type="cond"  truecount="2"  falsecount="0" />
				<line num="3044"  count="4"  type="cond"  truecount="2"  falsecount="1" />
				<line num="3048"  count="1"  type="stmt" />
				<line num="3049"  count="0"  type="stmt" />
				<line num="3050"  count="0"  type="stmt" />
				<line num="3051"  count="0"  type="stmt" />
				<line num="3055"  count="1"  type="stmt" />
				<line num="3056"  count="0"  type="cond"  truecount="0"  falsecount="2" />
				<line num="3057"  count="0"  type="stmt" />
				<line num="3058"  count="0"  type="cond"  truecount="0"  falsecount="2" />
				<line num="3062"  count="1"  type="stmt" />
				<line num="3063"  count="0"  type="cond"  truecount="0"  falsecount="2" />
				<line num="3064"  count="0"  type="cond"  truecount="0"  falsecount="2" />
				<line num="3068"  count="0"  type="stmt" />
				<line num="3071"  count="0"  type="stmt" />
				<line num="3078"  count="1"  type="stmt" />
				<line num="3080"  count="1"  type="stmt" />
				<line num="3082"  count="1"  type="stmt" />
				<line num="3083"  count="2"  type="cond"  truecount="2"  falsecount="0" />
				<line num="3084"  count="1"  type="stmt" />
				<line num="3085"  count="1"  type="stmt" />
				<line num="3089"  count="1"  type="cond"  truecount="1"  falsecount="1" />
				<line num="3090"  count="0"  type="stmt" />
				<line num="3092"  count="1"  type="stmt" />
				<line num="3095"  count="1"  type="stmt" />
				<line num="3100"  count="0"  type="stmt" />
				<line num="3101"  count="0"  type="stmt" />
				<line num="3102"  count="0"  type="stmt" />
				<line num="3106"  count="0"  type="cond"  truecount="0"  falsecount="2" />
				<line num="3120"  count="1"  type="stmt" />
				<line num="3121"  count="1"  type="stmt" />
				<line num="3122"  count="7"  type="stmt" />
				<line num="3124"  count="1"  type="stmt" />
				<line num="3125"  count="1"  type="stmt" />
				<line num="3126"  count="7"  type="stmt" />
				<line num="3128"  count="1"  type="stmt" />
				<line num="3136"  count="1"  type="stmt" />
				<line num="3138"  count="34"  type="stmt" />
				<line num="3141"  count="34"  type="cond"  truecount="1"  falsecount="2" />
				<line num="3144"  count="1"  type="stmt" />
				<line num="3145"  count="0"  type="stmt" />
				<line num="3148"  count="1"  type="stmt" />
				<line num="3153"  count="3"  type="stmt" />
				<line num="3156"  count="1"  type="stmt" />
				<line num="3162"  count="0"  type="cond"  truecount="0"  falsecount="4" />
				<line num="3167"  count="0"  type="cond"  truecount="0"  falsecount="2" />
				<line num="3173"  count="3"  type="stmt" />
				<line num="3177"  count="0"  type="stmt" />
				<line num="3183"  count="0"  type="stmt" />
				<line num="3185"  count="0"  type="cond"  truecount="0"  falsecount="2" />
				<line num="3186"  count="0"  type="stmt" />
				<line num="3188"  count="0"  type="stmt" />
				<line num="3193"  count="0"  type="stmt" />
				<line num="3194"  count="0"  type="cond"  truecount="0"  falsecount="5" />
				<line num="3195"  count="0"  type="stmt" />
				<line num="3197"  count="0"  type="stmt" />
				<line num="3198"  count="0"  type="cond"  truecount="0"  falsecount="2" />
				<line num="3199"  count="0"  type="cond"  truecount="0"  falsecount="2" />
				<line num="3200"  count="0"  type="cond"  truecount="0"  falsecount="2" />
				<line num="3201"  count="0"  type="stmt" />
				<line num="3202"  count="0"  type="stmt" />
				<line num="3204"  count="0"  type="stmt" />
				<line num="3205"  count="0"  type="stmt" />
				<line num="3208"  count="0"  type="cond"  truecount="0"  falsecount="4" />
				<line num="3213"  count="0"  type="cond"  truecount="0"  falsecount="2" />
				<line num="3214"  count="0"  type="stmt" />
				<line num="3215"  count="0"  type="cond"  truecount="0"  falsecount="2" />
				<line num="3218"  count="0"  type="stmt" />
				<line num="3220"  count="0"  type="cond"  truecount="0"  falsecount="2" />
				<line num="3225"  count="0"  type="cond"  truecount="0"  falsecount="2" />
				<line num="3226"  count="0"  type="stmt" />
				<line num="3228"  count="0"  type="stmt" />
				<line num="3233"  count="1"  type="stmt" />
				<line num="3234"  count="1"  type="stmt" />
				<line num="3236"  count="1"  type="stmt" />
				<line num="3237"  count="1"  type="cond"  truecount="1"  falsecount="1" />
				<line num="3238"  count="0"  type="stmt" />
				<line num="3239"  count="0"  type="cond"  truecount="0"  falsecount="4" />
				<line num="3241"  count="1"  type="stmt" />
				<line num="3246"  count="0"  type="cond"  truecount="0"  falsecount="2" />
				<line num="3247"  count="0"  type="cond"  truecount="0"  falsecount="4" />
				<line num="3248"  count="0"  type="stmt" />
				<line num="3249"  count="0"  type="stmt" />
				<line num="3250"  count="0"  type="cond"  truecount="0"  falsecount="2" />
				<line num="3251"  count="0"  type="cond"  truecount="0"  falsecount="2" />
				<line num="3254"  count="0"  type="cond"  truecount="0"  falsecount="2" />
				<line num="3256"  count="0"  type="stmt" />
				<line num="3258"  count="0"  type="stmt" />
				<line num="3262"  count="1"  type="cond"  truecount="1"  falsecount="1" />
				<line num="3263"  count="0"  type="stmt" />
				<line num="3265"  count="1"  type="stmt" />
				<line num="3266"  count="1"  type="stmt" />
				<line num="3274"  count="15"  type="stmt" />
				<line num="3275"  count="14"  type="stmt" />
				<line num="3276"  count="14"  type="stmt" />
				<line num="3281"  count="14"  type="cond"  truecount="4"  falsecount="0" />
				<line num="3283"  count="5"  type="cond"  truecount="1"  falsecount="1" />
				<line num="3286"  count="0"  type="stmt" />
				<line num="3287"  count="0"  type="cond"  truecount="0"  falsecount="2" />
				<line num="3289"  count="0"  type="stmt" />
				<line num="3291"  count="0"  type="stmt" />
				<line num="3292"  count="0"  type="stmt" />
				<line num="3297"  count="0"  type="stmt" />
				<line num="3301"  count="5"  type="stmt" />
				<line num="3303"  count="5"  type="cond"  truecount="1"  falsecount="1" />
				<line num="3304"  count="5"  type="stmt" />
				<line num="3305"  count="4"  type="stmt" />
				<line num="3306"  count="4"  type="cond"  truecount="1"  falsecount="1" />
				<line num="3308"  count="5"  type="stmt" />
				<line num="3312"  count="9"  type="stmt" />
				<line num="3313"  count="15"  type="stmt" />
				<line num="3316"  count="9"  type="stmt" />
				<line num="3321"  count="1"  type="stmt" />
				<line num="3322"  count="4"  type="stmt" />
				<line num="3324"  count="4"  type="stmt" />
				<line num="3325"  count="0"  type="stmt" />
				<line num="3328"  count="4"  type="cond"  truecount="2"  falsecount="0" />
				<line num="3329"  count="4"  type="cond"  truecount="1"  falsecount="1" />
				<line num="3331"  count="4"  type="cond"  truecount="1"  falsecount="1" />
				<line num="3333"  count="4"  type="cond"  truecount="1"  falsecount="1" />
				<line num="3334"  count="4"  type="stmt" />
				<line num="3335"  count="4"  type="stmt" />
				<line num="3336"  count="0"  type="stmt" />
				<line num="3338"  count="0"  type="cond"  truecount="0"  falsecount="2" />
				<line num="3339"  count="0"  type="stmt" />
				<line num="3342"  count="0"  type="cond"  truecount="0"  falsecount="2" />
				<line num="3343"  count="0"  type="stmt" />
				<line num="3348"  count="4"  type="stmt" />
				<line num="3349"  count="4"  type="stmt" />
				<line num="3353"  count="4"  type="cond"  truecount="2"  falsecount="0" />
				<line num="3356"  count="4"  type="cond"  truecount="1"  falsecount="1" />
				<line num="3357"  count="0"  type="stmt" />
				<line num="3360"  count="4"  type="stmt" />
				<line num="3361"  count="4"  type="cond"  truecount="1"  falsecount="1" />
				<line num="3362"  count="4"  type="stmt" />
				<line num="3369"  count="4"  type="stmt" />
				<line num="3370"  count="4"  type="stmt" />
				<line num="3373"  count="1"  type="stmt" />
				<line num="3374"  count="4"  type="stmt" />
				<line num="3377"  count="1"  type="stmt" />
				<line num="3381"  count="0"  type="stmt" />
				<line num="3384"  count="0"  type="cond"  truecount="0"  falsecount="5" />
				<line num="3385"  count="0"  type="stmt" />
				<line num="3394"  count="1"  type="stmt" />
				<line num="3398"  count="6"  type="cond"  truecount="1"  falsecount="1" />
				<line num="3401"  count="6"  type="cond"  truecount="1"  falsecount="1" />
				<line num="3402"  count="0"  type="stmt" />
				<line num="3405"  count="6"  type="stmt" />
				<line num="3406"  count="6"  type="stmt" />
				<line num="3407"  count="6"  type="stmt" />
				<line num="3409"  count="6"  type="cond"  truecount="2"  falsecount="0" />
				<line num="3410"  count="4"  type="stmt" />
				<line num="3414"  count="6"  type="cond"  truecount="1"  falsecount="1" />
				<line num="3415"  count="6"  type="stmt" />
				<line num="3417"  count="6"  type="stmt" />
				<line num="3418"  count="6"  type="stmt" />
				<line num="3420"  count="6"  type="cond"  truecount="1"  falsecount="1" />
				<line num="3421"  count="6"  type="stmt" />
				<line num="3422"  count="6"  type="stmt" />
				<line num="3423"  count="6"  type="cond"  truecount="3"  falsecount="1" />
				<line num="3424"  count="6"  type="stmt" />
				<line num="3428"  count="6"  type="stmt" />
				<line num="3431"  count="6"  type="stmt" />
				<line num="3432"  count="6"  type="stmt" />
				<line num="3433"  count="6"  type="cond"  truecount="1"  falsecount="1" />
				<line num="3434"  count="0"  type="stmt" />
				<line num="3435"  count="0"  type="stmt" />
				<line num="3437"  count="6"  type="stmt" />
				<line num="3445"  count="0"  type="stmt" />
				<line num="3450"  count="0"  type="stmt" />
				<line num="3451"  count="0"  type="stmt" />
				<line num="3452"  count="0"  type="stmt" />
				<line num="3454"  count="0"  type="stmt" />
				<line num="3458"  count="0"  type="stmt" />
				<line num="3459"  count="0"  type="stmt" />
				<line num="3460"  count="0"  type="stmt" />
				<line num="3461"  count="0"  type="cond"  truecount="0"  falsecount="2" />
				<line num="3462"  count="0"  type="stmt" />
				<line num="3464"  count="0"  type="stmt" />
				<line num="3466"  count="0"  type="stmt" />
				<line num="3471"  count="1"  type="stmt" />
				<line num="3472"  count="1"  type="stmt" />
				<line num="3473"  count="5"  type="cond"  truecount="2"  falsecount="0" />
				<line num="3474"  count="3"  type="stmt" />
				<line num="3477"  count="1"  type="stmt" />
				<line num="3481"  count="1"  type="cond"  truecount="2"  falsecount="1" />
				<line num="3485"  count="0"  type="stmt" />
				<line num="3486"  count="0"  type="cond"  truecount="0"  falsecount="4" />
				<line num="3488"  count="0"  type="stmt" />
				<line num="3490"  count="0"  type="stmt" />
				<line num="3491"  count="0"  type="stmt" />
				<line num="3492"  count="0"  type="stmt" />
				<line num="3497"  count="1"  type="cond"  truecount="1"  falsecount="1" />
				<line num="3498"  count="1"  type="stmt" />
				<line num="3499"  count="1"  type="stmt" />
				<line num="3500"  count="1"  type="stmt" />
				<line num="3506"  count="0"  type="stmt" />
				<line num="3512"  count="0"  type="stmt" />
				<line num="3516"  count="1"  type="stmt" />
				<line num="3517"  count="1"  type="stmt" />
				<line num="3519"  count="1"  type="stmt" />
				<line num="3520"  count="1"  type="stmt" />
				<line num="3521"  count="1"  type="stmt" />
				<line num="3522"  count="1"  type="stmt" />
				<line num="3530"  count="0"  type="cond"  truecount="0"  falsecount="2" />
				<line num="3531"  count="0"  type="stmt" />
				<line num="3532"  count="0"  type="stmt" />
				<line num="3533"  count="0"  type="cond"  truecount="0"  falsecount="2" />
				<line num="3534"  count="0"  type="stmt" />
				<line num="3536"  count="0"  type="cond"  truecount="0"  falsecount="2" />
				<line num="3542"  count="5"  type="stmt" />
				<line num="3543"  count="5"  type="cond"  truecount="3"  falsecount="1" />
				<line num="3547"  count="0"  type="stmt" />
				<line num="3551"  count="1"  type="cond"  truecount="1"  falsecount="1" />
				<line num="3552"  count="1"  type="stmt" />
				<line num="3554"  count="0"  type="stmt" />
				<line num="3562"  count="0"  type="stmt" />
				<line num="3563"  count="0"  type="cond"  truecount="0"  falsecount="2" />
				<line num="3564"  count="0"  type="stmt" />
				<line num="3565"  count="0"  type="cond"  truecount="0"  falsecount="2" />
				<line num="3566"  count="0"  type="cond"  truecount="0"  falsecount="2" />
				<line num="3568"  count="0"  type="cond"  truecount="0"  falsecount="2" />
				<line num="3570"  count="0"  type="stmt" />
				<line num="3571"  count="0"  type="stmt" />
				<line num="3572"  count="0"  type="stmt" />
				<line num="3573"  count="0"  type="stmt" />
				<line num="3574"  count="0"  type="stmt" />
				<line num="3581"  count="0"  type="cond"  truecount="0"  falsecount="2" />
				<line num="3582"  count="0"  type="stmt" />
				<line num="3586"  count="0"  type="stmt" />
				<line num="3587"  count="0"  type="cond"  truecount="0"  falsecount="2" />
				<line num="3589"  count="0"  type="stmt" />
				<line num="3590"  count="0"  type="cond"  truecount="0"  falsecount="2" />
				<line num="3591"  count="0"  type="stmt" />
				<line num="3600"  count="21"  type="stmt" />
				<line num="3601"  count="21"  type="stmt" />
				<line num="3603"  count="21"  type="stmt" />
				<line num="3604"  count="25"  type="cond"  truecount="1"  falsecount="1" />
				<line num="3605"  count="25"  type="stmt" />
				<line num="3606"  count="25"  type="cond"  truecount="2"  falsecount="0" />
				<line num="3608"  count="9"  type="stmt" />
				<line num="3611"  count="0"  type="stmt" />
				<line num="3614"  count="21"  type="cond"  truecount="2"  falsecount="0" />
				<line num="3618"  count="21"  type="stmt" />
				<line num="3619"  count="21"  type="stmt" />
				<line num="3624"  count="1"  type="stmt" />
				<line num="3625"  count="1"  type="stmt" />
				<line num="3626"  count="0"  type="stmt" />
				<line num="3628"  count="0"  type="cond"  truecount="0"  falsecount="2" />
				<line num="3629"  count="0"  type="stmt" />
				<line num="3632"  count="0"  type="cond"  truecount="0"  falsecount="2" />
				<line num="3633"  count="0"  type="stmt" />
				<line num="3636"  count="0"  type="cond"  truecount="0"  falsecount="2" />
				<line num="3637"  count="0"  type="stmt" />
				<line num="3655"  count="1"  type="stmt" />
				<line num="3656"  count="27"  type="cond"  truecount="2"  falsecount="0" />
				<line num="3658"  count="27"  type="cond"  truecount="2"  falsecount="0" />
				<line num="3659"  count="2"  type="cond"  truecount="1"  falsecount="1" />
				<line num="3660"  count="0"  type="stmt" />
				<line num="3662"  count="2"  type="stmt" />
				<line num="3665"  count="25"  type="stmt" />
				<line num="3666"  count="25"  type="cond"  truecount="5"  falsecount="0" />
				<line num="3667"  count="2"  type="cond"  truecount="1"  falsecount="1" />
				<line num="3669"  count="23"  type="stmt" />
				<line num="3672"  count="25"  type="stmt" />
				<line num="3678"  count="1"  type="stmt" />
				<line num="3679"  count="2"  type="cond"  truecount="2"  falsecount="0" />
				<line num="3680"  count="1"  type="stmt" />
				<line num="3681"  count="1"  type="stmt" />
				<line num="3682"  count="2"  type="stmt" />
				<line num="3685"  count="2"  type="stmt" />
				<line num="3687"  count="1"  type="stmt" />
				<line num="3694"  count="12"  type="stmt" />
				<line num="3702"  count="15"  type="stmt" />
				<line num="3710"  count="0"  type="stmt" />
				<line num="3711"  count="0"  type="stmt" />
				<line num="3712"  count="0"  type="stmt" />
				<line num="3716"  count="1"  type="stmt" />
				<line num="3717"  count="1"  type="stmt" />
				<line num="3718"  count="0"  type="stmt" />
				<line num="3784"  count="1"  type="stmt" />
				<line num="3785"  count="1"  type="stmt" />
				<line num="3786"  count="1"  type="stmt" />
				<line num="3787"  count="1"  type="stmt" />
				<line num="3788"  count="1"  type="stmt" />
				<line num="3790"  count="1"  type="stmt" />
				<line num="3793"  count="0"  type="stmt" />
				<line num="3795"  count="0"  type="cond"  truecount="0"  falsecount="2" />
				<line num="3796"  count="0"  type="cond"  truecount="0"  falsecount="2" />
				<line num="3798"  count="0"  type="stmt" />
				<line num="3801"  count="1"  type="stmt" />
				<line num="3802"  count="116"  type="stmt" />
				<line num="3807"  count="116"  type="cond"  truecount="2"  falsecount="0" />
				<line num="3808"  count="62"  type="cond"  truecount="2"  falsecount="0" />
				<line num="3809"  count="57"  type="stmt" />
				<line num="3810"  count="57"  type="cond"  truecount="1"  falsecount="1" />
				<line num="3811"  count="0"  type="cond"  truecount="0"  falsecount="2" />
				<line num="3812"  count="0"  type="cond"  truecount="0"  falsecount="4" />
				<line num="3813"  count="0"  type="cond"  truecount="0"  falsecount="2" />
				<line num="3815"  count="0"  type="stmt" />
				<line num="3818"  count="0"  type="stmt" />
				<line num="3819"  count="0"  type="stmt" />
				<line num="3820"  count="0"  type="stmt" />
				<line num="3821"  count="0"  type="stmt" />
				<line num="3822"  count="0"  type="stmt" />
				<line num="3826"  count="57"  type="stmt" />
				<line num="3828"  count="54"  type="cond"  truecount="1"  falsecount="1" />
				<line num="3829"  count="54"  type="stmt" />
				<line num="3830"  count="54"  type="stmt" />
				<line num="3831"  count="54"  type="stmt" />
				<line num="3833"  count="0"  type="stmt" />
				<line num="3835"  count="116"  type="stmt" />
				<line num="4350"  count="1"  type="stmt" />
				<line num="4351"  count="1"  type="stmt" />
				<line num="4352"  count="1"  type="stmt" />
				<line num="4368"  count="0"  type="cond"  truecount="0"  falsecount="2" />
				<line num="4369"  count="0"  type="stmt" />
				<line num="4371"  count="0"  type="stmt" />
				<line num="4376"  count="45"  type="stmt" />
				<line num="4377"  count="45"  type="stmt" />
				<line num="4381"  count="2"  type="cond"  truecount="1"  falsecount="1" />
				<line num="4383"  count="1"  type="stmt" />
				<line num="4389"  count="1"  type="stmt" />
				<line num="4390"  count="5"  type="stmt" />
				<line num="4391"  count="92"  type="cond"  truecount="2"  falsecount="0" />
				<line num="4392"  count="2"  type="stmt" />
				<line num="4394"  count="90"  type="stmt" />
				<line num="4399"  count="1"  type="stmt" />
				<line num="4400"  count="130"  type="stmt" />
				<line num="4401"  count="130"  type="cond"  truecount="4"  falsecount="0" />
				<line num="4402"  count="43"  type="stmt" />
				<line num="4404"  count="130"  type="cond"  truecount="1"  falsecount="1" />
				<line num="4405"  count="0"  type="stmt" />
				<line num="4407"  count="130"  type="stmt" />
				<line num="4410"  count="1"  type="stmt" />
				<line num="4411"  count="84"  type="stmt" />
				<line num="4412"  count="7"  type="stmt" />
				<line num="4413"  count="7"  type="cond"  truecount="1"  falsecount="1" />
				<line num="4414"  count="0"  type="stmt" />
				<line num="4416"  count="7"  type="stmt" />
				<line num="4420"  count="1"  type="stmt" />
				<line num="4421"  count="87"  type="stmt" />
				<line num="4426"  count="1"  type="stmt" />
				<line num="4427"  count="0"  type="stmt" />
				<line num="4428"  count="0"  type="stmt" />
				<line num="4432"  count="3"  type="stmt" />
				<line num="4434"  count="1"  type="stmt" />
				<line num="4435"  count="0"  type="stmt" />
				<line num="4436"  count="0"  type="stmt" />
				<line num="4437"  count="0"  type="stmt" />
				<line num="4440"  count="1"  type="stmt" />
				<line num="4441"  count="1"  type="stmt" />
				<line num="4444"  count="1"  type="stmt" />
				<line num="4445"  count="1"  type="stmt" />
				<line num="4446"  count="1"  type="stmt" />
				<line num="4453"  count="1"  type="stmt" />
				<line num="4454"  count="11"  type="cond"  truecount="2"  falsecount="0" />
				<line num="4455"  count="11"  type="stmt" />
				<line num="4456"  count="11"  type="stmt" />
				<line num="4457"  count="15"  type="cond"  truecount="2"  falsecount="0" />
				<line num="4458"  count="12"  type="stmt" />
				<line num="4460"  count="1"  type="stmt" />
				<line num="4461"  count="20"  type="stmt" />
				<line num="4462"  count="20"  type="stmt" />
				<line num="4463"  count="16"  type="stmt" />
				<line num="4466"  count="16"  type="stmt" />
				<line num="4470"  count="12"  type="stmt" />
				<line num="4471"  count="12"  type="cond"  truecount="2"  falsecount="0" />
				<line num="4472"  count="10"  type="stmt" />
				<line num="4473"  count="10"  type="stmt" />
				<line num="4474"  count="10"  type="stmt" />
				<line num="4475"  count="10"  type="stmt" />
				<line num="4476"  count="2"  type="cond"  truecount="1"  falsecount="1" />
				<line num="4477"  count="0"  type="stmt" />
				<line num="4478"  count="2"  type="cond"  truecount="1"  falsecount="1" />
				<line num="4479"  count="2"  type="stmt" />
				<line num="4481"  count="0"  type="stmt" />
				<line num="4484"  count="0"  type="cond"  truecount="0"  falsecount="2" />
				<line num="4485"  count="0"  type="stmt" />
				<line num="4487"  count="0"  type="cond"  truecount="0"  falsecount="5" />
				<line num="4493"  count="0"  type="stmt" />
				<line num="4495"  count="0"  type="stmt" />
				<line num="4499"  count="11"  type="stmt" />
				<line num="4506"  count="1"  type="stmt" />
				<line num="4508"  count="1"  type="stmt" />
				<line num="4509"  count="211"  type="cond"  truecount="2"  falsecount="0" />
				<line num="4510"  count="166"  type="cond"  truecount="1"  falsecount="1" />
				<line num="4511"  count="0"  type="stmt" />
				<line num="4514"  count="166"  type="stmt" />
				<line num="4516"  count="45"  type="stmt" />
				<line num="4517"  count="45"  type="stmt" />
				<line num="4518"  count="45"  type="stmt" />
				<line num="4519"  count="45"  type="stmt" />
				<line num="4521"  count="0"  type="cond"  truecount="0"  falsecount="2" />
				<line num="4522"  count="0"  type="stmt" />
				<line num="4524"  count="0"  type="stmt" />
				<line num="4526"  count="45"  type="stmt" />
				<line num="4531"  count="1"  type="stmt" />
				<line num="4532"  count="116"  type="cond"  truecount="1"  falsecount="1" />
				<line num="4533"  count="0"  type="stmt" />
				<line num="4534"  count="0"  type="stmt" />
				<line num="4537"  count="116"  type="stmt" />
				<line num="4542"  count="116"  type="stmt" />
				<line num="4543"  count="131"  type="stmt" />
				<line num="4544"  count="131"  type="cond"  truecount="1"  falsecount="1" />
				<line num="4545"  count="0"  type="stmt" />
				<line num="4548"  count="131"  type="stmt" />
				<line num="4554"  count="116"  type="cond"  truecount="2"  falsecount="0" />
				<line num="4555"  count="54"  type="stmt" />
				<line num="4560"  count="116"  type="stmt" />
				<line num="4563"  count="1"  type="stmt" />
				<line num="4567"  count="44"  type="cond"  truecount="3"  falsecount="1" />
				<line num="4568"  count="44"  type="stmt" />
				<line num="4570"  count="44"  type="cond"  truecount="3"  falsecount="1" />
				<line num="4573"  count="2"  type="stmt" />
				<line num="4579"  count="1"  type="cond"  truecount="2"  falsecount="0" />
				<line num="4585"  count="1"  type="stmt" />
				<line num="4595"  count="1"  type="stmt" />
				<line num="4597"  count="1"  type="stmt" />
				<line num="4612"  count="1"  type="stmt" />
				<line num="4613"  count="0"  type="stmt" />
				<line num="4757"  count="1"  type="stmt" />
				<line num="4758"  count="1"  type="stmt" />
				<line num="4763"  count="1"  type="stmt" />
				<line num="4764"  count="0"  type="stmt" />
				<line num="4765"  count="0"  type="stmt" />
				<line num="4766"  count="0"  type="cond"  truecount="0"  falsecount="2" />
				<line num="4767"  count="0"  type="stmt" />
				<line num="4768"  count="0"  type="stmt" />
				<line num="4771"  count="0"  type="stmt" />
				<line num="4774"  count="1"  type="stmt" />
				<line num="4776"  count="0"  type="stmt" />
				<line num="4778"  count="0"  type="cond"  truecount="0"  falsecount="2" />
				<line num="4779"  count="0"  type="stmt" />
				<line num="4780"  count="0"  type="cond"  truecount="0"  falsecount="2" />
				<line num="4781"  count="0"  type="stmt" />
				<line num="4782"  count="0"  type="stmt" />
				<line num="4783"  count="0"  type="cond"  truecount="0"  falsecount="2" />
				<line num="4784"  count="0"  type="stmt" />
				<line num="4786"  count="0"  type="stmt" />
				<line num="4788"  count="0"  type="cond"  truecount="0"  falsecount="2" />
				<line num="4789"  count="0"  type="stmt" />
				<line num="4792"  count="0"  type="stmt" />
				<line num="4795"  count="1"  type="stmt" />
				<line num="4796"  count="0"  type="cond"  truecount="0"  falsecount="2" />
				<line num="4797"  count="0"  type="stmt" />
				<line num="4799"  count="0"  type="stmt" />
				<line num="4801"  count="0"  type="cond"  truecount="0"  falsecount="2" />
				<line num="4815"  count="0"  type="stmt" />
				<line num="4816"  count="0"  type="stmt" />
				<line num="4819"  count="0"  type="stmt" />
[...]
				<line num="27960"  count="0"  type="stmt" />
				<line num="27961"  count="0"  type="stmt" />
				<line num="27973"  count="0"  type="stmt" />
				<line num="27976"  count="0"  type="stmt" />
				<line num="27977"  count="0"  type="stmt" />
				<line num="27993"  count="0"  type="cond"  truecount="0"  falsecount="2" />
				<line num="27994"  count="0"  type="stmt" />
				<line num="27997"  count="0"  type="cond"  truecount="0"  falsecount="2" />
				<line num="27998"  count="0"  type="stmt" />
				<line num="27999"  count="0"  type="cond"  truecount="0"  falsecount="2" />
				<line num="28001"  count="0"  type="cond"  truecount="0"  falsecount="2" />
				<line num="28003"  count="0"  type="stmt" />
				<line num="28004"  count="0"  type="stmt" />
				<line num="28005"  count="0"  type="cond"  truecount="0"  falsecount="4" />
				<line num="28006"  count="0"  type="stmt" />
				<line num="28011"  count="0"  type="stmt" />
				<line num="28012"  count="0"  type="stmt" />
				<line num="28015"  count="0"  type="stmt" />
				<line num="28016"  count="0"  type="cond"  truecount="0"  falsecount="2" />
				<line num="28017"  count="0"  type="stmt" />
				<line num="28018"  count="0"  type="stmt" />
				<line num="28019"  count="0"  type="cond"  truecount="0"  falsecount="2" />
				<line num="28021"  count="0"  type="stmt" />
				<line num="28022"  count="0"  type="stmt" />
				<line num="28023"  count="0"  type="stmt" />
				<line num="28024"  count="0"  type="stmt" />
				<line num="28025"  count="0"  type="cond"  truecount="0"  falsecount="2" />
				<line num="28027"  count="0"  type="stmt" />
				<line num="28028"  count="0"  type="cond"  truecount="0"  falsecount="4" />
				<line num="28030"  count="0"  type="stmt" />
				<line num="28035"  count="0"  type="stmt" />
				<line num="28036"  count="0"  type="stmt" />
				<line num="28041"  count="0"  type="stmt" />
				<line num="28042"  count="0"  type="stmt" />
				<line num="28043"  count="0"  type="stmt" />
				<line num="28044"  count="0"  type="stmt" />
				<line num="28045"  count="0"  type="cond"  truecount="0"  falsecount="2" />
				<line num="28048"  count="0"  type="stmt" />
				<line num="28049"  count="0"  type="stmt" />
				<line num="28052"  count="0"  type="stmt" />
				<line num="28056"  count="0"  type="stmt" />
				<line num="28057"  count="0"  type="cond"  truecount="0"  falsecount="2" />
				<line num="28058"  count="0"  type="stmt" />
				<line num="28059"  count="0"  type="stmt" />
				<line num="28061"  count="0"  type="cond"  truecount="0"  falsecount="2" />
				<line num="28065"  count="0"  type="stmt" />
				<line num="28068"  count="0"  type="stmt" />
				<line num="28069"  count="0"  type="stmt" />
				<line num="28072"  count="0"  type="cond"  truecount="0"  falsecount="2" />
				<line num="28074"  count="0"  type="stmt" />
				<line num="28076"  count="0"  type="stmt" />
				<line num="28077"  count="0"  type="stmt" />
				<line num="28080"  count="0"  type="stmt" />
				<line num="28081"  count="0"  type="stmt" />
				<line num="28083"  count="0"  type="stmt" />
				<line num="28084"  count="0"  type="stmt" />
				<line num="28086"  count="0"  type="stmt" />
				<line num="28087"  count="0"  type="stmt" />
				<line num="28091"  count="0"  type="stmt" />
				<line num="28092"  count="0"  type="stmt" />
				<line num="28093"  count="0"  type="stmt" />
				<line num="28097"  count="0"  type="stmt" />
				<line num="28104"  count="1"  type="stmt" />
				<line num="28105"  count="1"  type="stmt" />
				<line num="28261"  count="1"  type="stmt" />
				<line num="28262"  count="0"  type="stmt" />
				<line num="28266"  count="0"  type="stmt" />
				<line num="28271"  count="0"  type="cond"  truecount="0"  falsecount="2" />
				<line num="28422"  count="1"  type="stmt" />
				<line num="28423"  count="0"  type="stmt" />
				<line num="28427"  count="0"  type="stmt" />
				<line num="28430"  count="0"  type="cond"  truecount="0"  falsecount="2" />
				<line num="28484"  count="1"  type="stmt" />
				<line num="28485"  count="0"  type="stmt" />
				<line num="28486"  count="0"  type="cond"  truecount="0"  falsecount="4" />
				<line num="28487"  count="0"  type="stmt" />
				<line num="28489"  count="0"  type="cond"  truecount="0"  falsecount="2" />
				<line num="28620"  count="1"  type="stmt" />
				<line num="28621"  count="0"  type="stmt" />
				<line num="28626"  count="0"  type="stmt" />
				<line num="28629"  count="0"  type="cond"  truecount="0"  falsecount="2" />
				<line num="28635"  count="0"  type="stmt" />
				<line num="28636"  count="0"  type="stmt" />
				<line num="28639"  count="0"  type="stmt" />
				<line num="28640"  count="0"  type="stmt" />
				<line num="28641"  count="0"  type="stmt" />
				<line num="28642"  count="0"  type="stmt" />
				<line num="28644"  count="0"  type="stmt" />
				<line num="28646"  count="0"  type="stmt" />
				<line num="28647"  count="0"  type="stmt" />
				<line num="28648"  count="0"  type="stmt" />
				<line num="28649"  count="0"  type="stmt" />
				<line num="28650"  count="0"  type="stmt" />
				<line num="28653"  count="0"  type="stmt" />
				<line num="28654"  count="0"  type="stmt" />
				<line num="28656"  count="0"  type="cond"  truecount="0"  falsecount="4" />
				<line num="28657"  count="0"  type="stmt" />
				<line num="28658"  count="0"  type="stmt" />
				<line num="28659"  count="0"  type="stmt" />
				<line num="28660"  count="0"  type="stmt" />
				<line num="28661"  count="0"  type="stmt" />
				<line num="28662"  count="0"  type="stmt" />
				<line num="28664"  count="0"  type="stmt" />
				<line num="28665"  count="0"  type="stmt" />
				<line num="28674"  count="1"  type="stmt" />
				<line num="28680"  count="0"  type="cond"  truecount="0"  falsecount="2" />
				<line num="28681"  count="0"  type="stmt" />
				<line num="28685"  count="1"  type="stmt" />
				<line num="28691"  count="0"  type="cond"  truecount="0"  falsecount="2" />
				<line num="28692"  count="0"  type="stmt" />
				<line num="28750"  count="1"  type="stmt" />
				<line num="28753"  count="0"  type="cond"  truecount="0"  falsecount="2" />
				<line num="28754"  count="0"  type="stmt" />
				<line num="28761"  count="0"  type="stmt" />
				<line num="28762"  count="0"  type="stmt" />
				<line num="28763"  count="0"  type="stmt" />
				<line num="28801"  count="1"  type="stmt" />
				<line num="28802"  count="1"  type="stmt" />
				<line num="28806"  count="9"  type="cond"  truecount="1"  falsecount="1" />
				<line num="28807"  count="0"  type="stmt" />
				<line num="28810"  count="0"  type="stmt" />
				<line num="28816"  count="1"  type="stmt" />
				<line num="28818"  count="1"  type="stmt" />
				<line num="28822"  count="0"  type="cond"  truecount="0"  falsecount="2" />
				<line num="28823"  count="0"  type="stmt" />
				<line num="28835"  count="1"  type="stmt" />
				<line num="28838"  count="0"  type="stmt" />
				<line num="28842"  count="0"  type="stmt" />
				<line num="28850"  count="0"  type="stmt" />
				<line num="28851"  count="0"  type="stmt" />
				<line num="28852"  count="0"  type="stmt" />
				<line num="28853"  count="0"  type="stmt" />
				<line num="28854"  count="0"  type="stmt" />
				<line num="28855"  count="0"  type="stmt" />
				<line num="28858"  count="0"  type="stmt" />
				<line num="28860"  count="0"  type="stmt" />
				<line num="28863"  count="0"  type="stmt" />
				<line num="28864"  count="0"  type="cond"  truecount="0"  falsecount="2" />
				<line num="28870"  count="0"  type="stmt" />
				<line num="28871"  count="0"  type="stmt" />
				<line num="28872"  count="0"  type="stmt" />
				<line num="28878"  count="0"  type="stmt" />
				<line num="28879"  count="0"  type="cond"  truecount="0"  falsecount="2" />
				<line num="28880"  count="0"  type="stmt" />
				<line num="28881"  count="0"  type="stmt" />
				<line num="28882"  count="0"  type="cond"  truecount="0"  falsecount="2" />
				<line num="28884"  count="0"  type="cond"  truecount="0"  falsecount="4" />
				<line num="28885"  count="0"  type="stmt" />
				<line num="28886"  count="0"  type="stmt" />
				<line num="28888"  count="0"  type="stmt" />
				<line num="28895"  count="0"  type="stmt" />
				<line num="28897"  count="0"  type="cond"  truecount="0"  falsecount="2" />
				<line num="28899"  count="0"  type="stmt" />
				<line num="28900"  count="0"  type="cond"  truecount="0"  falsecount="2" />
				<line num="28901"  count="0"  type="stmt" />
				<line num="28903"  count="0"  type="cond"  truecount="0"  falsecount="2" />
				<line num="28904"  count="0"  type="stmt" />
				<line num="28905"  count="0"  type="stmt" />
				<line num="28906"  count="0"  type="stmt" />
				<line num="28910"  count="0"  type="stmt" />
				<line num="28911"  count="0"  type="stmt" />
				<line num="28912"  count="0"  type="cond"  truecount="0"  falsecount="2" />
				<line num="28913"  count="0"  type="cond"  truecount="0"  falsecount="2" />
				<line num="28914"  count="0"  type="stmt" />
				<line num="28915"  count="0"  type="cond"  truecount="0"  falsecount="2" />
				<line num="28916"  count="0"  type="stmt" />
				<line num="28919"  count="0"  type="stmt" />
				<line num="28925"  count="0"  type="stmt" />
				<line num="28926"  count="0"  type="stmt" />
				<line num="28930"  count="0"  type="stmt" />
				<line num="28932"  count="0"  type="cond"  truecount="0"  falsecount="2" />
				<line num="28934"  count="0"  type="stmt" />
				<line num="28935"  count="0"  type="stmt" />
				<line num="28936"  count="0"  type="cond"  truecount="0"  falsecount="2" />
				<line num="28937"  count="0"  type="stmt" />
				<line num="28939"  count="0"  type="stmt" />
				<line num="28940"  count="0"  type="stmt" />
				<line num="28942"  count="0"  type="cond"  truecount="0"  falsecount="2" />
				<line num="28944"  count="0"  type="stmt" />
				<line num="28945"  count="0"  type="stmt" />
				<line num="28946"  count="0"  type="cond"  truecount="0"  falsecount="2" />
				<line num="28947"  count="0"  type="stmt" />
				<line num="28949"  count="0"  type="stmt" />
				<line num="28953"  count="0"  type="stmt" />
				<line num="28956"  count="0"  type="stmt" />
				<line num="28957"  count="0"  type="stmt" />
				<line num="28958"  count="0"  type="stmt" />
				<line num="29167"  count="1"  type="stmt" />
				<line num="29169"  count="0"  type="stmt" />
				<line num="29180"  count="1"  type="stmt" />
				<line num="29183"  count="0"  type="stmt" />
				<line num="29184"  count="0"  type="cond"  truecount="0"  falsecount="2" />
				<line num="29186"  count="0"  type="stmt" />
				<line num="29188"  count="0"  type="stmt" />
				<line num="29193"  count="0"  type="stmt" />
				<line num="29194"  count="0"  type="stmt" />
				<line num="29195"  count="0"  type="stmt" />
				<line num="29203"  count="0"  type="cond"  truecount="0"  falsecount="2" />
				<line num="29206"  count="0"  type="stmt" />
				<line num="29207"  count="0"  type="stmt" />
				<line num="29208"  count="0"  type="stmt" />
				<line num="29209"  count="0"  type="cond"  truecount="0"  falsecount="2" />
				<line num="29210"  count="0"  type="stmt" />
				<line num="29213"  count="0"  type="stmt" />
				<line num="29217"  count="0"  type="stmt" />
				<line num="29218"  count="0"  type="stmt" />
				<line num="29219"  count="0"  type="stmt" />
				<line num="29220"  count="0"  type="stmt" />
				<line num="29226"  count="0"  type="stmt" />
				<line num="29227"  count="0"  type="stmt" />
				<line num="29228"  count="0"  type="cond"  truecount="0"  falsecount="4" />
				<line num="29229"  count="0"  type="stmt" />
				<line num="29230"  count="0"  type="stmt" />
				<line num="29232"  count="0"  type="stmt" />
				<line num="29237"  count="0"  type="stmt" />
				<line num="29238"  count="0"  type="cond"  truecount="0"  falsecount="2" />
				<line num="29244"  count="1"  type="stmt" />
				<line num="29246"  count="0"  type="stmt" />
				<line num="29247"  count="0"  type="cond"  truecount="0"  falsecount="2" />
				<line num="29249"  count="0"  type="stmt" />
				<line num="29256"  count="0"  type="stmt" />
				<line num="29257"  count="0"  type="stmt" />
				<line num="29266"  count="1"  type="stmt" />
				<line num="29267"  count="0"  type="stmt" />
				<line num="29271"  count="0"  type="cond"  truecount="0"  falsecount="2" />
				<line num="29273"  count="0"  type="stmt" />
				<line num="29277"  count="0"  type="stmt" />
				<line num="29278"  count="0"  type="cond"  truecount="0"  falsecount="2" />
				<line num="29279"  count="0"  type="stmt" />
				<line num="29283"  count="0"  type="stmt" />
				<line num="29286"  count="0"  type="stmt" />
				<line num="29291"  count="0"  type="cond"  truecount="0"  falsecount="2" />
				<line num="29292"  count="0"  type="stmt" />
				<line num="29299"  count="1"  type="stmt" />
				<line num="29362"  count="1"  type="stmt" />
				<line num="29363"  count="0"  type="stmt" />
				<line num="29367"  count="0"  type="cond"  truecount="0"  falsecount="2" />
				<line num="29368"  count="0"  type="stmt" />
				<line num="29370"  count="0"  type="stmt" />
				<line num="29371"  count="0"  type="cond"  truecount="0"  falsecount="2" />
				<line num="29374"  count="0"  type="stmt" />
				<line num="29375"  count="0"  type="stmt" />
				<line num="29456"  count="1"  type="stmt" />
				<line num="29457"  count="0"  type="stmt" />
				<line num="29461"  count="0"  type="cond"  truecount="0"  falsecount="2" />
				<line num="29463"  count="0"  type="cond"  truecount="0"  falsecount="2" />
				<line num="29464"  count="0"  type="stmt" />
				<line num="29465"  count="0"  type="cond"  truecount="0"  falsecount="4" />
				<line num="29466"  count="0"  type="stmt" />
				<line num="29469"  count="0"  type="cond"  truecount="0"  falsecount="4" />
				<line num="29470"  count="0"  type="stmt" />
				<line num="29475"  count="0"  type="cond"  truecount="0"  falsecount="2" />
				<line num="29476"  count="0"  type="stmt" />
				<line num="29479"  count="0"  type="stmt" />
				<line num="29481"  count="0"  type="cond"  truecount="0"  falsecount="3" />
				<line num="29553"  count="1"  type="stmt" />
				<line num="29554"  count="0"  type="stmt" />
				<line num="29558"  count="0"  type="cond"  truecount="0"  falsecount="2" />
				<line num="29560"  count="0"  type="stmt" />
				<line num="29561"  count="0"  type="stmt" />
				<line num="29562"  count="0"  type="stmt" />
				<line num="29563"  count="0"  type="cond"  truecount="0"  falsecount="2" />
				<line num="29564"  count="0"  type="stmt" />
				<line num="29566"  count="0"  type="stmt" />
				<line num="29567"  count="0"  type="cond"  truecount="0"  falsecount="3" />
				<line num="29637"  count="1"  type="stmt" />
				<line num="29638"  count="0"  type="stmt" />
				<line num="29642"  count="0"  type="cond"  truecount="0"  falsecount="2" />
				<line num="29644"  count="0"  type="stmt" />
				<line num="29645"  count="0"  type="stmt" />
				<line num="29646"  count="0"  type="cond"  truecount="0"  falsecount="2" />
				<line num="29647"  count="0"  type="stmt" />
				<line num="29649"  count="0"  type="stmt" />
				<line num="29650"  count="0"  type="cond"  truecount="0"  falsecount="2" />
				<line num="29656"  count="1"  type="cond"  truecount="1"  falsecount="1" />
				<line num="29658"  count="0"  type="cond"  truecount="0"  falsecount="2" />
				<line num="29659"  count="0"  type="stmt" />
				<line num="29661"  count="0"  type="stmt" />
				<line num="29666"  count="1"  type="stmt" />
				<line num="29668"  count="1"  type="stmt" />
				<line num="29670"  count="1"  type="stmt" />
				<line num="29671"  count="1"  type="stmt" />
				<line num="29672"  count="1"  type="stmt" />
				<line num="29673"  count="0"  type="stmt" />
				<line num="29674"  count="0"  type="stmt" />
				<line num="29675"  count="0"  type="cond"  truecount="0"  falsecount="2" />
				<line num="29678"  count="1"  type="stmt" />
				<line num="29679"  count="0"  type="stmt" />
				<line num="29681"  count="0"  type="cond"  truecount="0"  falsecount="2" />
				<line num="29682"  count="0"  type="stmt" />
				<line num="29685"  count="0"  type="stmt" />
				<line num="29686"  count="0"  type="stmt" />
				<line num="29687"  count="0"  type="stmt" />
				<line num="29690"  count="1"  type="stmt" />
				<line num="29809"  count="0"  type="cond"  truecount="0"  falsecount="4" />
				<line num="29813"  count="1"  type="stmt" />
				<line num="29814"  count="1"  type="stmt" />
				<line num="29819"  count="1"  type="cond"  truecount="2"  falsecount="0" />
			</file>
		</package>
		<package name="app.bower_components.html5-boilerplate.dist.js.vendor" >
			<metrics statements="1"  coveredstatements="1"  conditionals="363"  coveredconditionals="110"  methods="115"  coveredmethods="66" />
			<file name="modernizr-2.8.3.min.js"  path="c:\Users\mbiel\Desktop\WORKSPACE\FIXED_ISTANBUL\app\bower_components\html5-boilerplate\dist\js\vendor\modernizr-2.8.3.min.js" >
				<metrics statements="1"  coveredstatements="1"  conditionals="363"  coveredconditionals="110"  methods="115"  coveredmethods="66" />
				<line num="4"  count="41"  type="cond"  truecount="110"  falsecount="253" />
			</file>
		</package>
		<package name="app.components.version" >
			<metrics statements="7"  coveredstatements="5"  conditionals="0"  coveredconditionals="0"  methods="4"  coveredmethods="2" />
			<file name="interpolate-filter.js"  path="c:\Users\mbiel\Desktop\WORKSPACE\FIXED_ISTANBUL\app\components\version\interpolate-filter.js" >
				<metrics statements="3"  coveredstatements="1"  conditionals="0"  coveredconditionals="0"  methods="2"  coveredmethods="0" />
				<line num="3"  count="1"  type="stmt" />
				<line num="6"  count="0"  type="stmt" />
				<line num="7"  count="0"  type="stmt" />
			</file>
			<file name="version-directive.js"  path="c:\Users\mbiel\Desktop\WORKSPACE\FIXED_ISTANBUL\app\components\version\version-directive.js" >
				<metrics statements="3"  coveredstatements="3"  conditionals="0"  coveredconditionals="0"  methods="2"  coveredmethods="2" />
				<line num="3"  count="1"  type="stmt" />
				<line num="6"  count="1"  type="stmt" />
				<line num="7"  count="1"  type="stmt" />
			</file>
			<file name="version.js"  path="c:\Users\mbiel\Desktop\WORKSPACE\FIXED_ISTANBUL\app\components\version\version.js" >
				<metrics statements="1"  coveredstatements="1"  conditionals="0"  coveredconditionals="0"  methods="0"  coveredmethods="0" />
				<line num="3"  count="1"  type="stmt" />
			</file>
		</package>
		<package name="app.view1" >
			<metrics statements="8"  coveredstatements="8"  conditionals="0"  coveredconditionals="0"  methods="4"  coveredmethods="4" />
			<file name="view1.js"  path="c:\Users\mbiel\Desktop\WORKSPACE\FIXED_ISTANBUL\app\view1\view1.js" >
				<metrics statements="8"  coveredstatements="8"  conditionals="0"  coveredconditionals="0"  methods="4"  coveredmethods="4" />
				<line num="2"  count="1"  type="stmt" />
				<line num="3"  count="1"  type="stmt" />
				<line num="7"  count="1"  type="stmt" />
				<line num="8"  count="1"  type="stmt" />
				<line num="14"  count="1"  type="stmt" />
				<line num="15"  count="1"  type="stmt" />
				<line num="16"  count="1"  type="stmt" />
				<line num="17"  count="1"  type="stmt" />
			</file>
		</package>
		<package name="app.view2" >
			<metrics statements="2"  coveredstatements="2"  conditionals="0"  coveredconditionals="0"  methods="2"  coveredmethods="1" />
			<file name="view2.js"  path="c:\Users\mbiel\Desktop\WORKSPACE\FIXED_ISTANBUL\app\view2\view2.js" >
				<metrics statements="2"  coveredstatements="2"  conditionals="0"  coveredconditionals="0"  methods="2"  coveredmethods="1" />
				<line num="3"  count="1"  type="stmt" />
				<line num="6"  count="1"  type="stmt" />
			</file>
		</package>
	</project>
</coverage>
