TN:
SF:c:\Users\mbiel\Desktop\WORKSPACE\angular-seed\angular-seed\app\components\version\interpolate-filter.js
FN:5,(anonymous_1)
FN:6,(anonymous_2)
FNF:2
FNH:0
FNDA:0,(anonymous_1)
FNDA:0,(anonymous_2)
DA:3,1
DA:6,0
DA:7,0
LF:3
LH:1
BRF:0
BRH:0
end_of_record
TN:
SF:c:\Users\mbiel\Desktop\WORKSPACE\angular-seed\angular-seed\app\view2\view2.js
FN:5,(anonymous_1)
FN:12,(anonymous_2)
FNF:2
FNH:1
FNDA:1,(anonymous_1)
FNDA:0,(anonymous_2)
DA:3,1
DA:6,1
LF:2
LH:2
BRF:0
BRH:0
end_of_record
TN:
SF:c:\Users\mbiel\Desktop\WORKSPACE\angular-seed\angular-seed\app\bower_components\angular-route\angular-route.js
FN:6,(anonymous_1)
FN:42,$RouteProvider
FN:43,inherit
FN:148,(anonymous_4)
FN:199,pathRegExp
FN:209,(anonymous_6)
FN:241,(anonymous_7)
FN:257,(anonymous_8)
FN:469,(anonymous_9)
FN:474,fakePreventDefault
FN:480,(anonymous_11)
FN:499,(anonymous_12)
FN:529,switchRouteMatcher
FN:550,prepareRoute
FN:567,commitRoute
FN:591,(anonymous_16)
FN:596,(anonymous_17)
FN:620,(anonymous_18)
FN:629,(anonymous_19)
FN:641,parseRoute
FN:644,(anonymous_21)
FN:659,interpolate
FN:661,(anonymous_23)
FN:713,$RouteParamsProvider
FN:714,(anonymous_25)
FN:894,ngViewFactory
FN:900,(anonymous_27)
FN:910,cleanupLastView
FN:922,(anonymous_29)
FN:929,update
FN:943,(anonymous_31)
FN:944,onNgViewEnter
FN:971,ngViewFillContentFactory
FN:975,(anonymous_34)
FNF:34
FNH:24
FNDA:1,(anonymous_1)
FNDA:1,$RouteProvider
FNDA:1,inherit
FNDA:3,(anonymous_4)
FNDA:4,pathRegExp
FNDA:0,(anonymous_6)
FNDA:1,(anonymous_7)
FNDA:1,(anonymous_8)
FNDA:0,(anonymous_9)
FNDA:0,fakePreventDefault
FNDA:0,(anonymous_11)
FNDA:0,(anonymous_12)
FNDA:1,switchRouteMatcher
FNDA:1,prepareRoute
FNDA:1,commitRoute
FNDA:1,(anonymous_16)
FNDA:0,(anonymous_17)
FNDA:1,(anonymous_18)
FNDA:0,(anonymous_19)
FNDA:1,parseRoute
FNDA:5,(anonymous_21)
FNDA:0,interpolate
FNDA:0,(anonymous_23)
FNDA:1,$RouteParamsProvider
FNDA:1,(anonymous_25)
FNDA:1,ngViewFactory
FNDA:1,(anonymous_27)
FNDA:2,cleanupLastView
FNDA:0,(anonymous_29)
FNDA:2,update
FNDA:1,(anonymous_31)
FNDA:1,onNgViewEnter
FNDA:1,ngViewFillContentFactory
FNDA:1,(anonymous_34)
DA:6,1
DA:24,1
DA:42,1
DA:43,1
DA:44,1
DA:47,1
DA:148,1
DA:150,3
DA:151,3
DA:152,3
DA:154,3
DA:155,3
DA:157,3
DA:163,3
DA:164,2
DA:168,2
DA:174,3
DA:186,1
DA:199,1
DA:200,4
DA:207,4
DA:210,0
DA:211,0
DA:212,0
DA:213,0
DA:214,0
DA:225,4
DA:226,4
DA:241,1
DA:242,1
DA:243,0
DA:245,1
DA:246,1
DA:250,1
DA:452,1
DA:470,0
DA:472,0
DA:475,0
DA:476,0
DA:480,0
DA:481,0
DA:482,0
DA:500,0
DA:501,0
DA:502,0
DA:504,0
DA:506,0
DA:511,1
DA:512,1
DA:514,1
DA:529,1
DA:530,1
DA:533,1
DA:535,1
DA:536,1
DA:538,1
DA:539,0
DA:541,0
DA:543,0
DA:544,0
DA:547,1
DA:550,1
DA:551,1
DA:553,1
DA:554,1
DA:558,1
DA:559,1
DA:560,0
DA:561,0
DA:567,1
DA:568,1
DA:569,1
DA:571,1
DA:572,0
DA:573,0
DA:574,0
DA:575,1
DA:576,1
DA:577,1
DA:578,1
DA:579,1
DA:580,0
DA:581,0
DA:584,0
DA:590,1
DA:592,1
DA:593,1
DA:596,1
DA:597,0
DA:601,1
DA:602,0
DA:603,0
DA:605,1
DA:606,1
DA:607,0
DA:609,1
DA:610,1
DA:611,1
DA:614,1
DA:615,1
DA:617,1
DA:622,1
DA:623,1
DA:624,1
DA:625,1
DA:627,1
DA:630,0
DA:631,0
DA:641,1
DA:643,1
DA:644,1
DA:645,5
DA:646,1
DA:649,1
DA:653,1
DA:659,1
DA:660,0
DA:661,0
DA:662,0
DA:663,0
DA:665,0
DA:666,0
DA:667,0
DA:668,0
DA:669,0
DA:672,0
DA:677,1
DA:713,1
DA:714,1
DA:717,1
DA:718,1
DA:893,1
DA:894,1
DA:895,1
DA:901,1
DA:907,1
DA:908,1
DA:910,1
DA:911,2
DA:912,0
DA:913,0
DA:916,2
DA:917,0
DA:918,0
DA:920,2
DA:921,0
DA:922,0
DA:923,0
DA:925,0
DA:929,1
DA:930,2
DA:933,2
DA:934,1
DA:935,1
DA:943,1
DA:944,1
DA:945,1
DA:947,0
DA:950,1
DA:953,1
DA:954,1
DA:955,1
DA:956,1
DA:958,1
DA:970,1
DA:971,1
DA:972,1
DA:976,1
DA:979,1
DA:981,1
DA:983,1
DA:984,1
DA:985,1
DA:986,1
DA:987,0
DA:989,1
DA:990,1
DA:993,1
LF:178
LH:122
BRDA:151,1,0,3
BRDA:151,1,1,0
BRDA:154,2,0,3
BRDA:154,2,1,0
BRDA:159,3,0,3
BRDA:159,3,1,2
BRDA:163,4,0,2
BRDA:163,4,1,1
BRDA:164,5,0,0
BRDA:164,5,1,2
BRDA:210,6,0,0
BRDA:210,6,1,0
BRDA:210,7,0,0
BRDA:210,7,1,0
BRDA:211,8,0,0
BRDA:211,8,1,0
BRDA:211,9,0,0
BRDA:211,9,1,0
BRDA:213,10,0,0
BRDA:213,10,1,0
BRDA:215,11,0,0
BRDA:215,11,1,0
BRDA:217,12,0,0
BRDA:217,12,1,0
BRDA:218,13,0,0
BRDA:218,13,1,0
BRDA:218,13,2,0
BRDA:219,14,0,0
BRDA:219,14,1,0
BRDA:221,15,0,0
BRDA:221,15,1,0
BRDA:225,16,0,0
BRDA:225,16,1,4
BRDA:242,17,0,0
BRDA:242,17,1,1
BRDA:482,18,0,0
BRDA:482,18,1,0
BRDA:500,19,0,0
BRDA:500,19,1,0
BRDA:500,20,0,0
BRDA:500,20,1,0
BRDA:533,21,0,0
BRDA:533,21,1,1
BRDA:536,22,0,0
BRDA:536,22,1,1
BRDA:543,23,0,0
BRDA:543,23,1,0
BRDA:543,24,0,0
BRDA:543,24,1,0
BRDA:554,25,0,1
BRDA:554,25,1,1
BRDA:554,25,2,0
BRDA:554,25,3,0
BRDA:554,25,4,0
BRDA:554,25,5,0
BRDA:558,26,0,1
BRDA:558,26,1,0
BRDA:558,27,0,1
BRDA:558,27,1,1
BRDA:558,27,2,1
BRDA:559,28,0,0
BRDA:559,28,1,1
BRDA:560,29,0,0
BRDA:560,29,1,0
BRDA:571,30,0,0
BRDA:571,30,1,1
BRDA:575,31,0,1
BRDA:575,31,1,0
BRDA:575,32,0,1
BRDA:575,32,1,0
BRDA:578,33,0,1
BRDA:578,33,1,0
BRDA:579,34,0,0
BRDA:579,34,1,1
BRDA:580,35,0,0
BRDA:580,35,1,0
BRDA:592,36,0,1
BRDA:592,36,1,0
BRDA:597,37,0,0
BRDA:597,37,1,0
BRDA:601,38,0,0
BRDA:601,38,1,1
BRDA:602,39,0,0
BRDA:602,39,1,0
BRDA:605,40,0,1
BRDA:605,40,1,0
BRDA:606,41,0,0
BRDA:606,41,1,1
BRDA:609,42,0,1
BRDA:609,42,1,0
BRDA:614,43,0,1
BRDA:614,43,1,0
BRDA:622,44,0,1
BRDA:622,44,1,0
BRDA:623,45,0,1
BRDA:623,45,1,0
BRDA:630,46,0,0
BRDA:630,46,1,0
BRDA:645,47,0,1
BRDA:645,47,1,4
BRDA:645,48,0,5
BRDA:645,48,1,1
BRDA:653,49,0,1
BRDA:653,49,1,0
BRDA:653,49,2,0
BRDA:661,50,0,0
BRDA:661,50,1,0
BRDA:662,51,0,0
BRDA:662,51,1,0
BRDA:668,52,0,0
BRDA:668,52,1,0
BRDA:905,53,0,1
BRDA:905,53,1,1
BRDA:911,54,0,0
BRDA:911,54,1,2
BRDA:916,55,0,0
BRDA:916,55,1,2
BRDA:920,56,0,0
BRDA:920,56,1,2
BRDA:930,57,0,2
BRDA:930,57,1,1
BRDA:931,58,0,2
BRDA:931,58,1,1
BRDA:933,59,0,1
BRDA:933,59,1,1
BRDA:944,60,0,1
BRDA:944,60,1,1
BRDA:945,61,0,0
BRDA:945,61,1,1
BRDA:945,62,0,1
BRDA:945,62,1,0
BRDA:945,62,2,0
BRDA:983,63,0,1
BRDA:983,63,1,0
BRDA:986,64,0,0
BRDA:986,64,1,1
BRF:136
BRH:53
end_of_record
TN:
SF:c:\Users\mbiel\Desktop\WORKSPACE\angular-seed\angular-seed\app\bower_components\html5-boilerplate\dist\js\vendor\modernizr-2.8.3.min.js
FN:4,(anonymous_1)
FN:4,D
FN:4,E
FN:4,F
FN:4,G
FN:4,H
FN:4,I
FN:4,J
FN:4,K
FN:4,(anonymous_10)
FN:4,(anonymous_11)
FN:4,(anonymous_12)
FN:4,(anonymous_13)
FN:4,(anonymous_14)
FN:4,(anonymous_15)
FN:4,d
FN:4,(anonymous_17)
FN:4,(anonymous_18)
FN:4,(anonymous_19)
FN:4,(anonymous_20)
FN:4,(anonymous_21)
FN:4,(anonymous_22)
FN:4,(anonymous_23)
FN:4,(anonymous_24)
FN:4,(anonymous_25)
FN:4,(anonymous_26)
FN:4,(anonymous_27)
FN:4,(anonymous_28)
FN:4,(anonymous_29)
FN:4,(anonymous_30)
FN:4,(anonymous_31)
FN:4,(anonymous_32)
FN:4,(anonymous_33)
FN:4,(anonymous_34)
FN:4,(anonymous_35)
FN:4,(anonymous_36)
FN:4,(anonymous_37)
FN:4,(anonymous_38)
FN:4,(anonymous_39)
FN:4,(anonymous_40)
FN:4,(anonymous_41)
FN:4,(anonymous_42)
FN:4,(anonymous_43)
FN:4,(anonymous_44)
FN:4,(anonymous_45)
FN:4,(anonymous_46)
FN:4,(anonymous_47)
FN:4,(anonymous_48)
FN:4,(anonymous_49)
FN:4,(anonymous_50)
FN:4,(anonymous_51)
FN:4,(anonymous_52)
FN:4,(anonymous_53)
FN:4,(anonymous_54)
FN:4,(anonymous_55)
FN:4,(anonymous_56)
FN:4,(anonymous_57)
FN:4,(anonymous_58)
FN:4,(anonymous_59)
FN:4,(anonymous_60)
FN:4,(anonymous_61)
FN:4,(anonymous_62)
FN:4,(anonymous_63)
FN:4,(anonymous_64)
FN:4,(anonymous_65)
FN:4,(anonymous_66)
FN:4,(anonymous_67)
FN:4,(anonymous_68)
FN:4,l
FN:4,m
FN:4,n
FN:4,o
FN:4,p
FN:4,q
FN:4,(anonymous_75)
FN:4,(anonymous_76)
FN:4,r
FN:4,(anonymous_78)
FN:4,(anonymous_79)
FN:4,(anonymous_80)
FN:4,(anonymous_81)
FN:4,(anonymous_82)
FN:4,d
FN:4,e
FN:4,f
FN:4,g
FN:4,h
FN:4,(anonymous_88)
FN:4,i
FN:4,k
FN:4,(anonymous_91)
FN:4,(anonymous_92)
FN:4,j
FN:4,k
FN:4,(anonymous_95)
FN:4,(anonymous_96)
FN:4,(anonymous_97)
FN:4,b
FN:4,g
FN:4,(anonymous_100)
FN:4,h
FN:4,c
FN:4,(anonymous_103)
FN:4,(anonymous_104)
FN:4,(anonymous_105)
FN:4,(anonymous_106)
FN:4,(anonymous_107)
FN:4,(anonymous_108)
FN:4,(anonymous_109)
FN:4,(anonymous_110)
FN:4,(anonymous_111)
FN:4,(anonymous_112)
FN:4,(anonymous_113)
FN:4,(anonymous_114)
FN:4,(anonymous_115)
FNF:115
FNH:66
FNDA:1,(anonymous_1)
FNDA:6,D
FNDA:1,E
FNDA:28,F
FNDA:16,G
FNDA:11,H
FNDA:1,I
FNDA:12,J
FNDA:1,K
FNDA:1,(anonymous_10)
FNDA:1,(anonymous_11)
FNDA:4,(anonymous_12)
FNDA:0,(anonymous_13)
FNDA:0,(anonymous_14)
FNDA:1,(anonymous_15)
FNDA:1,d
FNDA:41,(anonymous_17)
FNDA:0,(anonymous_18)
FNDA:0,(anonymous_19)
FNDA:0,(anonymous_20)
FNDA:0,(anonymous_21)
FNDA:1,(anonymous_22)
FNDA:1,(anonymous_23)
FNDA:1,(anonymous_24)
FNDA:1,(anonymous_25)
FNDA:1,(anonymous_26)
FNDA:1,(anonymous_27)
FNDA:1,(anonymous_28)
FNDA:1,(anonymous_29)
FNDA:1,(anonymous_30)
FNDA:1,(anonymous_31)
FNDA:1,(anonymous_32)
FNDA:1,(anonymous_33)
FNDA:1,(anonymous_34)
FNDA:1,(anonymous_35)
FNDA:1,(anonymous_36)
FNDA:1,(anonymous_37)
FNDA:1,(anonymous_38)
FNDA:1,(anonymous_39)
FNDA:1,(anonymous_40)
FNDA:1,(anonymous_41)
FNDA:1,(anonymous_42)
FNDA:1,(anonymous_43)
FNDA:1,(anonymous_44)
FNDA:1,(anonymous_45)
FNDA:1,(anonymous_46)
FNDA:1,(anonymous_47)
FNDA:1,(anonymous_48)
FNDA:1,(anonymous_49)
FNDA:1,(anonymous_50)
FNDA:1,(anonymous_51)
FNDA:1,(anonymous_52)
FNDA:1,(anonymous_53)
FNDA:1,(anonymous_54)
FNDA:1,(anonymous_55)
FNDA:1,(anonymous_56)
FNDA:1,(anonymous_57)
FNDA:1,(anonymous_58)
FNDA:1,(anonymous_59)
FNDA:1,(anonymous_60)
FNDA:1,(anonymous_61)
FNDA:1,(anonymous_62)
FNDA:1,(anonymous_63)
FNDA:1,(anonymous_64)
FNDA:1,(anonymous_65)
FNDA:1,(anonymous_66)
FNDA:0,(anonymous_67)
FNDA:1,(anonymous_68)
FNDA:0,l
FNDA:0,m
FNDA:1,n
FNDA:0,o
FNDA:0,p
FNDA:0,q
FNDA:0,(anonymous_75)
FNDA:0,(anonymous_76)
FNDA:1,r
FNDA:1,(anonymous_78)
FNDA:0,(anonymous_79)
FNDA:0,(anonymous_80)
FNDA:0,(anonymous_81)
FNDA:1,(anonymous_82)
FNDA:0,d
FNDA:0,e
FNDA:0,f
FNDA:0,g
FNDA:0,h
FNDA:0,(anonymous_88)
FNDA:0,i
FNDA:0,k
FNDA:0,(anonymous_91)
FNDA:0,(anonymous_92)
FNDA:0,j
FNDA:1,k
FNDA:0,(anonymous_95)
FNDA:0,(anonymous_96)
FNDA:0,(anonymous_97)
FNDA:0,b
FNDA:0,g
FNDA:0,(anonymous_100)
FNDA:0,h
FNDA:0,c
FNDA:0,(anonymous_103)
FNDA:0,(anonymous_104)
FNDA:0,(anonymous_105)
FNDA:0,(anonymous_106)
FNDA:0,(anonymous_107)
FNDA:0,(anonymous_108)
FNDA:0,(anonymous_109)
FNDA:0,(anonymous_110)
FNDA:0,(anonymous_111)
FNDA:0,(anonymous_112)
FNDA:0,(anonymous_113)
FNDA:0,(anonymous_114)
FNDA:0,(anonymous_115)
DA:4,41
LF:1
LH:1
BRDA:4,1,0,1
BRDA:4,1,1,1
BRDA:4,2,0,11
BRDA:4,2,1,2
BRDA:4,3,0,13
BRDA:4,3,1,13
BRDA:4,4,0,0
BRDA:4,4,1,11
BRDA:4,5,0,1
BRDA:4,5,1,0
BRDA:4,6,0,0
BRDA:4,6,1,1
BRDA:4,7,0,0
BRDA:4,7,1,1
BRDA:4,8,0,0
BRDA:4,8,1,0
BRDA:4,9,0,11
BRDA:4,9,1,1
BRDA:4,10,0,12
BRDA:4,10,1,12
BRDA:4,11,0,1
BRDA:4,11,1,1
BRDA:4,12,0,1
BRDA:4,12,1,1
BRDA:4,13,0,13
BRDA:4,13,1,12
BRDA:4,14,0,1
BRDA:4,14,1,11
BRDA:4,15,0,12
BRDA:4,15,1,1
BRDA:4,16,0,1
BRDA:4,16,1,1
BRDA:4,16,2,1
BRDA:4,17,0,11
BRDA:4,17,1,9
BRDA:4,18,0,2
BRDA:4,18,1,7
BRDA:4,19,0,2
BRDA:4,19,1,2
BRDA:4,20,0,4
BRDA:4,20,1,4
BRDA:4,21,0,0
BRDA:4,21,1,4
BRDA:4,22,0,0
BRDA:4,22,1,0
BRDA:4,23,0,0
BRDA:4,23,1,4
BRDA:4,24,0,4
BRDA:4,24,1,4
BRDA:4,25,0,0
BRDA:4,25,1,4
BRDA:4,26,0,0
BRDA:4,26,1,0
BRDA:4,27,0,0
BRDA:4,27,1,0
BRDA:4,28,0,0
BRDA:4,28,1,0
BRDA:4,28,2,0
BRDA:4,29,0,0
BRDA:4,29,1,0
BRDA:4,30,0,1
BRDA:4,30,1,0
BRDA:4,31,0,0
BRDA:4,31,1,0
BRDA:4,32,0,1
BRDA:4,32,1,0
BRDA:4,33,0,0
BRDA:4,33,1,0
BRDA:4,34,0,0
BRDA:4,34,1,0
BRDA:4,34,2,0
BRDA:4,35,0,0
BRDA:4,35,1,0
BRDA:4,36,0,1
BRDA:4,36,1,0
BRDA:4,37,0,1
BRDA:4,37,1,1
BRDA:4,38,0,0
BRDA:4,38,1,0
BRDA:4,39,0,1
BRDA:4,39,1,0
BRDA:4,40,0,0
BRDA:4,40,1,0
BRDA:4,41,0,0
BRDA:4,41,1,0
BRDA:4,42,0,0
BRDA:4,42,1,0
BRDA:4,43,0,1
BRDA:4,43,1,1
BRDA:4,44,0,1
BRDA:4,44,1,1
BRDA:4,45,0,0
BRDA:4,45,1,1
BRDA:4,46,0,1
BRDA:4,46,1,1
BRDA:4,46,2,0
BRDA:4,47,0,1
BRDA:4,47,1,1
BRDA:4,47,2,0
BRDA:4,48,0,1
BRDA:4,48,1,1
BRDA:4,49,0,1
BRDA:4,49,1,0
BRDA:4,49,2,0
BRDA:4,50,0,1
BRDA:4,50,1,0
BRDA:4,51,0,1
BRDA:4,51,1,0
BRDA:4,52,0,1
BRDA:4,52,1,1
BRDA:4,52,2,1
BRDA:4,53,0,1
BRDA:4,53,1,1
BRDA:4,54,0,1
BRDA:4,54,1,0
BRDA:4,55,0,1
BRDA:4,55,1,0
BRDA:4,56,0,1
BRDA:4,56,1,0
BRDA:4,57,0,1
BRDA:4,57,1,1
BRDA:4,58,0,0
BRDA:4,58,1,0
BRDA:4,59,0,1
BRDA:4,59,1,1
BRDA:4,60,0,1
BRDA:4,60,1,0
BRDA:4,61,0,1
BRDA:4,61,1,0
BRDA:4,62,0,1
BRDA:4,62,1,0
BRDA:4,63,0,1
BRDA:4,63,1,1
BRDA:4,64,0,1
BRDA:4,64,1,1
BRDA:4,65,0,1
BRDA:4,65,1,1
BRDA:4,66,0,1
BRDA:4,66,1,1
BRDA:4,67,0,41
BRDA:4,67,1,41
BRDA:4,68,0,40
BRDA:4,68,1,1
BRDA:4,69,0,1
BRDA:4,69,1,1
BRDA:4,70,0,0
BRDA:4,70,1,0
BRDA:4,71,0,0
BRDA:4,71,1,0
BRDA:4,72,0,0
BRDA:4,72,1,0
BRDA:4,73,0,0
BRDA:4,73,1,0
BRDA:4,74,0,0
BRDA:4,74,1,0
BRDA:4,74,2,0
BRDA:4,75,0,0
BRDA:4,75,1,0
BRDA:4,76,0,0
BRDA:4,76,1,0
BRDA:4,77,0,0
BRDA:4,77,1,0
BRDA:4,78,0,1
BRDA:4,78,1,1
BRDA:4,79,0,0
BRDA:4,79,1,0
BRDA:4,80,0,0
BRDA:4,80,1,0
BRDA:4,81,0,0
BRDA:4,81,1,0
BRDA:4,82,0,0
BRDA:4,82,1,0
BRDA:4,83,0,0
BRDA:4,83,1,0
BRDA:4,84,0,0
BRDA:4,84,1,0
BRDA:4,85,0,0
BRDA:4,85,1,0
BRDA:4,85,2,0
BRDA:4,86,0,0
BRDA:4,86,1,0
BRDA:4,87,0,0
BRDA:4,87,1,0
BRDA:4,88,0,0
BRDA:4,88,1,0
BRDA:4,89,0,0
BRDA:4,89,1,0
BRDA:4,90,0,0
BRDA:4,90,1,0
BRDA:4,91,0,1
BRDA:4,91,1,0
BRDA:4,92,0,1
BRDA:4,92,1,1
BRDA:4,92,2,0
BRDA:4,92,3,0
BRDA:4,93,0,1
BRDA:4,93,1,0
BRDA:4,94,0,1
BRDA:4,94,1,1
BRDA:4,95,0,1
BRDA:4,95,1,0
BRDA:4,96,0,0
BRDA:4,96,1,0
BRDA:4,96,2,0
BRDA:4,97,0,1
BRDA:4,97,1,1
BRDA:4,98,0,0
BRDA:4,98,1,0
BRDA:4,99,0,1
BRDA:4,99,1,0
BRDA:4,100,0,0
BRDA:4,100,1,0
BRDA:4,100,2,0
BRDA:4,100,3,0
BRDA:4,101,0,0
BRDA:4,101,1,0
BRDA:4,102,0,0
BRDA:4,102,1,0
BRDA:4,103,0,0
BRDA:4,103,1,0
BRDA:4,104,0,0
BRDA:4,104,1,0
BRDA:4,105,0,0
BRDA:4,105,1,0
BRDA:4,105,2,0
BRDA:4,106,0,0
BRDA:4,106,1,0
BRDA:4,107,0,0
BRDA:4,107,1,0
BRDA:4,108,0,0
BRDA:4,108,1,0
BRDA:4,109,0,0
BRDA:4,109,1,0
BRDA:4,110,0,0
BRDA:4,110,1,0
BRDA:4,111,0,0
BRDA:4,111,1,0
BRDA:4,112,0,0
BRDA:4,112,1,0
BRDA:4,113,0,0
BRDA:4,113,1,0
BRDA:4,114,0,0
BRDA:4,114,1,0
BRDA:4,115,0,0
BRDA:4,115,1,0
BRDA:4,116,0,0
BRDA:4,116,1,0
BRDA:4,117,0,0
BRDA:4,117,1,0
BRDA:4,118,0,0
BRDA:4,118,1,0
BRDA:4,119,0,0
BRDA:4,119,1,0
BRDA:4,120,0,1
BRDA:4,120,1,0
BRDA:4,121,0,0
BRDA:4,121,1,1
BRDA:4,122,0,1
BRDA:4,122,1,0
BRDA:4,123,0,1
BRDA:4,123,1,0
BRDA:4,124,0,0
BRDA:4,124,1,1
BRDA:4,125,0,0
BRDA:4,125,1,1
BRDA:4,126,0,0
BRDA:4,126,1,1
BRDA:4,127,0,1
BRDA:4,127,1,0
BRDA:4,128,0,0
BRDA:4,128,1,0
BRDA:4,129,0,0
BRDA:4,129,1,0
BRDA:4,130,0,0
BRDA:4,130,1,0
BRDA:4,131,0,0
BRDA:4,131,1,0
BRDA:4,132,0,0
BRDA:4,132,1,0
BRDA:4,133,0,0
BRDA:4,133,1,0
BRDA:4,133,2,0
BRDA:4,134,0,0
BRDA:4,134,1,0
BRDA:4,135,0,0
BRDA:4,135,1,0
BRDA:4,136,0,0
BRDA:4,136,1,0
BRDA:4,137,0,0
BRDA:4,137,1,0
BRDA:4,137,2,0
BRDA:4,138,0,0
BRDA:4,138,1,0
BRDA:4,138,2,0
BRDA:4,139,0,0
BRDA:4,139,1,0
BRDA:4,140,0,0
BRDA:4,140,1,0
BRDA:4,141,0,0
BRDA:4,141,1,0
BRDA:4,142,0,0
BRDA:4,142,1,0
BRDA:4,143,0,0
BRDA:4,143,1,0
BRDA:4,144,0,0
BRDA:4,144,1,0
BRDA:4,145,0,0
BRDA:4,145,1,0
BRDA:4,146,0,0
BRDA:4,146,1,0
BRDA:4,147,0,0
BRDA:4,147,1,0
BRDA:4,147,2,0
BRDA:4,148,0,0
BRDA:4,148,1,0
BRDA:4,149,0,0
BRDA:4,149,1,0
BRDA:4,150,0,0
BRDA:4,150,1,0
BRDA:4,151,0,0
BRDA:4,151,1,0
BRDA:4,152,0,0
BRDA:4,152,1,0
BRDA:4,153,0,0
BRDA:4,153,1,0
BRDA:4,154,0,0
BRDA:4,154,1,0
BRDA:4,155,0,0
BRDA:4,155,1,0
BRDA:4,156,0,0
BRDA:4,156,1,0
BRDA:4,157,0,0
BRDA:4,157,1,0
BRDA:4,158,0,0
BRDA:4,158,1,0
BRDA:4,159,0,0
BRDA:4,159,1,0
BRDA:4,160,0,0
BRDA:4,160,1,0
BRDA:4,161,0,0
BRDA:4,161,1,0
BRDA:4,162,0,1
BRDA:4,162,1,0
BRDA:4,162,2,0
BRDA:4,163,0,0
BRDA:4,163,1,0
BRDA:4,164,0,0
BRDA:4,164,1,0
BRDA:4,165,0,0
BRDA:4,165,1,0
BRDA:4,166,0,0
BRDA:4,166,1,0
BRDA:4,166,2,0
BRDA:4,167,0,0
BRDA:4,167,1,0
BRDA:4,168,0,0
BRDA:4,168,1,0
BRDA:4,169,0,0
BRDA:4,169,1,0
BRDA:4,170,0,0
BRDA:4,170,1,0
BRDA:4,171,0,0
BRDA:4,171,1,0
BRF:363
BRH:110
end_of_record
TN:
SF:c:\Users\mbiel\Desktop\WORKSPACE\angular-seed\angular-seed\app\app.js
FN:10,(anonymous_1)
FNF:1
FNH:1
FNDA:1,(anonymous_1)
DA:4,1
DA:11,1
LF:2
LH:2
BRF:0
BRH:0
end_of_record
TN:
SF:c:\Users\mbiel\Desktop\WORKSPACE\angular-seed\angular-seed\app\components\version\version.js
FNF:0
FNH:0
DA:3,1
LF:1
LH:1
BRF:0
BRH:0
end_of_record
TN:
SF:c:\Users\mbiel\Desktop\WORKSPACE\angular-seed\angular-seed\app\view1\view1.js
FN:2,(anonymous_1)
FN:7,routesConfig
FN:14,View1Ctrl
FN:15,(anonymous_4)
FNF:4
FNH:4
FNDA:1,(anonymous_1)
FNDA:1,routesConfig
FNDA:1,View1Ctrl
FNDA:1,(anonymous_4)
DA:2,1
DA:3,1
DA:7,1
DA:8,1
DA:14,1
DA:15,1
DA:16,1
DA:17,1
LF:8
LH:8
BRF:0
BRH:0
end_of_record
TN:
SF:c:\Users\mbiel\Desktop\WORKSPACE\angular-seed\angular-seed\app\bower_components\angular\angular.js
FN:6,(anonymous_1)
FN:38,minErr
FN:40,(anonymous_3)
FN:49,(anonymous_4)
FN:201,(anonymous_5)
FN:214,(anonymous_6)
FN:217,(anonymous_7)
FN:220,(anonymous_8)
FN:223,(anonymous_9)
FN:226,(anonymous_10)
FN:269,isArrayLike
FN:326,forEach
FN:370,forEachSorted
FN:384,reverseParams
FN:385,(anonymous_15)
FN:398,nextUid
FN:408,setHashKey
FN:417,baseExtend
FN:469,extend
FN:492,merge
FN:498,toInt
FN:503,inherit
FN:523,noop
FN:545,identity
FN:549,valueFn
FN:549,(anonymous_26)
FN:551,hasCustomToString
FN:568,isUndefined
FN:583,isDefined
FN:599,isObject
FN:610,isBlankObject
FN:627,isString
FN:648,isNumber
FN:663,isDate
FN:694,isFunction
FN:704,isRegExp
FN:716,isWindow
FN:721,isScope
FN:726,isFile
FN:731,isFormData
FN:736,isBlob
FN:741,isBoolean
FN:746,isPromiseLike
FN:752,isTypedArray
FN:757,(anonymous_45)
FN:764,(anonymous_46)
FN:782,isElement
FN:792,makeMap
FN:801,nodeName_
FN:805,includes
FN:809,arrayRemove
FN:875,copy
FN:891,(anonymous_53)
FN:905,copyRecurse
FN:936,copyElement
FN:989,shallowCopy
FN:1039,equals
FN:1081,(anonymous_58)
FN:1105,noUnsafeEval
FN:1155,(anonymous_60)
FN:1170,concat
FN:1174,sliceArgs
FN:1198,bind
FN:1202,(anonymous_64)
FN:1207,(anonymous_65)
FN:1219,toJsonReplacer
FN:1251,toJson
FN:1272,fromJson
FN:1280,timezoneToOffset
FN:1288,addDateMinutes
FN:1295,convertTimezoneToLocal
FN:1306,startingTag
FN:1318,(anonymous_73)
FN:1336,tryDecodeURIComponent
FN:1349,parseKeyValue
FN:1351,(anonymous_76)
FN:1376,toKeyValue
FN:1378,(anonymous_78)
FN:1380,(anonymous_79)
FN:1404,encodeUriSegment
FN:1423,encodeUriQuery
FN:1435,getNgAttribute
FN:1573,angularInit
FN:1579,(anonymous_84)
FN:1587,(anonymous_85)
FN:1652,bootstrap
FN:1658,(anonymous_87)
FN:1671,(anonymous_88)
FN:1677,(anonymous_89)
FN:1685,bootstrapApply
FN:1686,(anonymous_91)
FN:1708,(anonymous_92)
FN:1709,(anonymous_93)
FN:1730,reloadWithDebugInfo
FN:1743,getTestability
FN:1753,snake_case
FN:1755,(anonymous_97)
FN:1762,bindJQuery
FN:1793,(anonymous_99)
FN:1820,assertArg
FN:1827,assertArgFn
FN:1842,assertNotHasOwnProperty
FN:1856,getter
FN:1880,getBlockNodes
FN:1910,createMap
FN:1930,setupModuleLoader
FN:1935,ensure
FN:1944,(anonymous_108)
FN:1999,module
FN:2000,(anonymous_110)
FN:2010,(anonymous_111)
FN:2226,(anonymous_112)
FN:2244,invokeLater
FN:2246,(anonymous_114)
FN:2257,invokeLaterAndSetModuleName
FN:2258,(anonymous_116)
FN:2272,serializeObject
FN:2275,(anonymous_118)
FN:2287,toDebugString
FN:2418,publishExternalAPI
FN:2455,ngModule
FN:2679,(anonymous_122)
FN:2682,(anonymous_123)
FN:2689,(anonymous_124)
FN:2694,jqNextId
FN:2707,camelCase
FN:2709,(anonymous_127)
FN:2735,jqLiteIsTextNode
FN:2739,jqLiteAcceptsData
FN:2746,jqLiteHasData
FN:2753,jqLiteBuildFragment
FN:2783,(anonymous_132)
FN:2790,jqLiteParseHTML
FN:2805,jqLiteWrapNode
FN:2817,(anonymous_135)
FN:2824,JQLite
FN:2849,jqLiteClone
FN:2853,jqLiteDealoc
FN:2864,jqLiteOff
FN:2882,(anonymous_140)
FN:2893,(anonymous_141)
FN:2902,jqLiteRemoveData
FN:2924,jqLiteExpandoStore
FN:2937,jqLiteData
FN:2963,jqLiteHasClass
FN:2969,jqLiteRemoveClass
FN:2971,(anonymous_147)
FN:2981,jqLiteAddClass
FN:2986,(anonymous_149)
FN:2998,jqLiteAddNodes
FN:3024,jqLiteController
FN:3028,jqLiteInheritedData
FN:3048,jqLiteEmpty
FN:3055,jqLiteRemove
FN:3062,jqLiteDocumentLoaded
FN:3079,(anonymous_156)
FN:3082,trigger
FN:3099,(anonymous_158)
FN:3101,(anonymous_159)
FN:3105,(anonymous_160)
FN:3121,(anonymous_161)
FN:3125,(anonymous_162)
FN:3136,getBooleanAttrName
FN:3144,getAliasedAttrName
FN:3152,(anonymous_165)
FN:3160,(anonymous_166)
FN:3165,(anonymous_167)
FN:3172,(anonymous_168)
FN:3176,(anonymous_169)
FN:3182,(anonymous_170)
FN:3192,(anonymous_171)
FN:3224,(anonymous_172)
FN:3232,(anonymous_173)
FN:3236,getText
FN:3245,(anonymous_175)
FN:3249,(anonymous_176)
FN:3261,(anonymous_177)
FN:3270,(anonymous_178)
FN:3274,(anonymous_179)
FN:3321,createEventHandler
FN:3322,(anonymous_181)
FN:3324,(anonymous_182)
FN:3335,(anonymous_183)
FN:3348,(anonymous_184)
FN:3373,defaultHandlerWrapper
FN:3377,specialMouseHandlerWrapper
FN:3397,jqLiteOn
FN:3417,(anonymous_188)
FN:3444,(anonymous_189)
FN:3450,onFn
FN:3457,(anonymous_191)
FN:3460,(anonymous_192)
FN:3470,(anonymous_193)
FN:3472,(anonymous_194)
FN:3480,(anonymous_195)
FN:3484,(anonymous_196)
FN:3496,(anonymous_197)
FN:3499,(anonymous_198)
FN:3505,(anonymous_199)
FN:3511,(anonymous_200)
FN:3515,(anonymous_201)
FN:3529,(anonymous_202)
FN:3531,(anonymous_203)
FN:3541,(anonymous_204)
FN:3546,(anonymous_205)
FN:3550,(anonymous_206)
FN:3560,(anonymous_207)
FN:3571,(anonymous_208)
FN:3572,(anonymous_209)
FN:3573,(anonymous_210)
FN:3574,(anonymous_211)
FN:3589,(anonymous_212)
FN:3596,(anonymous_213)
FN:3600,(anonymous_214)
FN:3624,$$jqLiteProvider
FN:3625,$$jqLite
FN:3627,(anonymous_217)
FN:3631,(anonymous_218)
FN:3635,(anonymous_219)
FN:3655,hashKey
FN:3678,HashMap
FN:3681,(anonymous_222)
FN:3693,(anonymous_223)
FN:3701,(anonymous_224)
FN:3709,(anonymous_225)
FN:3716,(anonymous_226)
FN:3717,(anonymous_227)
FN:3790,anonFn
FN:3801,annotate
FN:3820,(anonymous_230)
FN:3821,(anonymous_231)
FN:4350,createInjector
FN:4367,(anonymous_233)
FN:4375,(anonymous_234)
FN:4381,(anonymous_235)
FN:4389,supportObject
FN:4390,(anonymous_237)
FN:4399,provider
FN:4410,enforceReturnValue
FN:4411,enforcedReturnValue
FN:4420,factory
FN:4426,service
FN:4427,(anonymous_243)
FN:4432,value
FN:4434,constant
FN:4440,decorator
FN:4444,(anonymous_247)
FN:4453,loadModules
FN:4456,(anonymous_249)
FN:4460,runInvokeQueue
FN:4506,createInternalInjector
FN:4508,getService
FN:4531,invoke
FN:4563,instantiate
FN:4578,(anonymous_255)
FN:4595,$AnchorScrollProvider
FN:4612,(anonymous_257)
FN:4757,(anonymous_258)
FN:4763,getFirstAnchor
FN:4765,(anonymous_260)
FN:4774,getYOffset
FN:4795,scrollTo
FN:4823,scroll
FN:4843,autoScrollWatch
FN:4844,autoScrollWatchAction
FN:4848,(anonymous_266)
FN:4862,mergeClasses
FN:4871,extractElementNode
FN:4880,splitClasses
FN:4888,(anonymous_270)
FN:4905,prepareAnimateOptions
FN:4911,(anonymous_272)
FN:4912,(anonymous_273)
FN:4917,(anonymous_274)
FN:4922,(anonymous_275)
FN:4929,(anonymous_276)
FN:4950,updateData
FN:4955,(anonymous_278)
FN:4965,handleCSSClassChanges
FN:4966,(anonymous_280)
FN:4972,(anonymous_281)
FN:4983,(anonymous_282)
FN:4994,addRemoveClassesPostDigest
FN:5025,(anonymous_284)
FN:5069,(anonymous_285)
FN:5093,(anonymous_286)
FN:5107,(anonymous_287)
FN:5108,domInsert
FN:5255,(anonymous_289)
FN:5277,(anonymous_290)
FN:5303,(anonymous_291)
FN:5324,(anonymous_292)
FN:5325,(anonymous_293)
FN:5348,(anonymous_294)
FN:5372,(anonymous_295)
FN:5397,(anonymous_296)
FN:5438,(anonymous_297)
FN:5451,(anonymous_298)
FN:5452,(anonymous_299)
FN:5455,waitForTick
FN:5458,(anonymous_301)
FN:5466,(anonymous_302)
FN:5468,(anonymous_303)
FN:5471,(anonymous_304)
FN:5478,(anonymous_305)
FN:5480,(anonymous_306)
FN:5486,(anonymous_307)
FN:5490,next
FN:5496,(anonymous_309)
FN:5507,(anonymous_310)
FN:5510,(anonymous_311)
FN:5514,onProgress
FN:5522,AnimateRunner
FN:5526,(anonymous_314)
FN:5531,(anonymous_315)
FN:5546,(anonymous_316)
FN:5550,(anonymous_317)
FN:5560,(anonymous_318)
FN:5563,(anonymous_319)
FN:5564,(anonymous_320)
FN:5572,(anonymous_321)
FN:5576,(anonymous_322)
FN:5580,(anonymous_323)
FN:5584,(anonymous_324)
FN:5590,(anonymous_325)
FN:5596,(anonymous_326)
FN:5603,(anonymous_327)
FN:5610,(anonymous_328)
FN:5614,(anonymous_329)
FN:5620,(anonymous_330)
FN:5622,(anonymous_331)
FN:5646,(anonymous_332)
FN:5647,(anonymous_333)
FN:5649,(anonymous_334)
FN:5678,run
FN:5679,(anonymous_336)
FN:5689,applyAnimationContents
FN:5730,Browser
FN:5746,(anonymous_339)
FN:5752,completeOutstandingRequest
FN:5769,getHash
FN:5780,(anonymous_342)
FN:5820,(anonymous_343)
FN:5890,(anonymous_344)
FN:5897,cacheStateAndFireUrlChange
FN:5903,getCurrentState
FN:5913,cacheState
FN:5925,fireUrlChange
FN:5932,(anonymous_349)
FN:5958,(anonymous_350)
FN:5983,(anonymous_351)
FN:6007,(anonymous_352)
FN:6026,(anonymous_353)
FN:6029,(anonymous_354)
FN:6048,(anonymous_355)
FN:6060,$BrowserProvider
FN:6062,(anonymous_357)
FN:6148,$CacheFactoryProvider
FN:6150,(anonymous_359)
FN:6153,cacheFactory
FN:6225,(anonymous_361)
FN:6254,(anonymous_362)
FN:6277,(anonymous_363)
FN:6305,(anonymous_364)
FN:6322,(anonymous_365)
FN:6346,(anonymous_366)
FN:6355,refresh
FN:6374,link
FN:6392,(anonymous_369)
FN:6394,(anonymous_370)
FN:6411,(anonymous_371)
FN:6463,$TemplateCacheProvider
FN:6464,(anonymous_373)
FN:7234,$CompileProvider
FN:7248,parseIsolateBindings
FN:7253,(anonymous_376)
FN:7283,parseDirectiveBindings
FN:7320,assertValidDirectiveName
FN:7347,registerDirective
FN:7355,(anonymous_380)
FN:7357,(anonymous_381)
FN:7407,(anonymous_382)
FN:7437,(anonymous_383)
FN:7469,(anonymous_384)
FN:7480,(anonymous_385)
FN:7483,(anonymous_386)
FN:7529,(anonymous_387)
FN:7546,(anonymous_388)
FN:7564,(anonymous_389)
FN:7585,(anonymous_390)
FN:7668,(anonymous_391)
FN:7697,(anonymous_392)
FN:7703,(anonymous_393)
FN:7710,(anonymous_394)
FN:7717,safeAddClass
FN:7731,denormalizeTemplate
FN:7737,$$addBindingInfo
FN:7749,$$addBindingClass
FN:7753,$$addScopeInfo
FN:7758,$$addScopeClass
FN:7766,compile
FN:7791,publicLinkFn
FN:7850,detectNamespaceForChildElements
FN:7875,compileNodes
FN:7918,compositeLinkFn
FN:7974,createBoundTranscludeFn
FN:7976,(anonymous_407)
FN:8003,collectDirectives
FN:8029,(anonymous_409)
FN:8109,groupScan
FN:8141,groupElementsLinkFnWrapper
FN:8142,(anonymous_412)
FN:8171,applyDirectivesToNode
FN:8385,addLinkFns
FN:8407,getControllers
FN:8446,setupControllers
FN:8474,nodeLinkFn
FN:8577,controllersBoundTransclude
FN:8604,markDirectiveScope
FN:8624,addDirective
FN:8663,directiveIsMultiElement
FN:8684,mergeTemplateAttributes
FN:8690,(anonymous_423)
FN:8700,(anonymous_424)
FN:8718,compileTemplateUrl
FN:8736,(anonymous_426)
FN:8776,(anonymous_427)
FN:8816,delayedNodeLinkFn
FN:8837,byPriority
FN:8844,assertNoDuplicate
FN:8846,wrapModuleNameIfDefined
FN:8860,addTextInterpolateDirective
FN:8865,textInterpolateCompileFn
FN:8873,textInterpolateLinkFn
FN:8877,interpolateFnWatchAction
FN:8887,wrapTemplate
FN:8901,getTrustedContext
FN:8916,addAttrInterpolateDirective
FN:8934,(anonymous_439)
FN:8936,attrInterpolatePreLinkFn
FN:8966,interpolateFnWatchAction
FN:8996,replaceWith
FN:9072,cloneAndAnnotateFn
FN:9073,(anonymous_444)
FN:9077,invokeLinkFn
FN:9088,initializeDirectiveBindings
FN:9090,(anonymous_447)
FN:9103,(anonymous_448)
FN:9132,(anonymous_449)
FN:9134,(anonymous_450)
FN:9142,parentValueWatch
FN:9172,(anonymous_452)
FN:9179,removeWatches
FN:9193,directiveNormalize
FN:9242,nodesetLinkingFn
FN:9249,directiveLinkingFn
FN:9257,tokenDifference
FN:9273,removeComments
FN:9294,identifierForController
FN:9313,$ControllerProvider
FN:9325,(anonymous_461)
FN:9339,(anonymous_462)
FN:9344,(anonymous_463)
FN:9373,(anonymous_464)
FN:9424,(anonymous_465)
FN:9449,addIdentifier
FN:9486,$DocumentProvider
FN:9487,(anonymous_468)
FN:9532,$ExceptionHandlerProvider
FN:9533,(anonymous_470)
FN:9534,(anonymous_471)
FN:9540,(anonymous_472)
FN:9541,(anonymous_473)
FN:9542,(anonymous_474)
FN:9572,(anonymous_475)
FN:9573,(anonymous_476)
FN:9578,serializeValue
FN:9586,$HttpParamSerializerProvider
FN:9603,(anonymous_479)
FN:9604,ngParamSerializer
FN:9607,(anonymous_481)
FN:9610,(anonymous_482)
FN:9623,$HttpParamSerializerJQLikeProvider
FN:9667,(anonymous_484)
FN:9668,jQueryLikeParamSerializer
FN:9674,serialize
FN:9677,(anonymous_487)
FN:9681,(anonymous_488)
FN:9695,defaultHttpResponseTransform
FN:9711,isJsonLike
FN:9722,parseHeaders
FN:9725,fillInParsed
FN:9732,(anonymous_493)
FN:9737,(anonymous_494)
FN:9758,headersGetter
FN:9761,(anonymous_496)
FN:9788,transformData
FN:9793,(anonymous_498)
FN:9801,isSuccess
FN:9812,$HttpProvider
FN:9850,(anonymous_501)
FN:9890,(anonymous_502)
FN:9914,(anonymous_503)
FN:9938,(anonymous_504)
FN:9955,(anonymous_505)
FN:10491,$http
FN:10513,(anonymous_507)
FN:10519,(anonymous_508)
FN:10538,(anonymous_509)
FN:10555,(anonymous_510)
FN:10558,(anonymous_511)
FN:10564,(anonymous_512)
FN:10567,(anonymous_513)
FN:10579,transformResponse
FN:10589,executeHeaderFns
FN:10592,(anonymous_516)
FN:10606,mergeHeaders
FN:10740,createShortMethods
FN:10741,(anonymous_519)
FN:10742,(anonymous_520)
FN:10752,createShortMethodsWithData
FN:10753,(anonymous_522)
FN:10754,(anonymous_523)
FN:10771,sendReq
FN:10834,done
FN:10844,resolveHttpPromise
FN:10860,resolvePromise
FN:10873,resolvePromiseWithResult
FN:10877,removePendingReq
FN:10884,buildUrl
FN:10914,$xhrFactoryProvider
FN:10915,(anonymous_532)
FN:10916,createXhr
FN:10939,$HttpBackendProvider
FN:10940,(anonymous_535)
FN:10945,createHttpBackend
FN:10947,(anonymous_537)
FN:10953,(anonymous_538)
FN:10959,(anonymous_539)
FN:10968,(anonymous_540)
FN:10974,requestLoaded
FN:10998,(anonymous_542)
FN:11038,timeoutRequest
FN:11043,completeRequest
FN:11055,jsonpReq
FN:11064,(anonymous_546)
FN:11093,(anonymous_547)
FN:11100,(anonymous_548)
FN:11139,$InterpolateProvider
FN:11152,(anonymous_550)
FN:11170,(anonymous_551)
FN:11180,(anonymous_552)
FN:11186,escape
FN:11190,unescapeText
FN:11195,stringify
FN:11306,$interpolate
FN:11350,(anonymous_557)
FN:11358,(anonymous_558)
FN:11364,interpolationFn
FN:11383,(anonymous_560)
FN:11385,interpolateFnWatcher
FN:11396,parseStringifyInterceptor
FN:11418,(anonymous_563)
FN:11434,(anonymous_564)
FN:11442,$IntervalProvider
FN:11444,(anonymous_566)
FN:11573,interval
FN:11585,(anonymous_568)
FN:11589,tick
FN:11618,(anonymous_570)
FN:11654,encodePath
FN:11665,parseAbsoluteUrl
FN:11674,parseAppUrl
FN:11699,beginsWith
FN:11706,stripHash
FN:11711,trimEmptyHash
FN:11716,stripFile
FN:11721,serverBase
FN:11735,LocationHtml5Url
FN:11746,(anonymous_580)
FN:11766,(anonymous_581)
FN:11774,(anonymous_582)
FN:11814,LocationHashbangUrl
FN:11824,(anonymous_584)
FN:11870,removeWindowsDriveName
FN:11898,(anonymous_586)
FN:11906,(anonymous_587)
FN:11926,LocationHashbangInHtml5Url
FN:11930,(anonymous_589)
FN:11954,(anonymous_590)
FN:12022,(anonymous_591)
FN:12127,(anonymous_592)
FN:12177,(anonymous_593)
FN:12188,(anonymous_594)
FN:12231,(anonymous_595)
FN:12243,(anonymous_596)
FN:12249,(anonymous_597)
FN:12271,(anonymous_598)
FN:12290,locationGetter
FN:12291,(anonymous_600)
FN:12297,locationGetterSetter
FN:12298,(anonymous_602)
FN:12343,$LocationProvider
FN:12358,(anonymous_604)
FN:12386,(anonymous_605)
FN:12450,(anonymous_606)
FN:12477,setBrowserUrlWithFallback
FN:12496,(anonymous_608)
FN:12549,(anonymous_609)
FN:12557,(anonymous_610)
FN:12585,$locationWatch
FN:12596,(anonymous_612)
FN:12626,afterLocationChange
FN:12677,$LogProvider
FN:12688,(anonymous_615)
FN:12697,(anonymous_616)
FN:12742,(anonymous_617)
FN:12745,(anonymous_618)
FN:12753,formatError
FN:12766,consoleLog
FN:12778,(anonymous_621)
FN:12780,(anonymous_622)
FN:12789,(anonymous_623)
FN:12833,ensureSafeMemberName
FN:12844,getStringValue
FN:12863,ensureSafeObject
FN:12894,ensureSafeFunction
FN:12908,ensureSafeAssignContext
FN:12919,(anonymous_629)
FN:12929,(anonymous_630)
FN:12936,(anonymous_631)
FN:12972,(anonymous_632)
FN:12976,(anonymous_633)
FN:12981,(anonymous_634)
FN:12985,(anonymous_635)
FN:12991,(anonymous_636)
FN:12997,(anonymous_637)
FN:13001,(anonymous_638)
FN:13010,(anonymous_639)
FN:13043,(anonymous_640)
FN:13059,(anonymous_641)
FN:13101,(anonymous_642)
FN:13126,(anonymous_643)
FN:13139,(anonymous_644)
FN:13150,(anonymous_645)
FN:13154,(anonymous_646)
FN:13163,(anonymous_647)
FN:13167,(anonymous_648)
FN:13175,(anonymous_649)
FN:13189,(anonymous_650)
FN:13197,(anonymous_651)
FN:13205,(anonymous_652)
FN:13214,(anonymous_653)
FN:13223,(anonymous_654)
FN:13232,(anonymous_655)
FN:13241,(anonymous_656)
FN:13250,(anonymous_657)
FN:13286,(anonymous_658)
FN:13297,(anonymous_659)
FN:13307,(anonymous_660)
FN:13315,(anonymous_661)
FN:13320,(anonymous_662)
FN:13336,(anonymous_663)
FN:13362,(anonymous_664)
FN:13368,(anonymous_665)
FN:13380,(anonymous_666)
FN:13387,(anonymous_667)
FN:13391,(anonymous_668)
FN:13403,(anonymous_669)
FN:13425,ifDefined
FN:13429,plusFn
FN:13435,isStateless
FN:13440,findConstantAndWatchExpressions
FN:13446,(anonymous_674)
FN:13495,(anonymous_675)
FN:13514,(anonymous_676)
FN:13527,(anonymous_677)
FN:13544,getInputs
FN:13552,isAssignable
FN:13556,assignableAST
FN:13562,isLiteral
FN:13570,isConstant
FN:13574,ASTCompiler
FN:13580,(anonymous_684)
FN:13604,(anonymous_685)
FN:13658,(anonymous_686)
FN:13662,(anonymous_687)
FN:13671,(anonymous_688)
FN:13678,(anonymous_689)
FN:13681,(anonymous_690)
FN:13688,(anonymous_691)
FN:13692,(anonymous_692)
FN:13696,(anonymous_693)
FN:13709,(anonymous_694)
FN:13710,(anonymous_695)
FN:13724,(anonymous_696)
FN:13730,(anonymous_697)
FN:13731,(anonymous_698)
FN:13763,(anonymous_699)
FN:13764,(anonymous_700)
FN:13782,(anonymous_701)
FN:13783,(anonymous_702)
FN:13816,(anonymous_703)
FN:13827,(anonymous_704)
FN:13839,(anonymous_705)
FN:13840,(anonymous_706)
FN:13842,(anonymous_707)
FN:13843,(anonymous_708)
FN:13857,(anonymous_709)
FN:13870,(anonymous_710)
FN:13871,(anonymous_711)
FN:13883,(anonymous_712)
FN:13884,(anonymous_713)
FN:13894,(anonymous_714)
FN:13895,(anonymous_715)
FN:13917,(anonymous_716)
FN:13926,(anonymous_717)
FN:13932,(anonymous_718)
FN:13939,(anonymous_719)
FN:13943,(anonymous_720)
FN:13947,(anonymous_721)
FN:13951,(anonymous_722)
FN:13967,(anonymous_723)
FN:13971,(anonymous_724)
FN:13975,(anonymous_725)
FN:13979,(anonymous_726)
FN:13983,(anonymous_727)
FN:13988,(anonymous_728)
FN:13992,(anonymous_729)
FN:13996,(anonymous_730)
FN:14000,(anonymous_731)
FN:14004,(anonymous_732)
FN:14008,(anonymous_733)
FN:14012,(anonymous_734)
FN:14016,(anonymous_735)
FN:14020,(anonymous_736)
FN:14024,(anonymous_737)
FN:14026,(anonymous_738)
FN:14031,(anonymous_739)
FN:14033,(anonymous_740)
FN:14040,(anonymous_741)
FN:14044,(anonymous_742)
FN:14055,(anonymous_743)
FN:14063,(anonymous_744)
FN:14069,ASTInterpreter
FN:14075,(anonymous_746)
FN:14090,(anonymous_747)
FN:14098,(anonymous_748)
FN:14101,(anonymous_749)
FN:14103,(anonymous_750)
FN:14105,(anonymous_751)
FN:14111,(anonymous_752)
FN:14123,(anonymous_753)
FN:14166,(anonymous_754)
FN:14172,(anonymous_755)
FN:14180,(anonymous_756)
FN:14197,(anonymous_757)
FN:14207,(anonymous_758)
FN:14210,(anonymous_759)
FN:14219,(anonymous_760)
FN:14226,(anonymous_761)
FN:14234,(anonymous_762)
FN:14238,(anonymous_763)
FN:14244,(anonymous_764)
FN:14245,(anonymous_765)
FN:14255,(anonymous_766)
FN:14256,(anonymous_767)
FN:14266,(anonymous_768)
FN:14267,(anonymous_769)
FN:14272,(anonymous_770)
FN:14273,(anonymous_771)
FN:14280,(anonymous_772)
FN:14281,(anonymous_773)
FN:14288,(anonymous_774)
FN:14289,(anonymous_775)
FN:14294,(anonymous_776)
FN:14295,(anonymous_777)
FN:14300,(anonymous_778)
FN:14301,(anonymous_779)
FN:14306,(anonymous_780)
FN:14307,(anonymous_781)
FN:14312,(anonymous_782)
FN:14313,(anonymous_783)
FN:14318,(anonymous_784)
FN:14319,(anonymous_785)
FN:14324,(anonymous_786)
FN:14325,(anonymous_787)
FN:14330,(anonymous_788)
FN:14331,(anonymous_789)
FN:14336,(anonymous_790)
FN:14337,(anonymous_791)
FN:14342,(anonymous_792)
FN:14343,(anonymous_793)
FN:14348,(anonymous_794)
FN:14349,(anonymous_795)
FN:14354,(anonymous_796)
FN:14355,(anonymous_797)
FN:14360,(anonymous_798)
FN:14361,(anonymous_799)
FN:14366,(anonymous_800)
FN:14367,(anonymous_801)
FN:14372,(anonymous_802)
FN:14373,(anonymous_803)
FN:14375,(anonymous_804)
FN:14376,(anonymous_805)
FN:14392,(anonymous_806)
FN:14393,(anonymous_807)
FN:14417,(anonymous_808)
FN:14418,(anonymous_809)
FN:14437,(anonymous_810)
FN:14438,(anonymous_811)
FN:14448,(anonymous_812)
FN:14460,(anonymous_813)
FN:14465,isPossiblyDangerousMemberName
FN:14471,getValueOf
FN:14526,$ParseProvider
FN:14530,(anonymous_817)
FN:14542,(anonymous_818)
FN:14548,$parse
FN:14593,expensiveChecksInterceptor
FN:14606,expensiveCheckFn
FN:14617,expressionInputDirtyCheck
FN:14642,inputsWatchDelegate
FN:14649,expressionInputWatch
FN:14666,expressionInputsWatch
FN:14685,oneTimeWatchDelegate
FN:14687,oneTimeWatch
FN:14689,oneTimeListener
FN:14695,(anonymous_829)
FN:14704,oneTimeLiteralWatchDelegate
FN:14706,oneTimeWatch
FN:14708,oneTimeListener
FN:14714,(anonymous_833)
FN:14720,isAllDefined
FN:14722,(anonymous_835)
FN:14729,constantWatchDelegate
FN:14731,constantWatch
FN:14733,constantListener
FN:14741,addInterceptor
FN:14750,regularInterceptedExpression
FN:14753,oneTimeInterceptedExpression
FN:14994,$QProvider
FN:14996,(anonymous_843)
FN:14997,(anonymous_844)
FN:15003,$$QProvider
FN:15004,(anonymous_846)
FN:15005,(anonymous_847)
FN:15019,qFactory
FN:15021,callOnce
FN:15023,wrap
FN:15024,(anonymous_851)
FN:15044,(anonymous_852)
FN:15048,Promise
FN:15053,(anonymous_854)
FN:15066,(anonymous_855)
FN:15070,(anonymous_856)
FN:15071,(anonymous_857)
FN:15073,(anonymous_858)
FN:15080,simpleBind
FN:15081,(anonymous_860)
FN:15086,processQueue
FN:15110,scheduleProcessQueue
FN:15113,(anonymous_863)
FN:15116,Deferred
FN:15125,(anonymous_865)
FN:15138,(anonymous_866)
FN:15158,(anonymous_867)
FN:15163,(anonymous_868)
FN:15169,(anonymous_869)
FN:15173,(anonymous_870)
FN:15225,(anonymous_871)
FN:15231,makePromise
FN:15241,handleCallback
FN:15249,(anonymous_874)
FN:15251,(anonymous_875)
FN:15277,(anonymous_876)
FN:15315,all
FN:15320,(anonymous_878)
FN:15322,(anonymous_879)
FN:15326,(anonymous_880)
FN:15339,Q
FN:15351,resolveFn
FN:15355,rejectFn
FN:15373,$$RAFProvider
FN:15374,(anonymous_885)
FN:15384,(anonymous_886)
FN:15386,(anonymous_887)
FN:15390,(anonymous_888)
FN:15392,(anonymous_889)
FN:15470,$RootScopeProvider
FN:15476,(anonymous_891)
FN:15483,createChildScopeClass
FN:15484,ChildScope
FN:15498,(anonymous_894)
FN:15500,destroyChildScope
FN:15504,cleanUpScope
FN:15567,Scope
FN:15635,(anonymous_898)
FN:15786,(anonymous_899)
FN:15816,deregisterWatch
FN:15849,(anonymous_901)
FN:15860,(anonymous_902)
FN:15863,deregisterWatchGroup
FN:15870,watchGroupAction
FN:15877,(anonymous_905)
FN:15878,watchGroupSubAction
FN:15889,watchGroupAction
FN:15900,deregisterWatchGroup
FN:15963,(anonymous_909)
FN:15983,$watchCollectionInterceptor
FN:16063,$watchCollectionAction
FN:16146,(anonymous_912)
FN:16295,(anonymous_913)
FN:16322,(anonymous_914)
FN:16358,(anonymous_915)
FN:16392,(anonymous_916)
FN:16396,(anonymous_917)
FN:16406,(anonymous_918)
FN:16455,(anonymous_919)
FN:16492,(anonymous_920)
FN:16498,$applyAsyncExpression
FN:16530,(anonymous_922)
FN:16546,(anonymous_923)
FN:16578,(anonymous_924)
FN:16586,(anonymous_925)
FN:16587,(anonymous_926)
FN:16650,(anonymous_927)
FN:16657,(anonymous_928)
FN:16715,beginPhase
FN:16723,clearPhase
FN:16727,incrementWatchersCount
FN:16733,decrementListenerCount
FN:16747,initWatchVal
FN:16749,flushApplyAsync
FN:16760,scheduleApplyAsync
FN:16762,(anonymous_936)
FN:16789,$$SanitizeUriProvider
FN:16809,(anonymous_938)
FN:16834,(anonymous_939)
FN:16842,(anonymous_940)
FN:16843,sanitizeUri
FN:16880,adjustMatcher
FN:16908,adjustMatchers
FN:16911,(anonymous_944)
FN:16986,$SceDelegateProvider
FN:17017,(anonymous_946)
FN:17051,(anonymous_947)
FN:17058,(anonymous_948)
FN:17060,htmlSanitizer
FN:17069,matchUrl
FN:17078,isResourceUrlAllowedByPolicy
FN:17100,generateHolderType
FN:17101,TrustedValueHolderType
FN:17102,(anonymous_954)
FN:17109,sceValueOf
FN:17112,sceToString
FN:17144,trustAs
FN:17182,valueOf
FN:17205,getTrusted
FN:17518,$SceProvider
FN:17532,(anonymous_961)
FN:17586,(anonymous_962)
FN:17610,(anonymous_963)
FN:17618,(anonymous_964)
FN:17641,sceParseAs
FN:17646,(anonymous_966)
FN:17899,(anonymous_967)
FN:17901,(anonymous_968)
FN:17904,(anonymous_969)
FN:17907,(anonymous_970)
FN:17930,$SnifferProvider
FN:17931,(anonymous_972)
FN:17979,(anonymous_973)
FN:18024,$TemplateRequestProvider
FN:18025,(anonymous_975)
FN:18026,handleRequestFn
FN:18041,(anonymous_977)
FN:18054,(anonymous_978)
FN:18057,(anonymous_979)
FN:18062,handleError
FN:18077,$$TestabilityProvider
FN:18079,(anonymous_982)
FN:18102,(anonymous_983)
FN:18105,(anonymous_984)
FN:18108,(anonymous_985)
FN:18137,(anonymous_986)
FN:18156,(anonymous_987)
FN:18169,(anonymous_988)
FN:18184,(anonymous_989)
FN:18192,$TimeoutProvider
FN:18194,(anonymous_991)
FN:18228,timeout
FN:18241,(anonymous_993)
FN:18274,(anonymous_994)
FN:18343,urlResolve
FN:18377,urlIsSameOrigin
FN:18424,$WindowProvider
FN:18437,$$CookieReader
FN:18442,safeDecodeURIComponent
FN:18450,(anonymous_1000)
FN:18479,$$CookieReaderProvider
FN:18583,$FilterProvider
FN:18602,register
FN:18605,(anonymous_1004)
FN:18615,(anonymous_1005)
FN:18616,(anonymous_1006)
FN:18773,filterFilter
FN:18774,(anonymous_1008)
FN:18810,createPredicateFn
FN:18817,(anonymous_1010)
FN:18837,(anonymous_1011)
FN:18847,deepCompare
FN:18856,(anonymous_1013)
FN:18897,getTypeForFilter
FN:18958,currencyFilter
FN:18960,(anonymous_1016)
FN:19030,numberFilter
FN:19032,(anonymous_1018)
FN:19055,parse
FN:19110,roundNumber
FN:19137,(anonymous_1021)
FN:19166,formatNumber
FN:19187,(anonymous_1023)
FN:19232,padNumber
FN:19247,dateGetter
FN:19249,(anonymous_1026)
FN:19259,dateStrGetter
FN:19260,(anonymous_1028)
FN:19268,timeZoneGetter
FN:19278,getFirstThursdayOfYear
FN:19286,getThursdayThisWeek
FN:19292,weekGetter
FN:19293,(anonymous_1033)
FN:19304,ampmGetter
FN:19308,eraGetter
FN:19312,longEraGetter
FN:19446,dateFilter
FN:19451,jsonStringToDate
FN:19476,(anonymous_1039)
FN:19511,(anonymous_1040)
FN:19553,jsonFilter
FN:19554,(anonymous_1042)
FN:19682,limitToFilter
FN:19683,(anonymous_1044)
FN:19903,orderByFilter
FN:19904,(anonymous_1046)
FN:19915,(anonymous_1047)
FN:19922,(anonymous_1048)
FN:19926,getComparisonObject
FN:19929,(anonymous_1050)
FN:19935,doComparison
FN:19945,processPredicates
FN:19947,(anonymous_1053)
FN:19961,(anonymous_1054)
FN:19969,isPrimitive
FN:19980,objectValue
FN:19995,getPredicateValue
FN:20008,compare
FN:20021,ngDirective
FN:20046,(anonymous_1060)
FN:20048,(anonymous_1061)
FN:20055,(anonymous_1062)
FN:20396,(anonymous_1063)
FN:20400,defaultLinkFn
FN:20401,ngBooleanAttrWatchAction
FN:20410,(anonymous_1066)
FN:20418,(anonymous_1067)
FN:20428,(anonymous_1068)
FN:20429,(anonymous_1069)
FN:20432,(anonymous_1070)
FN:20443,ngAttrAliasWatchAction
FN:20452,(anonymous_1072)
FN:20454,(anonymous_1073)
FN:20457,(anonymous_1074)
FN:20468,(anonymous_1075)
FN:20502,nullFormRenameControl
FN:20550,FormController
FN:20577,(anonymous_1078)
FN:20578,(anonymous_1079)
FN:20594,(anonymous_1080)
FN:20595,(anonymous_1081)
FN:20621,(anonymous_1082)
FN:20635,(anonymous_1083)
FN:20661,(anonymous_1084)
FN:20665,(anonymous_1085)
FN:20668,(anonymous_1086)
FN:20671,(anonymous_1087)
FN:20692,(anonymous_1088)
FN:20703,(anonymous_1089)
FN:20726,(anonymous_1090)
FN:20748,(anonymous_1091)
FN:20753,(anonymous_1092)
FN:20771,(anonymous_1093)
FN:20772,(anonymous_1094)
FN:20784,(anonymous_1095)
FN:20952,(anonymous_1096)
FN:20953,(anonymous_1097)
FN:20959,ngFormCompile
FN:20966,ngFormPreLink
FN:20977,(anonymous_1100)
FN:20978,(anonymous_1101)
FN:20990,(anonymous_1102)
FN:20991,(anonymous_1103)
FN:21004,(anonymous_1104)
FN:21012,(anonymous_1105)
FN:21024,getSetter
FN:21071,(anonymous_1107)
FN:22131,stringBasedInputType
FN:22132,(anonymous_1109)
FN:22137,textInputType
FN:22142,baseInputType
FN:22151,(anonymous_1112)
FN:22155,(anonymous_1113)
FN:22163,(anonymous_1114)
FN:22192,(anonymous_1115)
FN:22194,(anonymous_1116)
FN:22203,(anonymous_1117)
FN:22228,(anonymous_1118)
FN:22233,(anonymous_1119)
FN:22243,(anonymous_1120)
FN:22252,weekParser
FN:22284,createDateParser
FN:22285,(anonymous_1123)
FN:22321,(anonymous_1124)
FN:22334,createDateInputType
FN:22335,dynamicDateInputType
FN:22342,(anonymous_1127)
FN:22357,(anonymous_1128)
FN:22375,(anonymous_1129)
FN:22378,(anonymous_1130)
FN:22386,(anonymous_1131)
FN:22389,(anonymous_1132)
FN:22395,isValidDate
FN:22400,parseObservedDateValue
FN:22406,badInputChecker
FN:22410,(anonymous_1136)
FN:22421,numberInputType
FN:22426,(anonymous_1138)
FN:22432,(anonymous_1139)
FN:22444,(anonymous_1140)
FN:22448,(anonymous_1141)
FN:22460,(anonymous_1142)
FN:22464,(anonymous_1143)
FN:22475,urlInputType
FN:22482,(anonymous_1145)
FN:22488,emailInputType
FN:22495,(anonymous_1147)
FN:22501,radioInputType
FN:22507,(anonymous_1149)
FN:22515,(anonymous_1150)
FN:22523,parseConstantExpr
FN:22536,checkboxInputType
FN:22540,(anonymous_1153)
FN:22546,(anonymous_1154)
FN:22553,(anonymous_1155)
FN:22557,(anonymous_1156)
FN:22561,(anonymous_1157)
FN:22741,(anonymous_1158)
FN:22746,(anonymous_1159)
FN:22816,(anonymous_1160)
FN:22820,(anonymous_1161)
FN:22822,ngValueConstantLink
FN:22826,ngValueLink
FN:22827,valueWatchAction
FN:22887,(anonymous_1165)
FN:22890,ngBindCompile
FN:22892,ngBindLink
FN:22895,ngBindWatchAction
FN:22955,(anonymous_1169)
FN:22957,ngBindTemplateCompile
FN:22959,ngBindTemplateLink
FN:22963,(anonymous_1172)
FN:23019,(anonymous_1173)
FN:23022,ngBindHtmlCompile
FN:23024,getStringValue
FN:23029,ngBindHtmlLink
FN:23032,ngBindHtmlWatchAction
FN:23112,(anonymous_1178)
FN:23113,(anonymous_1179)
FN:23119,classDirective
FN:23121,(anonymous_1181)
FN:23124,(anonymous_1182)
FN:23129,(anonymous_1183)
FN:23135,(anonymous_1184)
FN:23147,addClasses
FN:23152,removeClasses
FN:23157,digestClassCounts
FN:23162,(anonymous_1188)
FN:23174,updateClasses
FN:23187,ngClassWatchAction
FN:23202,arrayDifference
FN:23216,arrayClasses
FN:23219,(anonymous_1193)
FN:23226,(anonymous_1194)
FN:23566,(anonymous_1195)
FN:23798,(anonymous_1196)
FN:24057,(anonymous_1197)
FN:24059,(anonymous_1198)
FN:24062,(anonymous_1199)
FN:24068,ngEventHandler
FN:24069,(anonymous_1201)
FN:24070,(anonymous_1202)
FN:24570,(anonymous_1203)
FN:24578,(anonymous_1204)
FN:24580,ngIfWatchAction
FN:24584,(anonymous_1206)
FN:24607,(anonymous_1207)
FN:24802,(anonymous_1208)
FN:24809,(anonymous_1209)
FN:24814,(anonymous_1210)
FN:24820,(anonymous_1211)
FN:24830,(anonymous_1212)
FN:24838,ngIncludeWatchAction
FN:24839,(anonymous_1214)
FN:24849,(anonymous_1215)
FN:24862,(anonymous_1216)
FN:24872,(anonymous_1217)
FN:24897,(anonymous_1218)
FN:24902,(anonymous_1219)
FN:24909,namespaceAdaptedClone
FN:24981,(anonymous_1221)
FN:24983,(anonymous_1222)
FN:25074,(anonymous_1223)
FN:25079,(anonymous_1224)
FN:25086,(anonymous_1225)
FN:25093,(anonymous_1226)
FN:25102,(anonymous_1227)
FN:25111,(anonymous_1228)
FN:25337,(anonymous_1229)
FN:25366,(anonymous_1230)
FN:25372,(anonymous_1231)
FN:25379,(anonymous_1232)
FN:25432,(anonymous_1233)
FN:25463,(anonymous_1234)
FN:25466,(anonymous_1235)
FN:25483,(anonymous_1236)
FN:25501,(anonymous_1237)
FN:25521,(anonymous_1238)
FN:25538,(anonymous_1239)
FN:25632,(anonymous_1240)
FN:25650,(anonymous_1241)
FN:25668,(anonymous_1242)
FN:25686,(anonymous_1243)
FN:25701,processParseErrors
FN:25707,(anonymous_1245)
FN:25710,(anonymous_1246)
FN:25721,processSyncValidators
FN:25723,(anonymous_1248)
FN:25729,(anonymous_1249)
FN:25737,processAsyncValidators
FN:25740,(anonymous_1251)
FN:25747,(anonymous_1252)
FN:25749,(anonymous_1253)
FN:25757,(anonymous_1254)
FN:25763,setValidity
FN:25769,validationDone
FN:25788,(anonymous_1257)
FN:25808,(anonymous_1258)
FN:25837,(anonymous_1259)
FN:25848,writeToModelIfNeeded
FN:25855,(anonymous_1261)
FN:25857,(anonymous_1262)
FN:25916,(anonymous_1263)
FN:25923,(anonymous_1264)
FN:25941,(anonymous_1265)
FN:25947,(anonymous_1266)
FN:25961,ngModelWatch
FN:26176,(anonymous_1268)
FN:26185,ngModelCompile
FN:26190,ngModelPreLink
FN:26199,(anonymous_1271)
FN:26205,(anonymous_1272)
FN:26209,ngModelPostLink
FN:26212,(anonymous_1274)
FN:26217,(anonymous_1275)
FN:26395,(anonymous_1276)
FN:26398,(anonymous_1277)
FN:26405,(anonymous_1278)
FN:26419,addSetValidityMethod
FN:26431,setValidity
FN:26479,createAndSet
FN:26486,unsetAndCleanup
FN:26495,cachedToggleClass
FN:26505,toggleValidationCss
FN:26513,isObjectEmpty
FN:26803,(anonymous_1286)
FN:26805,parseOptionsExpression
FN:26837,(anonymous_1288)
FN:26838,getHashOfValue
FN:26839,(anonymous_1290)
FN:26849,(anonymous_1291)
FN:26853,(anonymous_1292)
FN:26859,Option
FN:26867,getOptionValuesKeys
FN:26887,(anonymous_1295)
FN:26919,(anonymous_1296)
FN:26948,(anonymous_1297)
FN:26951,(anonymous_1298)
FN:26968,ngOptionsPostLink
FN:26996,(anonymous_1300)
FN:27005,(anonymous_1301)
FN:27012,(anonymous_1302)
FN:27019,(anonymous_1303)
FN:27026,writeNgOptionsValue
FN:27055,readNgOptionsValue
FN:27071,(anonymous_1306)
FN:27072,(anonymous_1307)
FN:27078,(anonymous_1308)
FN:27083,writeNgOptionsMultiple
FN:27084,(anonymous_1310)
FN:27089,(anonymous_1311)
FN:27097,readNgOptionsMultiple
FN:27101,(anonymous_1313)
FN:27113,(anonymous_1314)
FN:27115,(anonymous_1315)
FN:27119,(anonymous_1316)
FN:27153,updateOptionElement
FN:27168,addOrReuseElement
FN:27189,removeExcessElements
FN:27199,skipEmptyAndUnknownOptions
FN:27219,updateOptions
FN:27235,updateOption
FN:27291,(anonymous_1323)
FN:27316,ngOptionsPreLink
FN:27502,(anonymous_1325)
FN:27507,(anonymous_1326)
FN:27519,(anonymous_1327)
FN:27526,(anonymous_1328)
FN:27531,ngPluralizeWatchAction
FN:27559,updateElementText
FN:27875,(anonymous_1331)
FN:27879,(anonymous_1332)
FN:27892,(anonymous_1333)
FN:27896,(anonymous_1334)
FN:27908,ngRepeatCompile
FN:27945,(anonymous_1336)
FN:27948,(anonymous_1337)
FN:27953,ngRepeatLink
FN:27956,(anonymous_1339)
FN:27976,ngRepeatAction
FN:28027,(anonymous_1341)
FN:28080,ngRepeatTransclude
FN:28261,(anonymous_1343)
FN:28265,(anonymous_1344)
FN:28266,ngShowWatchAction
FN:28422,(anonymous_1346)
FN:28426,(anonymous_1347)
FN:28427,ngHideWatchAction
FN:28484,(anonymous_1349)
FN:28485,ngStyleWatchAction
FN:28487,(anonymous_1351)
FN:28620,(anonymous_1352)
FN:28625,ngSwitchController
FN:28628,(anonymous_1354)
FN:28635,(anonymous_1355)
FN:28636,(anonymous_1356)
FN:28639,ngSwitchWatchAction
FN:28657,(anonymous_1358)
FN:28658,(anonymous_1359)
FN:28679,(anonymous_1360)
FN:28690,(anonymous_1361)
FN:28752,(anonymous_1362)
FN:28761,(anonymous_1363)
FN:28801,(anonymous_1364)
FN:28805,(anonymous_1365)
FN:28818,chromeHack
FN:28836,(anonymous_1367)
FN:28851,(anonymous_1368)
FN:28858,(anonymous_1369)
FN:28863,(anonymous_1370)
FN:28870,readSingleValue
FN:28878,writeSingleValue
FN:28895,(anonymous_1373)
FN:28910,(anonymous_1374)
FN:28925,(anonymous_1375)
FN:28930,(anonymous_1376)
FN:28935,valueAttributeObserveAction
FN:28944,interpolateWatchAction
FN:28956,(anonymous_1379)
FN:29167,(anonymous_1380)
FN:29180,selectPreLink
FN:29193,(anonymous_1382)
FN:29194,(anonymous_1383)
FN:29206,readMultipleValue
FN:29208,(anonymous_1385)
FN:29217,writeMultipleValue
FN:29219,(anonymous_1387)
FN:29227,selectMultipleWatch
FN:29237,(anonymous_1389)
FN:29244,selectPostLink
FN:29256,(anonymous_1391)
FN:29266,(anonymous_1392)
FN:29270,(anonymous_1393)
FN:29283,(anonymous_1394)
FN:29362,(anonymous_1395)
FN:29366,(anonymous_1396)
FN:29370,(anonymous_1397)
FN:29374,(anonymous_1398)
FN:29456,(anonymous_1399)
FN:29460,(anonymous_1400)
FN:29464,(anonymous_1401)
FN:29479,(anonymous_1402)
FN:29553,(anonymous_1403)
FN:29557,(anonymous_1404)
FN:29561,(anonymous_1405)
FN:29566,(anonymous_1406)
FN:29637,(anonymous_1407)
FN:29641,(anonymous_1408)
FN:29645,(anonymous_1409)
FN:29649,(anonymous_1410)
FN:29670,(anonymous_1411)
FN:29672,getDecimals
FN:29678,getVF
FN:29809,(anonymous_1414)
FN:29813,(anonymous_1415)
FNF:1415
FNH:531
FNDA:1,(anonymous_1)
FNDA:20,minErr
FNDA:0,(anonymous_3)
FNDA:0,(anonymous_4)
FNDA:177,(anonymous_5)
FNDA:1,(anonymous_6)
FNDA:0,(anonymous_7)
FNDA:0,(anonymous_8)
FNDA:0,(anonymous_9)
FNDA:0,(anonymous_10)
FNDA:27,isArrayLike
FNDA:86,forEach
FNDA:0,forEachSorted
FNDA:6,reverseParams
FNDA:117,(anonymous_15)
FNDA:2,nextUid
FNDA:25,setHashKey
FNDA:21,baseExtend
FNDA:21,extend
FNDA:0,merge
FNDA:2,toInt
FNDA:0,inherit
FNDA:5,noop
FNDA:0,identity
FNDA:19,valueFn
FNDA:8,(anonymous_26)
FNDA:0,hasCustomToString
FNDA:150,isUndefined
FNDA:100,isDefined
FNDA:293,isObject
FNDA:27,isBlankObject
FNDA:488,isString
FNDA:30,isNumber
FNDA:3,isDate
FNDA:418,isFunction
FNDA:3,isRegExp
FNDA:30,isWindow
FNDA:4,isScope
FNDA:0,isFile
FNDA:0,isFormData
FNDA:3,isBlob
FNDA:0,isBoolean
FNDA:2,isPromiseLike
FNDA:4,isTypedArray
FNDA:63,(anonymous_45)
FNDA:0,(anonymous_46)
FNDA:0,isElement
FNDA:1,makeMap
FNDA:72,nodeName_
FNDA:0,includes
FNDA:0,arrayRemove
FNDA:4,copy
FNDA:0,(anonymous_53)
FNDA:4,copyRecurse
FNDA:8,copyElement
FNDA:5,shallowCopy
FNDA:1,equals
FNDA:3,(anonymous_58)
FNDA:1,noUnsafeEval
FNDA:1,(anonymous_60)
FNDA:5,concat
FNDA:4,sliceArgs
FNDA:0,bind
FNDA:0,(anonymous_64)
FNDA:0,(anonymous_65)
FNDA:0,toJsonReplacer
FNDA:0,toJson
FNDA:0,fromJson
FNDA:0,timezoneToOffset
FNDA:0,addDateMinutes
FNDA:0,convertTimezoneToLocal
FNDA:0,startingTag
FNDA:0,(anonymous_73)
FNDA:0,tryDecodeURIComponent
FNDA:1,parseKeyValue
FNDA:1,(anonymous_76)
FNDA:1,toKeyValue
FNDA:0,(anonymous_78)
FNDA:0,(anonymous_79)
FNDA:2,encodeUriSegment
FNDA:2,encodeUriQuery
FNDA:1,getNgAttribute
FNDA:1,angularInit
FNDA:4,(anonymous_84)
FNDA:4,(anonymous_85)
FNDA:1,bootstrap
FNDA:1,(anonymous_87)
FNDA:1,(anonymous_88)
FNDA:0,(anonymous_89)
FNDA:1,bootstrapApply
FNDA:1,(anonymous_91)
FNDA:1,(anonymous_92)
FNDA:1,(anonymous_93)
FNDA:0,reloadWithDebugInfo
FNDA:2,getTestability
FNDA:0,snake_case
FNDA:0,(anonymous_97)
FNDA:1,bindJQuery
FNDA:0,(anonymous_99)
FNDA:148,assertArg
FNDA:54,assertArgFn
FNDA:216,assertNotHasOwnProperty
FNDA:0,getter
FNDA:0,getBlockNodes
FNDA:10,createMap
FNDA:1,setupModuleLoader
FNDA:22,ensure
FNDA:1,(anonymous_108)
FNDA:20,module
FNDA:20,(anonymous_110)
FNDA:10,(anonymous_111)
FNDA:0,(anonymous_112)
FNDA:30,invokeLater
FNDA:8,(anonymous_114)
FNDA:80,invokeLaterAndSetModuleName
FNDA:8,(anonymous_116)
FNDA:0,serializeObject
FNDA:0,(anonymous_118)
FNDA:0,toDebugString
FNDA:1,publishExternalAPI
FNDA:1,ngModule
FNDA:6,(anonymous_122)
FNDA:0,(anonymous_123)
FNDA:0,(anonymous_124)
FNDA:7,jqNextId
FNDA:186,camelCase
FNDA:75,(anonymous_127)
FNDA:1,jqLiteIsTextNode
FNDA:26,jqLiteAcceptsData
FNDA:1,jqLiteHasData
FNDA:1,jqLiteBuildFragment
FNDA:1,(anonymous_132)
FNDA:1,jqLiteParseHTML
FNDA:0,jqLiteWrapNode
FNDA:0,(anonymous_135)
FNDA:79,JQLite
FNDA:1,jqLiteClone
FNDA:1,jqLiteDealoc
FNDA:0,jqLiteOff
FNDA:0,(anonymous_140)
FNDA:0,(anonymous_141)
FNDA:0,jqLiteRemoveData
FNDA:24,jqLiteExpandoStore
FNDA:20,jqLiteData
FNDA:0,jqLiteHasClass
FNDA:0,jqLiteRemoveClass
FNDA:0,(anonymous_147)
FNDA:8,jqLiteAddClass
FNDA:6,(anonymous_149)
FNDA:39,jqLiteAddNodes
FNDA:0,jqLiteController
FNDA:3,jqLiteInheritedData
FNDA:0,jqLiteEmpty
FNDA:0,jqLiteRemove
FNDA:0,jqLiteDocumentLoaded
FNDA:1,(anonymous_156)
FNDA:2,trigger
FNDA:0,(anonymous_158)
FNDA:0,(anonymous_159)
FNDA:0,(anonymous_160)
FNDA:7,(anonymous_161)
FNDA:7,(anonymous_162)
FNDA:34,getBooleanAttrName
FNDA:0,getAliasedAttrName
FNDA:3,(anonymous_165)
FNDA:0,(anonymous_166)
FNDA:0,(anonymous_167)
FNDA:3,(anonymous_168)
FNDA:0,(anonymous_169)
FNDA:0,(anonymous_170)
FNDA:0,(anonymous_171)
FNDA:0,(anonymous_172)
FNDA:1,(anonymous_173)
FNDA:1,getText
FNDA:0,(anonymous_175)
FNDA:0,(anonymous_176)
FNDA:1,(anonymous_177)
FNDA:15,(anonymous_178)
FNDA:14,(anonymous_179)
FNDA:4,createEventHandler
FNDA:4,(anonymous_181)
FNDA:0,(anonymous_182)
FNDA:0,(anonymous_183)
FNDA:4,(anonymous_184)
FNDA:4,defaultHandlerWrapper
FNDA:0,specialMouseHandlerWrapper
FNDA:6,jqLiteOn
FNDA:6,(anonymous_188)
FNDA:0,(anonymous_189)
FNDA:0,onFn
FNDA:0,(anonymous_191)
FNDA:0,(anonymous_192)
FNDA:1,(anonymous_193)
FNDA:5,(anonymous_194)
FNDA:1,(anonymous_195)
FNDA:0,(anonymous_196)
FNDA:1,(anonymous_197)
FNDA:1,(anonymous_198)
FNDA:0,(anonymous_199)
FNDA:0,(anonymous_200)
FNDA:1,(anonymous_201)
FNDA:0,(anonymous_202)
FNDA:0,(anonymous_203)
FNDA:5,(anonymous_204)
FNDA:0,(anonymous_205)
FNDA:1,(anonymous_206)
FNDA:0,(anonymous_207)
FNDA:0,(anonymous_208)
FNDA:0,(anonymous_209)
FNDA:0,(anonymous_210)
FNDA:0,(anonymous_211)
FNDA:0,(anonymous_212)
FNDA:21,(anonymous_213)
FNDA:21,(anonymous_214)
FNDA:1,$$jqLiteProvider
FNDA:0,$$jqLite
FNDA:0,(anonymous_217)
FNDA:0,(anonymous_218)
FNDA:0,(anonymous_219)
FNDA:25,hashKey
FNDA:2,HashMap
FNDA:1,(anonymous_222)
FNDA:11,(anonymous_223)
FNDA:14,(anonymous_224)
FNDA:0,(anonymous_225)
FNDA:1,(anonymous_226)
FNDA:0,(anonymous_227)
FNDA:0,anonFn
FNDA:115,annotate
FNDA:0,(anonymous_230)
FNDA:0,(anonymous_231)
FNDA:1,createInjector
FNDA:0,(anonymous_233)
FNDA:45,(anonymous_234)
FNDA:1,(anonymous_235)
FNDA:5,supportObject
FNDA:92,(anonymous_237)
FNDA:130,provider
FNDA:84,enforceReturnValue
FNDA:7,enforcedReturnValue
FNDA:87,factory
FNDA:0,service
FNDA:0,(anonymous_243)
FNDA:3,value
FNDA:0,constant
FNDA:1,decorator
FNDA:1,(anonymous_247)
FNDA:11,loadModules
FNDA:14,(anonymous_249)
FNDA:20,runInvokeQueue
FNDA:2,createInternalInjector
FNDA:210,getService
FNDA:115,invoke
FNDA:44,instantiate
FNDA:1,(anonymous_255)
FNDA:1,$AnchorScrollProvider
FNDA:0,(anonymous_257)
FNDA:1,(anonymous_258)
FNDA:0,getFirstAnchor
FNDA:0,(anonymous_260)
FNDA:0,getYOffset
FNDA:0,scrollTo
FNDA:0,scroll
FNDA:7,autoScrollWatch
FNDA:1,autoScrollWatchAction
FNDA:0,(anonymous_266)
FNDA:0,mergeClasses
FNDA:1,extractElementNode
FNDA:0,splitClasses
FNDA:0,(anonymous_270)
FNDA:1,prepareAnimateOptions
FNDA:1,(anonymous_272)
FNDA:0,(anonymous_273)
FNDA:1,(anonymous_274)
FNDA:1,(anonymous_275)
FNDA:1,(anonymous_276)
FNDA:0,updateData
FNDA:0,(anonymous_278)
FNDA:0,handleCSSClassChanges
FNDA:0,(anonymous_280)
FNDA:0,(anonymous_281)
FNDA:0,(anonymous_282)
FNDA:0,addRemoveClassesPostDigest
FNDA:1,(anonymous_284)
FNDA:0,(anonymous_285)
FNDA:0,(anonymous_286)
FNDA:1,(anonymous_287)
FNDA:1,domInsert
FNDA:0,(anonymous_289)
FNDA:1,(anonymous_290)
FNDA:0,(anonymous_291)
FNDA:0,(anonymous_292)
FNDA:0,(anonymous_293)
FNDA:0,(anonymous_294)
FNDA:0,(anonymous_295)
FNDA:0,(anonymous_296)
FNDA:0,(anonymous_297)
FNDA:1,(anonymous_298)
FNDA:1,(anonymous_299)
FNDA:2,waitForTick
FNDA:1,(anonymous_301)
FNDA:1,(anonymous_302)
FNDA:1,(anonymous_303)
FNDA:1,(anonymous_304)
FNDA:1,(anonymous_305)
FNDA:1,(anonymous_306)
FNDA:0,(anonymous_307)
FNDA:0,next
FNDA:0,(anonymous_309)
FNDA:0,(anonymous_310)
FNDA:0,(anonymous_311)
FNDA:0,onProgress
FNDA:1,AnimateRunner
FNDA:0,(anonymous_314)
FNDA:1,(anonymous_315)
FNDA:1,(anonymous_316)
FNDA:1,(anonymous_317)
FNDA:1,(anonymous_318)
FNDA:1,(anonymous_319)
FNDA:1,(anonymous_320)
FNDA:1,(anonymous_321)
FNDA:0,(anonymous_322)
FNDA:0,(anonymous_323)
FNDA:0,(anonymous_324)
FNDA:0,(anonymous_325)
FNDA:0,(anonymous_326)
FNDA:0,(anonymous_327)
FNDA:1,(anonymous_328)
FNDA:1,(anonymous_329)
FNDA:1,(anonymous_330)
FNDA:1,(anonymous_331)
FNDA:1,(anonymous_332)
FNDA:0,(anonymous_333)
FNDA:0,(anonymous_334)
FNDA:0,run
FNDA:0,(anonymous_336)
FNDA:0,applyAnimationContents
FNDA:1,Browser
FNDA:1,(anonymous_339)
FNDA:3,completeOutstandingRequest
FNDA:0,getHash
FNDA:2,(anonymous_342)
FNDA:12,(anonymous_343)
FNDA:8,(anonymous_344)
FNDA:0,cacheStateAndFireUrlChange
FNDA:1,getCurrentState
FNDA:1,cacheState
FNDA:4,fireUrlChange
FNDA:0,(anonymous_349)
FNDA:1,(anonymous_350)
FNDA:0,(anonymous_351)
FNDA:1,(anonymous_352)
FNDA:2,(anonymous_353)
FNDA:2,(anonymous_354)
FNDA:0,(anonymous_355)
FNDA:1,$BrowserProvider
FNDA:1,(anonymous_357)
FNDA:1,$CacheFactoryProvider
FNDA:1,(anonymous_359)
FNDA:2,cacheFactory
FNDA:3,(anonymous_361)
FNDA:2,(anonymous_362)
FNDA:0,(anonymous_363)
FNDA:0,(anonymous_364)
FNDA:0,(anonymous_365)
FNDA:0,(anonymous_366)
FNDA:0,refresh
FNDA:0,link
FNDA:0,(anonymous_369)
FNDA:0,(anonymous_370)
FNDA:0,(anonymous_371)
FNDA:1,$TemplateCacheProvider
FNDA:1,(anonymous_373)
FNDA:1,$CompileProvider
FNDA:0,parseIsolateBindings
FNDA:0,(anonymous_376)
FNDA:8,parseDirectiveBindings
FNDA:80,assertValidDirectiveName
FNDA:84,registerDirective
FNDA:7,(anonymous_380)
FNDA:8,(anonymous_381)
FNDA:0,(anonymous_382)
FNDA:0,(anonymous_383)
FNDA:1,(anonymous_384)
FNDA:1,(anonymous_385)
FNDA:74,(anonymous_386)
FNDA:0,(anonymous_387)
FNDA:0,(anonymous_388)
FNDA:0,(anonymous_389)
FNDA:0,(anonymous_390)
FNDA:0,(anonymous_391)
FNDA:0,(anonymous_392)
FNDA:0,(anonymous_393)
FNDA:0,(anonymous_394)
FNDA:4,safeAddClass
FNDA:0,denormalizeTemplate
FNDA:1,$$addBindingInfo
FNDA:1,$$addBindingClass
FNDA:3,$$addScopeInfo
FNDA:3,$$addScopeClass
FNDA:3,compile
FNDA:3,publicLinkFn
FNDA:3,detectNamespaceForChildElements
FNDA:16,compileNodes
FNDA:10,compositeLinkFn
FNDA:1,createBoundTranscludeFn
FNDA:1,(anonymous_407)
FNDA:73,collectDirectives
FNDA:0,(anonymous_409)
FNDA:0,groupScan
FNDA:0,groupElementsLinkFnWrapper
FNDA:0,(anonymous_412)
FNDA:17,applyDirectivesToNode
FNDA:5,addLinkFns
FNDA:0,getControllers
FNDA:0,setupControllers
FNDA:17,nodeLinkFn
FNDA:1,controllersBoundTransclude
FNDA:0,markDirectiveScope
FNDA:110,addDirective
FNDA:0,directiveIsMultiElement
FNDA:0,mergeTemplateAttributes
FNDA:0,(anonymous_423)
FNDA:0,(anonymous_424)
FNDA:0,compileTemplateUrl
FNDA:0,(anonymous_426)
FNDA:0,(anonymous_427)
FNDA:0,delayedNodeLinkFn
FNDA:1,byPriority
FNDA:1,assertNoDuplicate
FNDA:0,wrapModuleNameIfDefined
FNDA:37,addTextInterpolateDirective
FNDA:0,textInterpolateCompileFn
FNDA:0,textInterpolateLinkFn
FNDA:0,interpolateFnWatchAction
FNDA:0,wrapTemplate
FNDA:34,getTrustedContext
FNDA:34,addAttrInterpolateDirective
FNDA:0,(anonymous_439)
FNDA:0,attrInterpolatePreLinkFn
FNDA:0,interpolateFnWatchAction
FNDA:1,replaceWith
FNDA:0,cloneAndAnnotateFn
FNDA:0,(anonymous_444)
FNDA:5,invokeLinkFn
FNDA:0,initializeDirectiveBindings
FNDA:0,(anonymous_447)
FNDA:0,(anonymous_448)
FNDA:0,(anonymous_449)
FNDA:0,(anonymous_450)
FNDA:0,parentValueWatch
FNDA:0,(anonymous_452)
FNDA:0,removeWatches
FNDA:171,directiveNormalize
FNDA:0,nodesetLinkingFn
FNDA:0,directiveLinkingFn
FNDA:0,tokenDifference
FNDA:0,removeComments
FNDA:0,identifierForController
FNDA:1,$ControllerProvider
FNDA:2,(anonymous_461)
FNDA:0,(anonymous_462)
FNDA:1,(anonymous_463)
FNDA:1,(anonymous_464)
FNDA:0,(anonymous_465)
FNDA:0,addIdentifier
FNDA:1,$DocumentProvider
FNDA:1,(anonymous_468)
FNDA:1,$ExceptionHandlerProvider
FNDA:1,(anonymous_470)
FNDA:0,(anonymous_471)
FNDA:1,(anonymous_472)
FNDA:0,(anonymous_473)
FNDA:0,(anonymous_474)
FNDA:0,(anonymous_475)
FNDA:0,(anonymous_476)
FNDA:0,serializeValue
FNDA:1,$HttpParamSerializerProvider
FNDA:1,(anonymous_479)
FNDA:1,ngParamSerializer
FNDA:0,(anonymous_481)
FNDA:0,(anonymous_482)
FNDA:1,$HttpParamSerializerJQLikeProvider
FNDA:0,(anonymous_484)
FNDA:0,jQueryLikeParamSerializer
FNDA:0,serialize
FNDA:0,(anonymous_487)
FNDA:0,(anonymous_488)
FNDA:0,defaultHttpResponseTransform
FNDA:0,isJsonLike
FNDA:1,parseHeaders
FNDA:8,fillInParsed
FNDA:8,(anonymous_493)
FNDA:0,(anonymous_494)
FNDA:2,headersGetter
FNDA:0,(anonymous_496)
FNDA:2,transformData
FNDA:1,(anonymous_498)
FNDA:3,isSuccess
FNDA:1,$HttpProvider
FNDA:1,(anonymous_501)
FNDA:0,(anonymous_502)
FNDA:0,(anonymous_503)
FNDA:1,(anonymous_504)
FNDA:0,(anonymous_505)
FNDA:1,$http
FNDA:1,(anonymous_507)
FNDA:1,(anonymous_508)
FNDA:0,(anonymous_509)
FNDA:0,(anonymous_510)
FNDA:0,(anonymous_511)
FNDA:0,(anonymous_512)
FNDA:0,(anonymous_513)
FNDA:1,transformResponse
FNDA:1,executeHeaderFns
FNDA:1,(anonymous_516)
FNDA:1,mergeHeaders
FNDA:1,createShortMethods
FNDA:4,(anonymous_519)
FNDA:1,(anonymous_520)
FNDA:1,createShortMethodsWithData
FNDA:3,(anonymous_522)
FNDA:0,(anonymous_523)
FNDA:1,sendReq
FNDA:1,done
FNDA:1,resolveHttpPromise
FNDA:1,resolvePromise
FNDA:0,resolvePromiseWithResult
FNDA:1,removePendingReq
FNDA:1,buildUrl
FNDA:1,$xhrFactoryProvider
FNDA:1,(anonymous_532)
FNDA:1,createXhr
FNDA:1,$HttpBackendProvider
FNDA:1,(anonymous_535)
FNDA:1,createHttpBackend
FNDA:1,(anonymous_537)
FNDA:0,(anonymous_538)
FNDA:0,(anonymous_539)
FNDA:1,(anonymous_540)
FNDA:1,requestLoaded
FNDA:0,(anonymous_542)
FNDA:0,timeoutRequest
FNDA:1,completeRequest
FNDA:0,jsonpReq
FNDA:0,(anonymous_546)
FNDA:0,(anonymous_547)
FNDA:0,(anonymous_548)
FNDA:1,$InterpolateProvider
FNDA:0,(anonymous_550)
FNDA:0,(anonymous_551)
FNDA:1,(anonymous_552)
FNDA:4,escape
FNDA:67,unescapeText
FNDA:0,stringify
FNDA:71,$interpolate
FNDA:0,(anonymous_557)
FNDA:0,(anonymous_558)
FNDA:0,interpolationFn
FNDA:0,(anonymous_560)
FNDA:0,interpolateFnWatcher
FNDA:0,parseStringifyInterceptor
FNDA:1,(anonymous_563)
FNDA:1,(anonymous_564)
FNDA:1,$IntervalProvider
FNDA:0,(anonymous_566)
FNDA:0,interval
FNDA:0,(anonymous_568)
FNDA:0,tick
FNDA:0,(anonymous_570)
FNDA:1,encodePath
FNDA:1,parseAbsoluteUrl
FNDA:1,parseAppUrl
FNDA:2,beginsWith
FNDA:4,stripHash
FNDA:16,trimEmptyHash
FNDA:1,stripFile
FNDA:0,serverBase
FNDA:0,LocationHtml5Url
FNDA:0,(anonymous_580)
FNDA:0,(anonymous_581)
FNDA:0,(anonymous_582)
FNDA:1,LocationHashbangUrl
FNDA:1,(anonymous_584)
FNDA:1,removeWindowsDriveName
FNDA:1,(anonymous_586)
FNDA:1,(anonymous_587)
FNDA:0,LocationHashbangInHtml5Url
FNDA:0,(anonymous_589)
FNDA:0,(anonymous_590)
FNDA:0,(anonymous_591)
FNDA:0,(anonymous_592)
FNDA:1,(anonymous_593)
FNDA:0,(anonymous_594)
FNDA:0,(anonymous_595)
FNDA:0,(anonymous_596)
FNDA:3,(anonymous_597)
FNDA:0,(anonymous_598)
FNDA:4,locationGetter
FNDA:11,(anonymous_600)
FNDA:2,locationGetterSetter
FNDA:8,(anonymous_602)
FNDA:1,$LocationProvider
FNDA:0,(anonymous_604)
FNDA:0,(anonymous_605)
FNDA:1,(anonymous_606)
FNDA:0,setBrowserUrlWithFallback
FNDA:1,(anonymous_608)
FNDA:0,(anonymous_609)
FNDA:0,(anonymous_610)
FNDA:7,$locationWatch
FNDA:1,(anonymous_612)
FNDA:1,afterLocationChange
FNDA:1,$LogProvider
FNDA:0,(anonymous_615)
FNDA:1,(anonymous_616)
FNDA:1,(anonymous_617)
FNDA:0,(anonymous_618)
FNDA:0,formatError
FNDA:5,consoleLog
FNDA:0,(anonymous_621)
FNDA:0,(anonymous_622)
FNDA:0,(anonymous_623)
FNDA:3,ensureSafeMemberName
FNDA:0,getStringValue
FNDA:2,ensureSafeObject
FNDA:1,ensureSafeFunction
FNDA:0,ensureSafeAssignContext
FNDA:18,(anonymous_629)
FNDA:3,(anonymous_630)
FNDA:3,(anonymous_631)
FNDA:2,(anonymous_632)
FNDA:0,(anonymous_633)
FNDA:5,(anonymous_634)
FNDA:0,(anonymous_635)
FNDA:23,(anonymous_636)
FNDA:0,(anonymous_637)
FNDA:0,(anonymous_638)
FNDA:0,(anonymous_639)
FNDA:2,(anonymous_640)
FNDA:0,(anonymous_641)
FNDA:3,(anonymous_642)
FNDA:3,(anonymous_643)
FNDA:3,(anonymous_644)
FNDA:2,(anonymous_645)
FNDA:2,(anonymous_646)
FNDA:2,(anonymous_647)
FNDA:2,(anonymous_648)
FNDA:2,(anonymous_649)
FNDA:2,(anonymous_650)
FNDA:2,(anonymous_651)
FNDA:2,(anonymous_652)
FNDA:2,(anonymous_653)
FNDA:2,(anonymous_654)
FNDA:2,(anonymous_655)
FNDA:2,(anonymous_656)
FNDA:2,(anonymous_657)
FNDA:0,(anonymous_658)
FNDA:1,(anonymous_659)
FNDA:2,(anonymous_660)
FNDA:0,(anonymous_661)
FNDA:0,(anonymous_662)
FNDA:0,(anonymous_663)
FNDA:0,(anonymous_664)
FNDA:3,(anonymous_665)
FNDA:1,(anonymous_666)
FNDA:41,(anonymous_667)
FNDA:41,(anonymous_668)
FNDA:35,(anonymous_669)
FNDA:0,ifDefined
FNDA:0,plusFn
FNDA:0,isStateless
FNDA:5,findConstantAndWatchExpressions
FNDA:2,(anonymous_674)
FNDA:0,(anonymous_675)
FNDA:0,(anonymous_676)
FNDA:0,(anonymous_677)
FNDA:3,getInputs
FNDA:3,isAssignable
FNDA:3,assignableAST
FNDA:3,isLiteral
FNDA:3,isConstant
FNDA:3,ASTCompiler
FNDA:3,(anonymous_684)
FNDA:0,(anonymous_685)
FNDA:3,(anonymous_686)
FNDA:0,(anonymous_687)
FNDA:4,(anonymous_688)
FNDA:3,(anonymous_689)
FNDA:0,(anonymous_690)
FNDA:4,(anonymous_691)
FNDA:4,(anonymous_692)
FNDA:9,(anonymous_693)
FNDA:2,(anonymous_694)
FNDA:2,(anonymous_695)
FNDA:0,(anonymous_696)
FNDA:0,(anonymous_697)
FNDA:0,(anonymous_698)
FNDA:3,(anonymous_699)
FNDA:3,(anonymous_700)
FNDA:0,(anonymous_701)
FNDA:0,(anonymous_702)
FNDA:0,(anonymous_703)
FNDA:0,(anonymous_704)
FNDA:1,(anonymous_705)
FNDA:1,(anonymous_706)
FNDA:0,(anonymous_707)
FNDA:0,(anonymous_708)
FNDA:1,(anonymous_709)
FNDA:1,(anonymous_710)
FNDA:1,(anonymous_711)
FNDA:0,(anonymous_712)
FNDA:0,(anonymous_713)
FNDA:0,(anonymous_714)
FNDA:0,(anonymous_715)
FNDA:5,(anonymous_716)
FNDA:12,(anonymous_717)
FNDA:0,(anonymous_718)
FNDA:0,(anonymous_719)
FNDA:0,(anonymous_720)
FNDA:3,(anonymous_721)
FNDA:8,(anonymous_722)
FNDA:3,(anonymous_723)
FNDA:2,(anonymous_724)
FNDA:9,(anonymous_725)
FNDA:0,(anonymous_726)
FNDA:3,(anonymous_727)
FNDA:2,(anonymous_728)
FNDA:0,(anonymous_729)
FNDA:1,(anonymous_730)
FNDA:1,(anonymous_731)
FNDA:3,(anonymous_732)
FNDA:0,(anonymous_733)
FNDA:1,(anonymous_734)
FNDA:0,(anonymous_735)
FNDA:1,(anonymous_736)
FNDA:0,(anonymous_737)
FNDA:0,(anonymous_738)
FNDA:3,(anonymous_739)
FNDA:3,(anonymous_740)
FNDA:0,(anonymous_741)
FNDA:3,(anonymous_742)
FNDA:11,(anonymous_743)
FNDA:43,(anonymous_744)
FNDA:0,ASTInterpreter
FNDA:0,(anonymous_746)
FNDA:0,(anonymous_747)
FNDA:0,(anonymous_748)
FNDA:0,(anonymous_749)
FNDA:0,(anonymous_750)
FNDA:0,(anonymous_751)
FNDA:0,(anonymous_752)
FNDA:0,(anonymous_753)
FNDA:0,(anonymous_754)
FNDA:0,(anonymous_755)
FNDA:0,(anonymous_756)
FNDA:0,(anonymous_757)
FNDA:0,(anonymous_758)
FNDA:0,(anonymous_759)
FNDA:0,(anonymous_760)
FNDA:0,(anonymous_761)
FNDA:0,(anonymous_762)
FNDA:0,(anonymous_763)
FNDA:0,(anonymous_764)
FNDA:0,(anonymous_765)
FNDA:0,(anonymous_766)
FNDA:0,(anonymous_767)
FNDA:0,(anonymous_768)
FNDA:0,(anonymous_769)
FNDA:0,(anonymous_770)
FNDA:0,(anonymous_771)
FNDA:0,(anonymous_772)
FNDA:0,(anonymous_773)
FNDA:0,(anonymous_774)
FNDA:0,(anonymous_775)
FNDA:0,(anonymous_776)
FNDA:0,(anonymous_777)
FNDA:0,(anonymous_778)
FNDA:0,(anonymous_779)
FNDA:0,(anonymous_780)
FNDA:0,(anonymous_781)
FNDA:0,(anonymous_782)
FNDA:0,(anonymous_783)
FNDA:0,(anonymous_784)
FNDA:0,(anonymous_785)
FNDA:0,(anonymous_786)
FNDA:0,(anonymous_787)
FNDA:0,(anonymous_788)
FNDA:0,(anonymous_789)
FNDA:0,(anonymous_790)
FNDA:0,(anonymous_791)
FNDA:0,(anonymous_792)
FNDA:0,(anonymous_793)
FNDA:0,(anonymous_794)
FNDA:0,(anonymous_795)
FNDA:0,(anonymous_796)
FNDA:0,(anonymous_797)
FNDA:0,(anonymous_798)
FNDA:0,(anonymous_799)
FNDA:0,(anonymous_800)
FNDA:0,(anonymous_801)
FNDA:0,(anonymous_802)
FNDA:0,(anonymous_803)
FNDA:0,(anonymous_804)
FNDA:0,(anonymous_805)
FNDA:0,(anonymous_806)
FNDA:0,(anonymous_807)
FNDA:0,(anonymous_808)
FNDA:0,(anonymous_809)
FNDA:0,(anonymous_810)
FNDA:0,(anonymous_811)
FNDA:3,(anonymous_812)
FNDA:3,(anonymous_813)
FNDA:2,isPossiblyDangerousMemberName
FNDA:0,getValueOf
FNDA:1,$ParseProvider
FNDA:1,(anonymous_817)
FNDA:0,(anonymous_818)
FNDA:34,$parse
FNDA:2,expensiveChecksInterceptor
FNDA:1,expensiveCheckFn
FNDA:0,expressionInputDirtyCheck
FNDA:0,inputsWatchDelegate
FNDA:0,expressionInputWatch
FNDA:0,expressionInputsWatch
FNDA:0,oneTimeWatchDelegate
FNDA:0,oneTimeWatch
FNDA:0,oneTimeListener
FNDA:0,(anonymous_829)
FNDA:0,oneTimeLiteralWatchDelegate
FNDA:0,oneTimeWatch
FNDA:0,oneTimeListener
FNDA:0,(anonymous_833)
FNDA:0,isAllDefined
FNDA:0,(anonymous_835)
FNDA:0,constantWatchDelegate
FNDA:0,constantWatch
FNDA:0,constantListener
FNDA:34,addInterceptor
FNDA:0,regularInterceptedExpression
FNDA:0,oneTimeInterceptedExpression
FNDA:1,$QProvider
FNDA:1,(anonymous_843)
FNDA:12,(anonymous_844)
FNDA:1,$$QProvider
FNDA:1,(anonymous_846)
FNDA:0,(anonymous_847)
FNDA:2,qFactory
FNDA:24,callOnce
FNDA:48,wrap
FNDA:4,(anonymous_851)
FNDA:1,(anonymous_852)
FNDA:20,Promise
FNDA:16,(anonymous_854)
FNDA:0,(anonymous_855)
FNDA:1,(anonymous_856)
FNDA:1,(anonymous_857)
FNDA:0,(anonymous_858)
FNDA:60,simpleBind
FNDA:20,(anonymous_860)
FNDA:12,processQueue
FNDA:23,scheduleProcessQueue
FNDA:12,(anonymous_863)
FNDA:20,Deferred
FNDA:20,(anonymous_865)
FNDA:24,(anonymous_866)
FNDA:0,(anonymous_867)
FNDA:0,(anonymous_868)
FNDA:0,(anonymous_869)
FNDA:0,(anonymous_870)
FNDA:0,(anonymous_871)
FNDA:1,makePromise
FNDA:1,handleCallback
FNDA:0,(anonymous_874)
FNDA:0,(anonymous_875)
FNDA:3,(anonymous_876)
FNDA:1,all
FNDA:1,(anonymous_878)
FNDA:1,(anonymous_879)
FNDA:0,(anonymous_880)
FNDA:2,Q
FNDA:1,resolveFn
FNDA:0,rejectFn
FNDA:1,$$RAFProvider
FNDA:1,(anonymous_885)
FNDA:1,(anonymous_886)
FNDA:0,(anonymous_887)
FNDA:0,(anonymous_888)
FNDA:0,(anonymous_889)
FNDA:1,$RootScopeProvider
FNDA:0,(anonymous_891)
FNDA:1,createChildScopeClass
FNDA:1,ChildScope
FNDA:1,(anonymous_894)
FNDA:0,destroyChildScope
FNDA:0,cleanUpScope
FNDA:1,Scope
FNDA:1,(anonymous_898)
FNDA:3,(anonymous_899)
FNDA:0,deregisterWatch
FNDA:0,(anonymous_901)
FNDA:0,(anonymous_902)
FNDA:0,deregisterWatchGroup
FNDA:0,watchGroupAction
FNDA:0,(anonymous_905)
FNDA:0,watchGroupSubAction
FNDA:0,watchGroupAction
FNDA:0,deregisterWatchGroup
FNDA:0,(anonymous_909)
FNDA:0,$watchCollectionInterceptor
FNDA:0,$watchCollectionAction
FNDA:4,(anonymous_912)
FNDA:0,(anonymous_913)
FNDA:0,(anonymous_914)
FNDA:17,(anonymous_915)
FNDA:13,(anonymous_916)
FNDA:2,(anonymous_917)
FNDA:0,(anonymous_918)
FNDA:3,(anonymous_919)
FNDA:0,(anonymous_920)
FNDA:0,$applyAsyncExpression
FNDA:3,(anonymous_922)
FNDA:0,(anonymous_923)
FNDA:1,(anonymous_924)
FNDA:0,(anonymous_925)
FNDA:0,(anonymous_926)
FNDA:4,(anonymous_927)
FNDA:0,(anonymous_928)
FNDA:7,beginPhase
FNDA:7,clearPhase
FNDA:3,incrementWatchersCount
FNDA:0,decrementListenerCount
FNDA:0,initWatchVal
FNDA:0,flushApplyAsync
FNDA:0,scheduleApplyAsync
FNDA:0,(anonymous_936)
FNDA:1,$$SanitizeUriProvider
FNDA:0,(anonymous_938)
FNDA:0,(anonymous_939)
FNDA:1,(anonymous_940)
FNDA:0,sanitizeUri
FNDA:0,adjustMatcher
FNDA:0,adjustMatchers
FNDA:0,(anonymous_944)
FNDA:1,$SceDelegateProvider
FNDA:0,(anonymous_946)
FNDA:0,(anonymous_947)
FNDA:1,(anonymous_948)
FNDA:0,htmlSanitizer
FNDA:1,matchUrl
FNDA:1,isResourceUrlAllowedByPolicy
FNDA:6,generateHolderType
FNDA:5,TrustedValueHolderType
FNDA:0,(anonymous_954)
FNDA:0,sceValueOf
FNDA:0,sceToString
FNDA:0,trustAs
FNDA:1,valueOf
FNDA:1,getTrusted
FNDA:1,$SceProvider
FNDA:0,(anonymous_961)
FNDA:1,(anonymous_962)
FNDA:0,(anonymous_963)
FNDA:0,(anonymous_964)
FNDA:0,sceParseAs
FNDA:0,(anonymous_966)
FNDA:5,(anonymous_967)
FNDA:0,(anonymous_968)
FNDA:1,(anonymous_969)
FNDA:0,(anonymous_970)
FNDA:1,$SnifferProvider
FNDA:1,(anonymous_972)
FNDA:0,(anonymous_973)
FNDA:1,$TemplateRequestProvider
FNDA:1,(anonymous_975)
FNDA:1,handleRequestFn
FNDA:1,(anonymous_977)
FNDA:1,(anonymous_978)
FNDA:1,(anonymous_979)
FNDA:0,handleError
FNDA:1,$$TestabilityProvider
FNDA:1,(anonymous_982)
FNDA:0,(anonymous_983)
FNDA:0,(anonymous_984)
FNDA:0,(anonymous_985)
FNDA:0,(anonymous_986)
FNDA:0,(anonymous_987)
FNDA:0,(anonymous_988)
FNDA:2,(anonymous_989)
FNDA:1,$TimeoutProvider
FNDA:1,(anonymous_991)
FNDA:0,timeout
FNDA:0,(anonymous_993)
FNDA:0,(anonymous_994)
FNDA:5,urlResolve
FNDA:2,urlIsSameOrigin
FNDA:1,$WindowProvider
FNDA:1,$$CookieReader
FNDA:0,safeDecodeURIComponent
FNDA:1,(anonymous_1000)
FNDA:1,$$CookieReaderProvider
FNDA:1,$FilterProvider
FNDA:10,register
FNDA:0,(anonymous_1004)
FNDA:1,(anonymous_1005)
FNDA:0,(anonymous_1006)
FNDA:0,filterFilter
FNDA:0,(anonymous_1008)
FNDA:0,createPredicateFn
FNDA:0,(anonymous_1010)
FNDA:0,(anonymous_1011)
FNDA:0,deepCompare
FNDA:0,(anonymous_1013)
FNDA:0,getTypeForFilter
FNDA:0,currencyFilter
FNDA:0,(anonymous_1016)
FNDA:0,numberFilter
FNDA:0,(anonymous_1018)
FNDA:0,parse
FNDA:0,roundNumber
FNDA:0,(anonymous_1021)
FNDA:0,formatNumber
FNDA:0,(anonymous_1023)
FNDA:0,padNumber
FNDA:16,dateGetter
FNDA:0,(anonymous_1026)
FNDA:4,dateStrGetter
FNDA:0,(anonymous_1028)
FNDA:0,timeZoneGetter
FNDA:0,getFirstThursdayOfYear
FNDA:0,getThursdayThisWeek
FNDA:2,weekGetter
FNDA:0,(anonymous_1033)
FNDA:0,ampmGetter
FNDA:0,eraGetter
FNDA:0,longEraGetter
FNDA:0,dateFilter
FNDA:0,jsonStringToDate
FNDA:0,(anonymous_1039)
FNDA:0,(anonymous_1040)
FNDA:0,jsonFilter
FNDA:0,(anonymous_1042)
FNDA:0,limitToFilter
FNDA:0,(anonymous_1044)
FNDA:0,orderByFilter
FNDA:0,(anonymous_1046)
FNDA:0,(anonymous_1047)
FNDA:0,(anonymous_1048)
FNDA:0,getComparisonObject
FNDA:0,(anonymous_1050)
FNDA:0,doComparison
FNDA:0,processPredicates
FNDA:0,(anonymous_1053)
FNDA:0,(anonymous_1054)
FNDA:0,isPrimitive
FNDA:0,objectValue
FNDA:0,getPredicateValue
FNDA:0,compare
FNDA:7,ngDirective
FNDA:2,(anonymous_1060)
FNDA:0,(anonymous_1061)
FNDA:0,(anonymous_1062)
FNDA:7,(anonymous_1063)
FNDA:0,defaultLinkFn
FNDA:0,ngBooleanAttrWatchAction
FNDA:0,(anonymous_1066)
FNDA:0,(anonymous_1067)
FNDA:5,(anonymous_1068)
FNDA:0,(anonymous_1069)
FNDA:0,(anonymous_1070)
FNDA:0,ngAttrAliasWatchAction
FNDA:3,(anonymous_1072)
FNDA:0,(anonymous_1073)
FNDA:0,(anonymous_1074)
FNDA:0,(anonymous_1075)
FNDA:0,nullFormRenameControl
FNDA:0,FormController
FNDA:0,(anonymous_1078)
FNDA:0,(anonymous_1079)
FNDA:0,(anonymous_1080)
FNDA:0,(anonymous_1081)
FNDA:0,(anonymous_1082)
FNDA:0,(anonymous_1083)
FNDA:0,(anonymous_1084)
FNDA:0,(anonymous_1085)
FNDA:0,(anonymous_1086)
FNDA:0,(anonymous_1087)
FNDA:0,(anonymous_1088)
FNDA:0,(anonymous_1089)
FNDA:0,(anonymous_1090)
FNDA:0,(anonymous_1091)
FNDA:0,(anonymous_1092)
FNDA:0,(anonymous_1093)
FNDA:0,(anonymous_1094)
FNDA:0,(anonymous_1095)
FNDA:2,(anonymous_1096)
FNDA:0,(anonymous_1097)
FNDA:0,ngFormCompile
FNDA:0,ngFormPreLink
FNDA:0,(anonymous_1100)
FNDA:0,(anonymous_1101)
FNDA:0,(anonymous_1102)
FNDA:0,(anonymous_1103)
FNDA:0,(anonymous_1104)
FNDA:0,(anonymous_1105)
FNDA:0,getSetter
FNDA:5,(anonymous_1107)
FNDA:0,stringBasedInputType
FNDA:0,(anonymous_1109)
FNDA:0,textInputType
FNDA:0,baseInputType
FNDA:0,(anonymous_1112)
FNDA:0,(anonymous_1113)
FNDA:0,(anonymous_1114)
FNDA:0,(anonymous_1115)
FNDA:0,(anonymous_1116)
FNDA:0,(anonymous_1117)
FNDA:0,(anonymous_1118)
FNDA:0,(anonymous_1119)
FNDA:0,(anonymous_1120)
FNDA:0,weekParser
FNDA:4,createDateParser
FNDA:0,(anonymous_1123)
FNDA:0,(anonymous_1124)
FNDA:5,createDateInputType
FNDA:0,dynamicDateInputType
FNDA:0,(anonymous_1127)
FNDA:0,(anonymous_1128)
FNDA:0,(anonymous_1129)
FNDA:0,(anonymous_1130)
FNDA:0,(anonymous_1131)
FNDA:0,(anonymous_1132)
FNDA:0,isValidDate
FNDA:0,parseObservedDateValue
FNDA:0,badInputChecker
FNDA:0,(anonymous_1136)
FNDA:0,numberInputType
FNDA:0,(anonymous_1138)
FNDA:0,(anonymous_1139)
FNDA:0,(anonymous_1140)
FNDA:0,(anonymous_1141)
FNDA:0,(anonymous_1142)
FNDA:0,(anonymous_1143)
FNDA:0,urlInputType
FNDA:0,(anonymous_1145)
FNDA:0,emailInputType
FNDA:0,(anonymous_1147)
FNDA:0,radioInputType
FNDA:0,(anonymous_1149)
FNDA:0,(anonymous_1150)
FNDA:0,parseConstantExpr
FNDA:0,checkboxInputType
FNDA:0,(anonymous_1153)
FNDA:0,(anonymous_1154)
FNDA:0,(anonymous_1155)
FNDA:0,(anonymous_1156)
FNDA:0,(anonymous_1157)
FNDA:0,(anonymous_1158)
FNDA:0,(anonymous_1159)
FNDA:0,(anonymous_1160)
FNDA:0,(anonymous_1161)
FNDA:0,ngValueConstantLink
FNDA:0,ngValueLink
FNDA:0,valueWatchAction
FNDA:1,(anonymous_1165)
FNDA:1,ngBindCompile
FNDA:1,ngBindLink
FNDA:2,ngBindWatchAction
FNDA:0,(anonymous_1169)
FNDA:0,ngBindTemplateCompile
FNDA:0,ngBindTemplateLink
FNDA:0,(anonymous_1172)
FNDA:0,(anonymous_1173)
FNDA:0,ngBindHtmlCompile
FNDA:0,getStringValue
FNDA:0,ngBindHtmlLink
FNDA:0,ngBindHtmlWatchAction
FNDA:0,(anonymous_1178)
FNDA:0,(anonymous_1179)
FNDA:3,classDirective
FNDA:0,(anonymous_1181)
FNDA:0,(anonymous_1182)
FNDA:0,(anonymous_1183)
FNDA:0,(anonymous_1184)
FNDA:0,addClasses
FNDA:0,removeClasses
FNDA:0,digestClassCounts
FNDA:0,(anonymous_1188)
FNDA:0,updateClasses
FNDA:0,ngClassWatchAction
FNDA:0,arrayDifference
FNDA:0,arrayClasses
FNDA:0,(anonymous_1193)
FNDA:0,(anonymous_1194)
FNDA:0,(anonymous_1195)
FNDA:0,(anonymous_1196)
FNDA:18,(anonymous_1197)
FNDA:1,(anonymous_1198)
FNDA:1,(anonymous_1199)
FNDA:1,ngEventHandler
FNDA:1,(anonymous_1201)
FNDA:1,(anonymous_1202)
FNDA:0,(anonymous_1203)
FNDA:0,(anonymous_1204)
FNDA:0,ngIfWatchAction
FNDA:0,(anonymous_1206)
FNDA:0,(anonymous_1207)
FNDA:0,(anonymous_1208)
FNDA:0,(anonymous_1209)
FNDA:0,(anonymous_1210)
FNDA:0,(anonymous_1211)
FNDA:0,(anonymous_1212)
FNDA:0,ngIncludeWatchAction
FNDA:0,(anonymous_1214)
FNDA:0,(anonymous_1215)
FNDA:0,(anonymous_1216)
FNDA:0,(anonymous_1217)
FNDA:0,(anonymous_1218)
FNDA:0,(anonymous_1219)
FNDA:0,namespaceAdaptedClone
FNDA:0,(anonymous_1221)
FNDA:0,(anonymous_1222)
FNDA:0,(anonymous_1223)
FNDA:0,(anonymous_1224)
FNDA:0,(anonymous_1225)
FNDA:0,(anonymous_1226)
FNDA:0,(anonymous_1227)
FNDA:0,(anonymous_1228)
FNDA:0,(anonymous_1229)
FNDA:0,(anonymous_1230)
FNDA:0,(anonymous_1231)
FNDA:0,(anonymous_1232)
FNDA:0,(anonymous_1233)
FNDA:0,(anonymous_1234)
FNDA:0,(anonymous_1235)
FNDA:0,(anonymous_1236)
FNDA:0,(anonymous_1237)
FNDA:0,(anonymous_1238)
FNDA:0,(anonymous_1239)
FNDA:0,(anonymous_1240)
FNDA:0,(anonymous_1241)
FNDA:0,(anonymous_1242)
FNDA:0,(anonymous_1243)
FNDA:0,processParseErrors
FNDA:0,(anonymous_1245)
FNDA:0,(anonymous_1246)
FNDA:0,processSyncValidators
FNDA:0,(anonymous_1248)
FNDA:0,(anonymous_1249)
FNDA:0,processAsyncValidators
FNDA:0,(anonymous_1251)
FNDA:0,(anonymous_1252)
FNDA:0,(anonymous_1253)
FNDA:0,(anonymous_1254)
FNDA:0,setValidity
FNDA:0,validationDone
FNDA:0,(anonymous_1257)
FNDA:0,(anonymous_1258)
FNDA:0,(anonymous_1259)
FNDA:0,writeToModelIfNeeded
FNDA:0,(anonymous_1261)
FNDA:0,(anonymous_1262)
FNDA:0,(anonymous_1263)
FNDA:0,(anonymous_1264)
FNDA:0,(anonymous_1265)
FNDA:0,(anonymous_1266)
FNDA:0,ngModelWatch
FNDA:0,(anonymous_1268)
FNDA:0,ngModelCompile
FNDA:0,ngModelPreLink
[...]
BRDA:19466,1676,0,0
BRDA:19466,1676,1,0
BRDA:19467,1677,0,0
BRDA:19467,1677,1,0
BRDA:19468,1678,0,0
BRDA:19468,1678,1,0
BRDA:19481,1679,0,0
BRDA:19481,1679,1,0
BRDA:19482,1680,0,0
BRDA:19482,1680,1,0
BRDA:19483,1681,0,0
BRDA:19483,1681,1,0
BRDA:19484,1682,0,0
BRDA:19484,1682,1,0
BRDA:19487,1683,0,0
BRDA:19487,1683,1,0
BRDA:19491,1684,0,0
BRDA:19491,1684,1,0
BRDA:19491,1685,0,0
BRDA:19491,1685,1,0
BRDA:19497,1686,0,0
BRDA:19497,1686,1,0
BRDA:19507,1687,0,0
BRDA:19507,1687,1,0
BRDA:19513,1688,0,0
BRDA:19513,1688,1,0
BRDA:19514,1689,0,0
BRDA:19514,1689,1,0
BRDA:19555,1690,0,0
BRDA:19555,1690,1,0
BRDA:19684,1691,0,0
BRDA:19684,1691,1,0
BRDA:19689,1692,0,0
BRDA:19689,1692,1,0
BRDA:19691,1693,0,0
BRDA:19691,1693,1,0
BRDA:19692,1694,0,0
BRDA:19692,1694,1,0
BRDA:19692,1695,0,0
BRDA:19692,1695,1,0
BRDA:19694,1696,0,0
BRDA:19694,1696,1,0
BRDA:19694,1697,0,0
BRDA:19694,1697,1,0
BRDA:19695,1698,0,0
BRDA:19695,1698,1,0
BRDA:19697,1699,0,0
BRDA:19697,1699,1,0
BRDA:19700,1700,0,0
BRDA:19700,1700,1,0
BRDA:19906,1701,0,0
BRDA:19906,1701,1,0
BRDA:19908,1702,0,0
BRDA:19908,1702,1,0
BRDA:19909,1703,0,0
BRDA:19909,1703,1,0
BRDA:19915,1704,0,0
BRDA:19915,1704,1,0
BRDA:19939,1705,0,0
BRDA:19939,1705,1,0
BRDA:19946,1706,0,0
BRDA:19946,1706,1,0
BRDA:19950,1707,0,0
BRDA:19950,1707,1,0
BRDA:19952,1708,0,0
BRDA:19952,1708,1,0
BRDA:19953,1709,0,0
BRDA:19953,1709,1,0
BRDA:19953,1710,0,0
BRDA:19953,1710,1,0
BRDA:19954,1711,0,0
BRDA:19954,1711,1,0
BRDA:19957,1712,0,0
BRDA:19957,1712,1,0
BRDA:19959,1713,0,0
BRDA:19959,1713,1,0
BRDA:19970,1714,0,0
BRDA:19970,1714,1,0
BRDA:19970,1714,2,0
BRDA:19970,1714,3,0
BRDA:19982,1715,0,0
BRDA:19982,1715,1,0
BRDA:19984,1716,0,0
BRDA:19984,1716,1,0
BRDA:19987,1717,0,0
BRDA:19987,1717,1,0
BRDA:19989,1718,0,0
BRDA:19989,1718,1,0
BRDA:19997,1719,0,0
BRDA:19997,1719,1,0
BRDA:20000,1720,0,0
BRDA:20000,1720,1,0
BRDA:20002,1721,0,0
BRDA:20002,1721,1,0
BRDA:20010,1722,0,0
BRDA:20010,1722,1,0
BRDA:20011,1723,0,0
BRDA:20011,1723,1,0
BRDA:20012,1724,0,0
BRDA:20012,1724,1,0
BRDA:20015,1725,0,0
BRDA:20015,1725,1,0
BRDA:20022,1726,0,1
BRDA:20022,1726,1,6
BRDA:20027,1727,0,7
BRDA:20027,1727,1,6
BRDA:20047,1728,0,0
BRDA:20047,1728,1,2
BRDA:20047,1729,0,2
BRDA:20047,1729,1,0
BRDA:20050,1730,0,0
BRDA:20050,1730,1,0
BRDA:20053,1731,0,0
BRDA:20053,1731,1,0
BRDA:20057,1732,0,0
BRDA:20057,1732,1,0
BRDA:20398,1733,0,1
BRDA:20398,1733,1,6
BRDA:20409,1734,0,1
BRDA:20409,1734,1,5
BRDA:20412,1735,0,0
BRDA:20412,1735,1,0
BRDA:20435,1736,0,0
BRDA:20435,1736,1,0
BRDA:20435,1737,0,0
BRDA:20435,1737,1,0
BRDA:20437,1738,0,0
BRDA:20437,1738,1,0
BRDA:20461,1739,0,0
BRDA:20461,1739,1,0
BRDA:20461,1740,0,0
BRDA:20461,1740,1,0
BRDA:20469,1741,0,0
BRDA:20469,1741,1,0
BRDA:20470,1742,0,0
BRDA:20470,1742,1,0
BRDA:20482,1743,0,0
BRDA:20482,1743,1,0
BRDA:20482,1744,0,0
BRDA:20482,1744,1,0
BRDA:20558,1745,0,0
BRDA:20558,1745,1,0
BRDA:20558,1745,2,0
BRDA:20627,1746,0,0
BRDA:20627,1746,1,0
BRDA:20638,1747,0,0
BRDA:20638,1747,1,0
BRDA:20662,1748,0,0
BRDA:20662,1748,1,0
BRDA:20662,1749,0,0
BRDA:20662,1749,1,0
BRDA:20694,1750,0,0
BRDA:20694,1750,1,0
BRDA:20698,1751,0,0
BRDA:20698,1751,1,0
BRDA:20705,1752,0,0
BRDA:20705,1752,1,0
BRDA:20709,1753,0,0
BRDA:20709,1753,1,0
BRDA:20956,1754,0,0
BRDA:20956,1754,1,0
BRDA:20963,1755,0,0
BRDA:20963,1755,1,0
BRDA:20963,1756,0,0
BRDA:20963,1756,1,0
BRDA:20963,1757,0,0
BRDA:20963,1757,1,0
BRDA:20970,1758,0,0
BRDA:20970,1758,1,0
BRDA:20997,1759,0,0
BRDA:20997,1759,1,0
BRDA:21000,1760,0,0
BRDA:21000,1760,1,0
BRDA:21002,1761,0,0
BRDA:21002,1761,1,0
BRDA:21005,1762,0,0
BRDA:21005,1762,1,0
BRDA:21025,1763,0,0
BRDA:21025,1763,1,0
BRDA:21029,1764,0,0
BRDA:21029,1764,1,0
BRDA:22133,1765,0,0
BRDA:22133,1765,1,0
BRDA:22148,1766,0,0
BRDA:22148,1766,1,0
BRDA:22164,1767,0,0
BRDA:22164,1767,1,0
BRDA:22168,1768,0,0
BRDA:22168,1768,1,0
BRDA:22170,1769,0,0
BRDA:22170,1769,1,0
BRDA:22175,1770,0,0
BRDA:22175,1770,1,0
BRDA:22175,1771,0,0
BRDA:22175,1771,1,0
BRDA:22175,1771,2,0
BRDA:22182,1772,0,0
BRDA:22182,1772,1,0
BRDA:22182,1773,0,0
BRDA:22182,1773,1,0
BRDA:22182,1773,2,0
BRDA:22189,1774,0,0
BRDA:22189,1774,1,0
BRDA:22193,1775,0,0
BRDA:22193,1775,1,0
BRDA:22196,1776,0,0
BRDA:22196,1776,1,0
BRDA:22196,1777,0,0
BRDA:22196,1777,1,0
BRDA:22208,1778,0,0
BRDA:22208,1778,1,0
BRDA:22208,1779,0,0
BRDA:22208,1779,1,0
BRDA:22208,1779,2,0
BRDA:22208,1779,3,0
BRDA:22208,1779,4,0
BRDA:22214,1780,0,0
BRDA:22214,1780,1,0
BRDA:22227,1781,0,0
BRDA:22227,1781,1,0
BRDA:22227,1782,0,0
BRDA:22227,1782,1,0
BRDA:22227,1782,2,0
BRDA:22229,1783,0,0
BRDA:22229,1783,1,0
BRDA:22235,1784,0,0
BRDA:22235,1784,1,0
BRDA:22235,1785,0,0
BRDA:22235,1785,1,0
BRDA:22245,1786,0,0
BRDA:22245,1786,1,0
BRDA:22246,1787,0,0
BRDA:22246,1787,1,0
BRDA:22253,1788,0,0
BRDA:22253,1788,1,0
BRDA:22257,1789,0,0
BRDA:22257,1789,1,0
BRDA:22260,1790,0,0
BRDA:22260,1790,1,0
BRDA:22270,1791,0,0
BRDA:22270,1791,1,0
BRDA:22288,1792,0,0
BRDA:22288,1792,1,0
BRDA:22292,1793,0,0
BRDA:22292,1793,1,0
BRDA:22296,1794,0,0
BRDA:22296,1794,1,0
BRDA:22296,1795,0,0
BRDA:22296,1795,1,0
BRDA:22299,1796,0,0
BRDA:22299,1796,1,0
BRDA:22305,1797,0,0
BRDA:22305,1797,1,0
BRDA:22307,1798,0,0
BRDA:22307,1798,1,0
BRDA:22322,1799,0,0
BRDA:22322,1799,1,0
BRDA:22326,1800,0,0
BRDA:22326,1800,1,0
BRDA:22326,1801,0,0
BRDA:22326,1801,1,0
BRDA:22338,1802,0,0
BRDA:22338,1802,1,0
BRDA:22338,1802,2,0
BRDA:22343,1803,0,0
BRDA:22343,1803,1,0
BRDA:22344,1804,0,0
BRDA:22344,1804,1,0
BRDA:22349,1805,0,0
BRDA:22349,1805,1,0
BRDA:22358,1806,0,0
BRDA:22358,1806,1,0
BRDA:22358,1807,0,0
BRDA:22358,1807,1,0
BRDA:22361,1808,0,0
BRDA:22361,1808,1,0
BRDA:22363,1809,0,0
BRDA:22363,1809,1,0
BRDA:22363,1810,0,0
BRDA:22363,1810,1,0
BRDA:22373,1811,0,0
BRDA:22373,1811,1,0
BRDA:22373,1812,0,0
BRDA:22373,1812,1,0
BRDA:22376,1813,0,0
BRDA:22376,1813,1,0
BRDA:22376,1813,2,0
BRDA:22384,1814,0,0
BRDA:22384,1814,1,0
BRDA:22384,1815,0,0
BRDA:22384,1815,1,0
BRDA:22387,1816,0,0
BRDA:22387,1816,1,0
BRDA:22387,1816,2,0
BRDA:22397,1817,0,0
BRDA:22397,1817,1,0
BRDA:22397,1818,0,0
BRDA:22397,1818,1,0
BRDA:22401,1819,0,0
BRDA:22401,1819,1,0
BRDA:22401,1820,0,0
BRDA:22401,1820,1,0
BRDA:22401,1821,0,0
BRDA:22401,1821,1,0
BRDA:22409,1822,0,0
BRDA:22409,1822,1,0
BRDA:22411,1823,0,0
BRDA:22411,1823,1,0
BRDA:22416,1824,0,0
BRDA:22416,1824,1,0
BRDA:22416,1825,0,0
BRDA:22416,1825,1,0
BRDA:22427,1826,0,0
BRDA:22427,1826,1,0
BRDA:22428,1827,0,0
BRDA:22428,1827,1,0
BRDA:22433,1828,0,0
BRDA:22433,1828,1,0
BRDA:22434,1829,0,0
BRDA:22434,1829,1,0
BRDA:22442,1830,0,0
BRDA:22442,1830,1,0
BRDA:22442,1831,0,0
BRDA:22442,1831,1,0
BRDA:22445,1832,0,0
BRDA:22445,1832,1,0
BRDA:22445,1832,2,0
BRDA:22449,1833,0,0
BRDA:22449,1833,1,0
BRDA:22449,1834,0,0
BRDA:22449,1834,1,0
BRDA:22452,1835,0,0
BRDA:22452,1835,1,0
BRDA:22452,1836,0,0
BRDA:22452,1836,1,0
BRDA:22458,1837,0,0
BRDA:22458,1837,1,0
BRDA:22458,1838,0,0
BRDA:22458,1838,1,0
BRDA:22461,1839,0,0
BRDA:22461,1839,1,0
BRDA:22461,1839,2,0
BRDA:22465,1840,0,0
BRDA:22465,1840,1,0
BRDA:22465,1841,0,0
BRDA:22465,1841,1,0
BRDA:22468,1842,0,0
BRDA:22468,1842,1,0
BRDA:22468,1843,0,0
BRDA:22468,1843,1,0
BRDA:22483,1844,0,0
BRDA:22483,1844,1,0
BRDA:22484,1845,0,0
BRDA:22484,1845,1,0
BRDA:22496,1846,0,0
BRDA:22496,1846,1,0
BRDA:22497,1847,0,0
BRDA:22497,1847,1,0
BRDA:22503,1848,0,0
BRDA:22503,1848,1,0
BRDA:22508,1849,0,0
BRDA:22508,1849,1,0
BRDA:22509,1850,0,0
BRDA:22509,1850,1,0
BRDA:22525,1851,0,0
BRDA:22525,1851,1,0
BRDA:22527,1852,0,0
BRDA:22527,1852,1,0
BRDA:22541,1853,0,0
BRDA:22541,1853,1,0
BRDA:22562,1854,0,0
BRDA:22562,1854,1,0
BRDA:22747,1855,0,0
BRDA:22747,1855,1,0
BRDA:22748,1856,0,0
BRDA:22748,1856,1,0
BRDA:22821,1857,0,0
BRDA:22821,1857,1,0
BRDA:22896,1858,0,1
BRDA:22896,1858,1,1
BRDA:22964,1859,0,0
BRDA:22964,1859,1,0
BRDA:23025,1860,0,0
BRDA:23025,1860,1,0
BRDA:23035,1861,0,0
BRDA:23035,1861,1,0
BRDA:23134,1862,0,0
BRDA:23134,1862,1,0
BRDA:23138,1863,0,0
BRDA:23138,1863,1,0
BRDA:23140,1864,0,0
BRDA:23140,1864,1,0
BRDA:23160,1865,0,0
BRDA:23160,1865,1,0
BRDA:23163,1866,0,0
BRDA:23163,1866,1,0
BRDA:23163,1867,0,0
BRDA:23163,1867,1,0
BRDA:23164,1868,0,0
BRDA:23164,1868,1,0
BRDA:23165,1869,0,0
BRDA:23165,1869,1,0
BRDA:23179,1870,0,0
BRDA:23179,1870,1,0
BRDA:23179,1871,0,0
BRDA:23179,1871,1,0
BRDA:23182,1872,0,0
BRDA:23182,1872,1,0
BRDA:23182,1873,0,0
BRDA:23182,1873,1,0
BRDA:23188,1874,0,0
BRDA:23188,1874,1,0
BRDA:23188,1875,0,0
BRDA:23188,1875,1,0
BRDA:23189,1876,0,0
BRDA:23189,1876,1,0
BRDA:23190,1877,0,0
BRDA:23190,1877,1,0
BRDA:23192,1878,0,0
BRDA:23192,1878,1,0
BRDA:23209,1879,0,0
BRDA:23209,1879,1,0
BRDA:23218,1880,0,0
BRDA:23218,1880,1,0
BRDA:23223,1881,0,0
BRDA:23223,1881,1,0
BRDA:23225,1882,0,0
BRDA:23225,1882,1,0
BRDA:23227,1883,0,0
BRDA:23227,1883,1,0
BRDA:24073,1884,0,0
BRDA:24073,1884,1,1
BRDA:24073,1885,0,1
BRDA:24073,1885,1,0
BRDA:24582,1886,0,0
BRDA:24582,1886,1,0
BRDA:24583,1887,0,0
BRDA:24583,1887,1,0
BRDA:24597,1888,0,0
BRDA:24597,1888,1,0
BRDA:24601,1889,0,0
BRDA:24601,1889,1,0
BRDA:24605,1890,0,0
BRDA:24605,1890,1,0
BRDA:24810,1891,0,0
BRDA:24810,1891,1,0
BRDA:24811,1892,0,0
BRDA:24811,1892,1,0
BRDA:24821,1893,0,0
BRDA:24821,1893,1,0
BRDA:24825,1894,0,0
BRDA:24825,1894,1,0
BRDA:24829,1895,0,0
BRDA:24829,1895,1,0
BRDA:24840,1896,0,0
BRDA:24840,1896,1,0
BRDA:24840,1897,0,0
BRDA:24840,1897,1,0
BRDA:24840,1897,2,0
BRDA:24846,1898,0,0
BRDA:24846,1898,1,0
BRDA:24850,1899,0,0
BRDA:24850,1899,1,0
BRDA:24852,1900,0,0
BRDA:24852,1900,1,0
BRDA:24873,1901,0,0
BRDA:24873,1901,1,0
BRDA:24875,1902,0,0
BRDA:24875,1902,1,0
BRDA:24903,1903,0,0
BRDA:24903,1903,1,0
BRDA:25082,1904,0,0
BRDA:25082,1904,1,0
BRDA:25084,1905,0,0
BRDA:25084,1905,1,0
BRDA:25088,1906,0,0
BRDA:25088,1906,1,0
BRDA:25092,1907,0,0
BRDA:25092,1907,1,0
BRDA:25094,1908,0,0
BRDA:25094,1908,1,0
BRDA:25094,1909,0,0
BRDA:25094,1909,1,0
BRDA:25103,1910,0,0
BRDA:25103,1910,1,0
BRDA:25112,1911,0,0
BRDA:25112,1911,1,0
BRDA:25355,1912,0,0
BRDA:25355,1912,1,0
BRDA:25368,1913,0,0
BRDA:25368,1913,1,0
BRDA:25368,1914,0,0
BRDA:25368,1914,1,0
BRDA:25374,1915,0,0
BRDA:25374,1915,1,0
BRDA:25380,1916,0,0
BRDA:25380,1916,1,0
BRDA:25386,1917,0,0
BRDA:25386,1917,1,0
BRDA:25433,1918,0,0
BRDA:25433,1918,1,0
BRDA:25433,1918,2,0
BRDA:25433,1918,3,0
BRDA:25652,1919,0,0
BRDA:25652,1919,1,0
BRDA:25652,1920,0,0
BRDA:25652,1920,1,0
BRDA:25666,1921,0,0
BRDA:25666,1921,1,0
BRDA:25671,1922,0,0
BRDA:25671,1922,1,0
BRDA:25671,1923,0,0
BRDA:25671,1923,1,0
BRDA:25676,1924,0,0
BRDA:25676,1924,1,0
BRDA:25678,1925,0,0
BRDA:25678,1925,1,0
BRDA:25691,1926,0,0
BRDA:25691,1926,1,0
BRDA:25695,1927,0,0
BRDA:25695,1927,1,0
BRDA:25702,1928,0,0
BRDA:25702,1928,1,0
BRDA:25703,1929,0,0
BRDA:25703,1929,1,0
BRDA:25706,1930,0,0
BRDA:25706,1930,1,0
BRDA:25725,1931,0,0
BRDA:25725,1931,1,0
BRDA:25728,1932,0,0
BRDA:25728,1932,1,0
BRDA:25742,1933,0,0
BRDA:25742,1933,1,0
BRDA:25754,1934,0,0
BRDA:25754,1934,1,0
BRDA:25764,1935,0,0
BRDA:25764,1935,1,0
BRDA:25770,1936,0,0
BRDA:25770,1936,1,0
BRDA:25796,1937,0,0
BRDA:25796,1937,1,0
BRDA:25796,1938,0,0
BRDA:25796,1938,1,0
BRDA:25796,1938,2,0
BRDA:25802,1939,0,0
BRDA:25802,1939,1,0
BRDA:25811,1940,0,0
BRDA:25811,1940,1,0
BRDA:25813,1941,0,0
BRDA:25813,1941,1,0
BRDA:25816,1942,0,0
BRDA:25816,1942,1,0
BRDA:25822,1943,0,0
BRDA:25822,1943,1,0
BRDA:25822,1944,0,0
BRDA:25822,1944,1,0
BRDA:25827,1945,0,0
BRDA:25827,1945,1,0
BRDA:25830,1946,0,0
BRDA:25830,1946,1,0
BRDA:25838,1947,0,0
BRDA:25838,1947,1,0
BRDA:25843,1948,0,0
BRDA:25843,1948,1,0
BRDA:25849,1949,0,0
BRDA:25849,1949,1,0
BRDA:25918,1950,0,0
BRDA:25918,1950,1,0
BRDA:25918,1951,0,0
BRDA:25918,1951,1,0
BRDA:25928,1952,0,0
BRDA:25928,1952,1,0
BRDA:25928,1953,0,0
BRDA:25928,1953,1,0
BRDA:25930,1954,0,0
BRDA:25930,1954,1,0
BRDA:25932,1955,0,0
BRDA:25932,1955,1,0
BRDA:25934,1956,0,0
BRDA:25934,1956,1,0
BRDA:25940,1957,0,0
BRDA:25940,1957,1,0
BRDA:25944,1958,0,0
BRDA:25944,1958,1,0
BRDA:25966,1959,0,0
BRDA:25966,1959,1,0
BRDA:25966,1960,0,0
BRDA:25966,1960,1,0
BRDA:25966,1960,2,0
BRDA:25980,1961,0,0
BRDA:25980,1961,1,0
BRDA:26192,1962,0,0
BRDA:26192,1962,1,0
BRDA:26194,1963,0,0
BRDA:26194,1963,1,0
BRDA:26200,1964,0,0
BRDA:26200,1964,1,0
BRDA:26211,1965,0,0
BRDA:26211,1965,1,0
BRDA:26211,1966,0,0
BRDA:26211,1966,1,0
BRDA:26213,1967,0,0
BRDA:26213,1967,1,0
BRDA:26218,1968,0,0
BRDA:26218,1968,1,0
BRDA:26220,1969,0,0
BRDA:26220,1969,1,0
BRDA:26402,1970,0,0
BRDA:26402,1970,1,0
BRDA:26432,1971,0,0
BRDA:26432,1971,1,0
BRDA:26437,1972,0,0
BRDA:26437,1972,1,0
BRDA:26441,1973,0,0
BRDA:26441,1973,1,0
BRDA:26449,1974,0,0
BRDA:26449,1974,1,0
BRDA:26465,1975,0,0
BRDA:26465,1975,1,0
BRDA:26465,1976,0,0
BRDA:26465,1976,1,0
BRDA:26467,1977,0,0
BRDA:26467,1977,1,0
BRDA:26469,1978,0,0
BRDA:26469,1978,1,0
BRDA:26480,1979,0,0
BRDA:26480,1979,1,0
BRDA:26487,1980,0,0
BRDA:26487,1980,1,0
BRDA:26490,1981,0,0
BRDA:26490,1981,1,0
BRDA:26496,1982,0,0
BRDA:26496,1982,1,0
BRDA:26496,1983,0,0
BRDA:26496,1983,1,0
BRDA:26499,1984,0,0
BRDA:26499,1984,1,0
BRDA:26499,1985,0,0
BRDA:26499,1985,1,0
BRDA:26506,1986,0,0
BRDA:26506,1986,1,0
BRDA:26514,1987,0,0
BRDA:26514,1987,1,0
BRDA:26516,1988,0,0
BRDA:26516,1988,1,0
BRDA:26808,1989,0,0
BRDA:26808,1989,1,0
BRDA:26819,1990,0,0
BRDA:26819,1990,1,0
BRDA:26824,1991,0,0
BRDA:26824,1991,1,0
BRDA:26828,1992,0,0
BRDA:26828,1992,1,0
BRDA:26829,1993,0,0
BRDA:26829,1993,1,0
BRDA:26830,1994,0,0
BRDA:26830,1994,1,0
BRDA:26831,1995,0,0
BRDA:26831,1995,1,0
BRDA:26836,1996,0,0
BRDA:26836,1996,1,0
BRDA:26843,1997,0,0
BRDA:26843,1997,1,0
BRDA:26844,1998,0,0
BRDA:26844,1998,1,0
BRDA:26845,1999,0,0
BRDA:26845,1999,1,0
BRDA:26849,2000,0,0
BRDA:26849,2000,1,0
BRDA:26870,2001,0,0
BRDA:26870,2001,1,0
BRDA:26870,2002,0,0
BRDA:26870,2002,1,0
BRDA:26876,2003,0,0
BRDA:26876,2003,1,0
BRDA:26876,2004,0,0
BRDA:26876,2004,1,0
BRDA:26892,2005,0,0
BRDA:26892,2005,1,0
BRDA:26897,2006,0,0
BRDA:26897,2006,1,0
BRDA:26905,2007,0,0
BRDA:26905,2007,1,0
BRDA:26905,2008,0,0
BRDA:26905,2008,1,0
BRDA:26911,2009,0,0
BRDA:26911,2009,1,0
BRDA:26926,2010,0,0
BRDA:26926,2010,1,0
BRDA:26931,2011,0,0
BRDA:26931,2011,1,0
BRDA:26954,2012,0,0
BRDA:26954,2012,1,0
BRDA:26972,2013,0,0
BRDA:26972,2013,1,0
BRDA:26981,2014,0,0
BRDA:26981,2014,1,0
BRDA:26997,2015,0,0
BRDA:26997,2015,1,0
BRDA:27006,2016,0,0
BRDA:27006,2016,1,0
BRDA:27024,2017,0,0
BRDA:27024,2017,1,0
BRDA:27029,2018,0,0
BRDA:27029,2018,1,0
BRDA:27029,2019,0,0
BRDA:27029,2019,1,0
BRDA:27035,2020,0,0
BRDA:27035,2020,1,0
BRDA:27045,2021,0,0
BRDA:27045,2021,1,0
BRDA:27045,2022,0,0
BRDA:27045,2022,1,0
BRDA:27059,2023,0,0
BRDA:27059,2023,1,0
BRDA:27059,2024,0,0
BRDA:27059,2024,1,0
BRDA:27069,2025,0,0
BRDA:27069,2025,1,0
BRDA:27079,2026,0,0
BRDA:27079,2026,1,0
BRDA:27088,2027,0,0
BRDA:27088,2027,1,0
BRDA:27091,2028,0,0
BRDA:27091,2028,1,0
BRDA:27091,2029,0,0
BRDA:27091,2029,1,0
BRDA:27098,2030,0,0
BRDA:27098,2030,1,0
BRDA:27103,2031,0,0
BRDA:27103,2031,1,0
BRDA:27103,2032,0,0
BRDA:27103,2032,1,0
BRDA:27111,2033,0,0
BRDA:27111,2033,1,0
BRDA:27114,2034,0,0
BRDA:27114,2034,1,0
BRDA:27127,2035,0,0
BRDA:27127,2035,1,0
BRDA:27161,2036,0,0
BRDA:27161,2036,1,0
BRDA:27165,2037,0,0
BRDA:27165,2037,1,0
BRDA:27171,2038,0,0
BRDA:27171,2038,1,0
BRDA:27171,2039,0,0
BRDA:27171,2039,1,0
BRDA:27177,2040,0,0
BRDA:27177,2040,1,0
BRDA:27200,2041,0,0
BRDA:27200,2041,1,0
BRDA:27201,2042,0,0
BRDA:27201,2042,1,0
BRDA:27206,2043,0,0
BRDA:27206,2043,1,0
BRDA:27206,2044,0,0
BRDA:27206,2044,1,0
BRDA:27207,2045,0,0
BRDA:27207,2045,1,0
BRDA:27207,2045,2,0
BRDA:27207,2045,3,0
BRDA:27207,2045,4,0
BRDA:27207,2045,5,0
BRDA:27221,2046,0,0
BRDA:27221,2046,1,0
BRDA:27229,2047,0,0
BRDA:27229,2047,1,0
BRDA:27240,2048,0,0
BRDA:27240,2048,1,0
BRDA:27246,2049,0,0
BRDA:27246,2049,1,0
BRDA:27299,2050,0,0
BRDA:27299,2050,1,0
BRDA:27301,2051,0,0
BRDA:27301,2051,1,0
BRDA:27302,2052,0,0
BRDA:27302,2052,1,0
BRDA:27302,2053,0,0
BRDA:27302,2053,1,0
BRDA:27509,2054,0,0
BRDA:27509,2054,1,0
BRDA:27510,2055,0,0
BRDA:27510,2055,1,0
BRDA:27511,2056,0,0
BRDA:27511,2056,1,0
BRDA:27521,2057,0,0
BRDA:27521,2057,1,0
BRDA:27522,2058,0,0
BRDA:27522,2058,1,0
BRDA:27535,2059,0,0
BRDA:27535,2059,1,0
BRDA:27535,2060,0,0
BRDA:27535,2060,1,0
BRDA:27543,2061,0,0
BRDA:27543,2061,1,0
BRDA:27543,2062,0,0
BRDA:27543,2062,1,0
BRDA:27543,2063,0,0
BRDA:27543,2063,1,0
BRDA:27543,2063,2,0
BRDA:27546,2064,0,0
BRDA:27546,2064,1,0
BRDA:27547,2065,0,0
BRDA:27547,2065,1,0
BRDA:27560,2066,0,0
BRDA:27560,2066,1,0
BRDA:27882,2067,0,0
BRDA:27882,2067,1,0
BRDA:27886,2068,0,0
BRDA:27886,2068,1,0
BRDA:27914,2069,0,0
BRDA:27914,2069,1,0
BRDA:27926,2070,0,0
BRDA:27926,2070,1,0
BRDA:27930,2071,0,0
BRDA:27930,2071,1,0
BRDA:27933,2072,0,0
BRDA:27933,2072,1,0
BRDA:27933,2073,0,0
BRDA:27933,2073,1,0
BRDA:27933,2073,2,0
BRDA:27942,2074,0,0
BRDA:27942,2074,1,0
BRDA:27955,2075,0,0
BRDA:27955,2075,1,0
BRDA:27958,2076,0,0
BRDA:27958,2076,1,0
BRDA:27993,2077,0,0
BRDA:27993,2077,1,0
BRDA:27997,2078,0,0
BRDA:27997,2078,1,0
BRDA:27999,2079,0,0
BRDA:27999,2079,1,0
BRDA:28001,2080,0,0
BRDA:28001,2080,1,0
BRDA:28005,2081,0,0
BRDA:28005,2081,1,0
BRDA:28005,2082,0,0
BRDA:28005,2082,1,0
BRDA:28016,2083,0,0
BRDA:28016,2083,1,0
BRDA:28019,2084,0,0
BRDA:28019,2084,1,0
BRDA:28025,2085,0,0
BRDA:28025,2085,1,0
BRDA:28028,2086,0,0
BRDA:28028,2086,1,0
BRDA:28028,2087,0,0
BRDA:28028,2087,1,0
BRDA:28045,2088,0,0
BRDA:28045,2088,1,0
BRDA:28057,2089,0,0
BRDA:28057,2089,1,0
BRDA:28061,2090,0,0
BRDA:28061,2090,1,0
BRDA:28070,2091,0,0
BRDA:28070,2091,1,0
BRDA:28072,2092,0,0
BRDA:28072,2092,1,0
BRDA:28271,2093,0,0
BRDA:28271,2093,1,0
BRDA:28430,2094,0,0
BRDA:28430,2094,1,0
BRDA:28486,2095,0,0
BRDA:28486,2095,1,0
BRDA:28486,2096,0,0
BRDA:28486,2096,1,0
BRDA:28489,2097,0,0
BRDA:28489,2097,1,0
BRDA:28629,2098,0,0
BRDA:28629,2098,1,0
BRDA:28656,2099,0,0
BRDA:28656,2099,1,0
BRDA:28656,2100,0,0
BRDA:28656,2100,1,0
BRDA:28680,2101,0,0
BRDA:28680,2101,1,0
BRDA:28691,2102,0,0
BRDA:28691,2102,1,0
BRDA:28753,2103,0,0
BRDA:28753,2103,1,0
BRDA:28806,2104,0,0
BRDA:28806,2104,1,9
BRDA:28822,2105,0,0
BRDA:28822,2105,1,0
BRDA:28864,2106,0,0
BRDA:28864,2106,1,0
BRDA:28879,2107,0,0
BRDA:28879,2107,1,0
BRDA:28882,2108,0,0
BRDA:28882,2108,1,0
BRDA:28884,2109,0,0
BRDA:28884,2109,1,0
BRDA:28884,2110,0,0
BRDA:28884,2110,1,0
BRDA:28897,2111,0,0
BRDA:28897,2111,1,0
BRDA:28900,2112,0,0
BRDA:28900,2112,1,0
BRDA:28903,2113,0,0
BRDA:28903,2113,1,0
BRDA:28912,2114,0,0
BRDA:28912,2114,1,0
BRDA:28913,2115,0,0
BRDA:28913,2115,1,0
BRDA:28915,2116,0,0
BRDA:28915,2116,1,0
BRDA:28932,2117,0,0
BRDA:28932,2117,1,0
BRDA:28936,2118,0,0
BRDA:28936,2118,1,0
BRDA:28942,2119,0,0
BRDA:28942,2119,1,0
BRDA:28946,2120,0,0
BRDA:28946,2120,1,0
BRDA:29184,2121,0,0
BRDA:29184,2121,1,0
BRDA:29203,2122,0,0
BRDA:29203,2122,1,0
BRDA:29209,2123,0,0
BRDA:29209,2123,1,0
BRDA:29228,2124,0,0
BRDA:29228,2124,1,0
BRDA:29228,2125,0,0
BRDA:29228,2125,1,0
BRDA:29238,2126,0,0
BRDA:29238,2126,1,0
BRDA:29247,2127,0,0
BRDA:29247,2127,1,0
BRDA:29271,2128,0,0
BRDA:29271,2128,1,0
BRDA:29278,2129,0,0
BRDA:29278,2129,1,0
BRDA:29288,2130,0,0
BRDA:29288,2130,1,0
BRDA:29291,2131,0,0
BRDA:29291,2131,1,0
BRDA:29367,2132,0,0
BRDA:29367,2132,1,0
BRDA:29371,2133,0,0
BRDA:29371,2133,1,0
BRDA:29461,2134,0,0
BRDA:29461,2134,1,0
BRDA:29463,2135,0,0
BRDA:29463,2135,1,0
BRDA:29465,2136,0,0
BRDA:29465,2136,1,0
BRDA:29465,2137,0,0
BRDA:29465,2137,1,0
BRDA:29469,2138,0,0
BRDA:29469,2138,1,0
BRDA:29469,2139,0,0
BRDA:29469,2139,1,0
BRDA:29475,2140,0,0
BRDA:29475,2140,1,0
BRDA:29481,2141,0,0
BRDA:29481,2141,1,0
BRDA:29481,2141,2,0
BRDA:29558,2142,0,0
BRDA:29558,2142,1,0
BRDA:29563,2143,0,0
BRDA:29563,2143,1,0
BRDA:29567,2144,0,0
BRDA:29567,2144,1,0
BRDA:29567,2144,2,0
BRDA:29642,2145,0,0
BRDA:29642,2145,1,0
BRDA:29646,2146,0,0
BRDA:29646,2146,1,0
BRDA:29650,2147,0,0
BRDA:29650,2147,1,0
BRDA:29656,2148,0,0
BRDA:29656,2148,1,1
BRDA:29658,2149,0,0
BRDA:29658,2149,1,0
BRDA:29675,2150,0,0
BRDA:29675,2150,1,0
BRDA:29681,2151,0,0
BRDA:29681,2151,1,0
BRDA:29809,2152,0,0
BRDA:29809,2152,1,0
BRDA:29809,2153,0,0
BRDA:29809,2153,1,0
BRDA:29819,2154,0,1
BRDA:29819,2154,1,1
BRF:4514
BRH:1086
end_of_record
TN:
SF:c:\Users\mbiel\Desktop\WORKSPACE\angular-seed\angular-seed\app\components\version\version-directive.js
FN:5,(anonymous_1)
FN:6,(anonymous_2)
FNF:2
FNH:2
FNDA:1,(anonymous_1)
FNDA:1,(anonymous_2)
DA:3,1
DA:6,1
DA:7,1
LF:3
LH:3
BRF:0
BRH:0
end_of_record
